#
# There is insufficient memory for the Java Runtime Environment to continue.
# Native memory allocation (malloc) failed to allocate 20447232 bytes for committing reserved memory.
# Possible reasons:
#   The system is out of physical RAM or swap space
#   In 32 bit mode, the process size limit was hit
# Possible solutions:
#   Reduce memory load on the system
#   Increase physical memory or swap space
#   Check if swap backing store is full
#   Use 64 bit Java on a 64 bit OS
#   Decrease Java heap size (-Xmx/-Xms)
#   Decrease number of Java threads
#   Decrease Java thread stack sizes (-Xss)
#   Set larger code cache with -XX:ReservedCodeCacheSize=
# This output file may be truncated or incomplete.
#
#  Out of Memory Error (os_linux.cpp:2798), pid=4910, tid=1744329536
#
# JRE version: OpenJDK Runtime Environment (7.0_75-b13) (build 1.7.0_75-b13)
# Java VM: OpenJDK Server VM (24.75-b04 mixed mode linux-x86 )
# Derivative: IcedTea 2.5.4
# Distribution: Custom build (Fri Jan 23 12:16:03 UTC 2015)
# Failed to write core dump. Core dumps have been disabled. To enable core dumping, try "ulimit -c unlimited" before starting Java again
#

---------------  T H R E A D  ---------------

Current thread (0x67e10400):  VMThread [stack: 0x67f05000,0x67f86000] [id=4917]

Stack: [0x67f05000,0x67f86000]
VM_Operation (0xb641e924): ParallelGCFailedAllocation, mode: safepoint, requested by thread 0xb6206c00


---------------  P R O C E S S  ---------------

Java Threads: ( => current thread )
  0x67e2b800 JavaThread "Service Thread" daemon [_thread_blocked, id=4923, stack(0x67a31000,0x67a82000)]
  0x67e29c00 JavaThread "C2 CompilerThread1" daemon [_thread_blocked, id=4922, stack(0x67a82000,0x67b03000)]
  0x67e27c00 JavaThread "C2 CompilerThread0" daemon [_thread_blocked, id=4921, stack(0x67b03000,0x67b84000)]
  0x67e26400 JavaThread "Signal Dispatcher" daemon [_thread_blocked, id=4920, stack(0x67b84000,0x67bd5000)]
  0x67e14400 JavaThread "Finalizer" daemon [_thread_blocked, id=4919, stack(0x67d5e000,0x67daf000)]
  0x67e12c00 JavaThread "Reference Handler" daemon [_thread_blocked, id=4918, stack(0x67daf000,0x67e00000)]
  0xb6206c00 JavaThread "main" [_thread_blocked, id=4914, stack(0xb63cf000,0xb6420000)]

Other Threads:
=>0x67e10400 VMThread [stack: 0x67f05000,0x67f86000] [id=4917]
  0x67e2d800 WatcherThread [stack: 0x679b0000,0x67a31000] [id=4924]

VM state:at safepoint (normal execution)

VM Mutex/Monitor currently owned by a thread:  ([mutex/lock_event])
[0xb6205170] Threads_lock - owner thread: 0x67e10400
[0xb6205580] Heap_lock - owner thread: 0xb6206c00

Heap
 PSYoungGen      total 16640K, used 1280K [0x9dbc0000, 0x9ed40000, 0xb3140000)
  eden space 15360K, 0% used [0x9dbc0000,0x9dbc0000,0x9eac0000)
  from space 1280K, 100% used [0x9eac0000,0x9ec00000,0x9ec00000)
  to   space 1280K, 0% used [0x9ec00000,0x9ec00000,0x9ed40000)
 ParOldGen       total 19968K, used 7435K [0x73140000, 0x744c0000, 0x9dbc0000)
  object space 19968K, 37% used [0x73140000,0x73882d08,0x744c0000)
 PSPermGen       total 16384K, used 3941K [0x6b140000, 0x6c140000, 0x73140000)
  object space 16384K, 24% used [0x6b140000,0x6b5195f0,0x6c140000)

Card table byte_map: [0x6aeff000,0x6b140000] byte_map_base: 0x6aba6600

Polling page: 0xb7767000

Code Cache  [0xb3200000, 0xb3440000, 0xb6200000)
 total_blobs=417 nmethods=298 adapters=73 free_code_cache=48099Kb largest_free_block=49214656

Compilation events (10 events):
Event: 4.744 Thread 0x67e29c00 nmethod 292 0xb32fda48 code [0xb32fdc60, 0xb32fe8ec]
Event: 4.744 Thread 0x67e29c00  295             com.android.dx.cf.code.RopperMachine::getSources (264 bytes)
Event: 4.748 Thread 0x67e27c00 nmethod 294 0xb32edf48 code [0xb32ee100, 0xb32ee6c4]
Event: 4.748 Thread 0x67e27c00  296             com.android.dx.ssa.SsaRenamer$BlockRenamer::processResultReg (56 bytes)
Event: 4.750 Thread 0x67e27c00 nmethod 296 0xb32babc8 code [0xb32bace0, 0xb32bade4]
Event: 4.750 Thread 0x67e27c00  297             com.android.dx.ssa.SsaMethod::getExitBlockIndex (5 bytes)
Event: 4.750 Thread 0x67e27c00 nmethod 297 0xb32baa48 code [0xb32bab20, 0xb32bab70]
Event: 4.750 Thread 0x67e27c00  298             com.android.dx.rop.code.Rop::canThrow (18 bytes)
Event: 4.751 Thread 0x67e27c00 nmethod 298 0xb32f4a08 code [0xb32f4b00, 0xb32f4b90]
Event: 4.751 Thread 0x67e27c00  299             com.android.dx.ssa.SCCP::addUsersToWorklist (103 bytes)

GC Heap History (9 events):
Event: 2.777 GC heap before
{Heap before GC invocations=1 (full 0):
 PSYoungGen      total 8960K, used 7680K [0x9dbc0000, 0x9e5c0000, 0xb3140000)
  eden space 7680K, 100% used [0x9dbc0000,0x9e340000,0x9e340000)
  from space 1280K, 0% used [0x9e480000,0x9e480000,0x9e5c0000)
  to   space 1280K, 0% used [0x9e340000,0x9e340000,0x9e480000)
 ParOldGen       total 19968K, used 0K [0x73140000, 0x744c0000, 0x9dbc0000)
  object space 19968K, 0% used [0x73140000,0x73140000,0x744c0000)
 PSPermGen       total 16384K, used 3713K [0x6b140000, 0x6c140000, 0x73140000)
  object space 16384K, 22% used [0x6b140000,0x6b4e0428,0x6c140000)
Event: 2.782 GC heap after
Heap after GC invocations=1 (full 0):
 PSYoungGen      total 8960K, used 1279K [0x9dbc0000, 0x9e5c0000, 0xb3140000)
  eden space 7680K, 0% used [0x9dbc0000,0x9dbc0000,0x9e340000)
  from space 1280K, 99% used [0x9e340000,0x9e47fc28,0x9e480000)
  to   space 1280K, 0% used [0x9e480000,0x9e480000,0x9e5c0000)
 ParOldGen       total 19968K, used 1279K [0x73140000, 0x744c0000, 0x9dbc0000)
  object space 19968K, 6% used [0x73140000,0x7327fe48,0x744c0000)
 PSPermGen       total 16384K, used 3713K [0x6b140000, 0x6c140000, 0x73140000)
  object space 16384K, 22% used [0x6b140000,0x6b4e0428,0x6c140000)
}
Event: 3.306 GC heap before
{Heap before GC invocations=2 (full 0):
 PSYoungGen      total 8960K, used 8959K [0x9dbc0000, 0x9e5c0000, 0xb3140000)
  eden space 7680K, 100% used [0x9dbc0000,0x9e340000,0x9e340000)
  from space 1280K, 99% used [0x9e340000,0x9e47fc28,0x9e480000)
  to   space 1280K, 0% used [0x9e480000,0x9e480000,0x9e5c0000)
 ParOldGen       total 19968K, used 1279K [0x73140000, 0x744c0000, 0x9dbc0000)
  object space 19968K, 6% used [0x73140000,0x7327fe48,0x744c0000)
 PSPermGen       total 16384K, used 3820K [0x6b140000, 0x6c140000, 0x73140000)
  object space 16384K, 23% used [0x6b140000,0x6b4fb0b0,0x6c140000)
Event: 3.319 GC heap after
Heap after GC invocations=2 (full 0):
 PSYoungGen      total 8960K, used 1264K [0x9dbc0000, 0x9ed40000, 0xb3140000)
  eden space 7680K, 0% used [0x9dbc0000,0x9dbc0000,0x9e340000)
  from space 1280K, 98% used [0x9e480000,0x9e5bc060,0x9e5c0000)
  to   space 1280K, 0% used [0x9e340000,0x9e340000,0x9e480000)
 ParOldGen       total 19968K, used 2346K [0x73140000, 0x744c0000, 0x9dbc0000)
  object space 19968K, 11% used [0x73140000,0x7338a8f0,0x744c0000)
 PSPermGen       total 16384K, used 3820K [0x6b140000, 0x6c140000, 0x73140000)
  object space 16384K, 23% used [0x6b140000,0x6b4fb0b0,0x6c140000)
}
Event: 3.765 GC heap before
{Heap before GC invocations=3 (full 0):
 PSYoungGen      total 8960K, used 8944K [0x9dbc0000, 0x9ed40000, 0xb3140000)
  eden space 7680K, 100% used [0x9dbc0000,0x9e340000,0x9e340000)
  from space 1280K, 98% used [0x9e480000,0x9e5bc060,0x9e5c0000)
  to   space 1280K, 0% used [0x9e340000,0x9e340000,0x9e480000)
 ParOldGen       total 19968K, used 2346K [0x73140000, 0x744c0000, 0x9dbc0000)
  object space 19968K, 11% used [0x73140000,0x7338a8f0,0x744c0000)
 PSPermGen       total 16384K, used 3902K [0x6b140000, 0x6c140000, 0x73140000)
  object space 16384K, 23% used [0x6b140000,0x6b50fbb8,0x6c140000)
Event: 3.780 GC heap after
Heap after GC invocations=3 (full 0):
 PSYoungGen      total 8960K, used 1264K [0x9dbc0000, 0x9ed40000, 0xb3140000)
  eden space 7680K, 0% used [0x9dbc0000,0x9dbc0000,0x9e340000)
  from space 1280K, 98% used [0x9e340000,0x9e47c050,0x9e480000)
  to   space 1280K, 0% used [0x9ec00000,0x9ec00000,0x9ed40000)
 ParOldGen       total 19968K, used 3730K [0x73140000, 0x744c0000, 0x9dbc0000)
  object space 19968K, 18% used [0x73140000,0x734e4b78,0x744c0000)
 PSPermGen       total 16384K, used 3902K [0x6b140000, 0x6c140000, 0x73140000)
  object space 16384K, 23% used [0x6b140000,0x6b50fbb8,0x6c140000)
}
Event: 4.183 GC heap before
{Heap before GC invocations=4 (full 0):
 PSYoungGen      total 8960K, used 8944K [0x9dbc0000, 0x9ed40000, 0xb3140000)
  eden space 7680K, 100% used [0x9dbc0000,0x9e340000,0x9e340000)
  from space 1280K, 98% used [0x9e340000,0x9e47c050,0x9e480000)
  to   space 1280K, 0% used [0x9ec00000,0x9ec00000,0x9ed40000)
 ParOldGen       total 19968K, used 3730K [0x73140000, 0x744c0000, 0x9dbc0000)
  object space 19968K, 18% used [0x73140000,0x734e4b78,0x744c0000)
 PSPermGen       total 16384K, used 3922K [0x6b140000, 0x6c140000, 0x73140000)
  object space 16384K, 23% used [0x6b140000,0x6b514ad8,0x6c140000)
Event: 4.194 GC heap after
Heap after GC invocations=4 (full 0):
 PSYoungGen      total 16640K, used 1264K [0x9dbc0000, 0x9ed40000, 0xb3140000)
  eden space 15360K, 0% used [0x9dbc0000,0x9dbc0000,0x9eac0000)
  from space 1280K, 98% used [0x9ec00000,0x9ed3c010,0x9ed40000)
  to   space 1280K, 0% used [0x9eac0000,0x9eac0000,0x9ec00000)
 ParOldGen       total 19968K, used 5105K [0x73140000, 0x744c0000, 0x9dbc0000)
  object space 19968K, 25% used [0x73140000,0x7363c780,0x744c0000)
 PSPermGen       total 16384K, used 3922K [0x6b140000, 0x6c140000, 0x73140000)
  object space 16384K, 23% used [0x6b140000,0x6b514ad8,0x6c140000)
}
Event: 4.763 GC heap before
{Heap before GC invocations=5 (full 0):
 PSYoungGen      total 16640K, used 16624K [0x9dbc0000, 0x9ed40000, 0xb3140000)
  eden space 15360K, 100% used [0x9dbc0000,0x9eac0000,0x9eac0000)
  from space 1280K, 98% used [0x9ec00000,0x9ed3c010,0x9ed40000)
  to   space 1280K, 0% used [0x9eac0000,0x9eac0000,0x9ec00000)
 ParOldGen       total 19968K, used 5105K [0x73140000, 0x744c0000, 0x9dbc0000)
  object space 19968K, 25% used [0x73140000,0x7363c780,0x744c0000)
 PSPermGen       total 16384K, used 3941K [0x6b140000, 0x6c140000, 0x73140000)
  object space 16384K, 24% used [0x6b140000,0x6b5195f0,0x6c140000)

Deoptimization events (10 events):
Event: 2.961 Thread 0xb6206c00 Uncommon trap: reason=null_check action=make_not_entrant pc=0xb325b000 method=com.android.dx.rop.code.LocalItem.equals(Ljava/lang/Object;)Z @ 1
Event: 3.277 Thread 0xb6206c00 Uncommon trap: reason=class_check action=maybe_recompile pc=0xb326e75c method=com.android.dx.rop.type.Type.equals(Ljava/lang/Object;)Z @ 8
Event: 3.280 Thread 0xb6206c00 Uncommon trap: reason=class_check action=maybe_recompile pc=0xb326e75c method=com.android.dx.rop.type.Type.equals(Ljava/lang/Object;)Z @ 8
Event: 3.281 Thread 0xb6206c00 Uncommon trap: reason=null_check action=make_not_entrant pc=0xb326382c method=com.android.dx.ssa.SsaRenamer.getLocalForNewReg(I)Lcom/android/dx/rop/code/LocalItem; @ 19
Event: 3.290 Thread 0xb6206c00 Uncommon trap: reason=class_check action=maybe_recompile pc=0xb32770f0 method=com.android.dx.rop.type.Type.equals(Ljava/lang/Object;)Z @ 8
Event: 3.292 Thread 0xb6206c00 Uncommon trap: reason=class_check action=maybe_recompile pc=0xb32770f0 method=com.android.dx.rop.type.Type.equals(Ljava/lang/Object;)Z @ 8
Event: 3.444 Thread 0xb6206c00 Uncommon trap: reason=class_check action=maybe_recompile pc=0xb326e75c method=com.android.dx.rop.type.Type.equals(Ljava/lang/Object;)Z @ 8
Event: 4.093 Thread 0xb6206c00 Uncommon trap: reason=unreached action=reinterpret pc=0xb32bce40 method=com.android.dx.rop.code.LocalVariableExtractor.processBlock(I)V @ 195
Event: 4.234 Thread 0xb6206c00 Uncommon trap: reason=null_check action=make_not_entrant pc=0xb32c2820 method=com.android.dx.rop.type.Type.putIntern(Lcom/android/dx/rop/type/Type;)Lcom/android/dx/rop/type/Type; @ 18
Event: 4.686 Thread 0xb6206c00 Uncommon trap: reason=unreached action=reinterpret pc=0xb32a235c method=com.android.dx.ssa.SsaRenamer$BlockRenamer.process()V @ 90

Internal exceptions (10 events):
Event: 2.843 Thread 0xb6206c00 Threw 0x9dcd2020 at /build/java7-openjdk/src/icedtea-2.5.4/openjdk/hotspot/src/share/vm/prims/jvm.cpp:1284
Event: 2.843 Thread 0xb6206c00 Threw 0x9dcd7110 at /build/java7-openjdk/src/icedtea-2.5.4/openjdk/hotspot/src/share/vm/prims/jvm.cpp:1284
Event: 2.851 Thread 0xb6206c00 Threw 0x9dcf63d0 at /build/java7-openjdk/src/icedtea-2.5.4/openjdk/hotspot/src/share/vm/prims/jvm.cpp:1284
Event: 2.877 Thread 0xb6206c00 Threw 0x9dd4b108 at /build/java7-openjdk/src/icedtea-2.5.4/openjdk/hotspot/src/share/vm/prims/jvm.cpp:1284
Event: 2.961 Thread 0xb6206c00 Implicit null exception at 0xb325ae5c to 0xb325afe1
Event: 3.191 Thread 0xb6206c00 Threw 0x9e2a6ff0 at /build/java7-openjdk/src/icedtea-2.5.4/openjdk/hotspot/src/share/vm/prims/jvm.cpp:1284
Event: 3.281 Thread 0xb6206c00 Implicit null exception at 0xb3262f8b to 0xb326381d
Event: 3.423 Thread 0xb6206c00 Threw 0x9dc884c0 at /build/java7-openjdk/src/icedtea-2.5.4/openjdk/hotspot/src/share/vm/prims/jvm.cpp:1284
Event: 3.455 Thread 0xb6206c00 Threw 0x9dd4da78 at /build/java7-openjdk/src/icedtea-2.5.4/openjdk/hotspot/src/share/vm/prims/jvm.cpp:1284
Event: 4.234 Thread 0xb6206c00 Implicit null exception at 0xb32c2222 to 0xb32c2811

Events (10 events):
Event: 4.093 Thread 0xb6206c00 DEOPT UNPACKING pc=0xb322cbc8 sp=0xb641eb40 mode 2
Event: 4.183 Executing VM operation: ParallelGCFailedAllocation
Event: 4.194 Executing VM operation: ParallelGCFailedAllocation done
Event: 4.234 Thread 0xb6206c00 Uncommon trap: trap_request=0xfffffff4 fr.pc=0xb32c2820
Event: 4.234 Thread 0xb6206c00 DEOPT PACKING pc=0xb32c2820 sp=0xb641ead0
Event: 4.234 Thread 0xb6206c00 DEOPT UNPACKING pc=0xb322cbc8 sp=0xb641ea68 mode 2
Event: 4.686 Thread 0xb6206c00 Uncommon trap: trap_request=0xffffffad fr.pc=0xb32a235c
Event: 4.686 Thread 0xb6206c00 DEOPT PACKING pc=0xb32a235c sp=0xb641ea70
Event: 4.686 Thread 0xb6206c00 DEOPT UNPACKING pc=0xb322cbc8 sp=0xb641ea68 mode 2
Event: 4.763 Executing VM operation: ParallelGCFailedAllocation


Dynamic libraries:
08048000-08049000 r-xp 00000000 08:01 1199653    /usr/lib/jvm/java-7-openjdk/jre/bin/java
08049000-0804a000 rw-p 00000000 08:01 1199653    /usr/lib/jvm/java-7-openjdk/jre/bin/java
0829f000-087c5000 rw-p 00000000 00:00 0          [heap]
67000000-67100000 rw-p 00000000 00:00 0 
67200000-672fe000 rw-p 00000000 00:00 0 
672fe000-67300000 ---p 00000000 00:00 0 
67300000-673f6000 rw-p 00000000 00:00 0 
673f6000-67400000 ---p 00000000 00:00 0 
67400000-67429000 rw-p 00000000 00:00 0 
67429000-67500000 ---p 00000000 00:00 0 
675d6000-67647000 r-xp 00000000 08:01 273525     /usr/lib/libpcre.so.1.2.4
67647000-67648000 r--p 00070000 08:01 273525     /usr/lib/libpcre.so.1.2.4
67648000-67649000 rw-p 00071000 08:01 273525     /usr/lib/libpcre.so.1.2.4
67649000-6776d000 r-xp 00000000 08:01 273733     /usr/lib/libglib-2.0.so.0.4200.0
6776d000-6776e000 r--p 00124000 08:01 273733     /usr/lib/libglib-2.0.so.0.4200.0
6776e000-6776f000 rw-p 00125000 08:01 273733     /usr/lib/libglib-2.0.so.0.4200.0
6776f000-677c9000 r-xp 00000000 08:01 273736     /usr/lib/libgobject-2.0.so.0.4200.0
677c9000-677ca000 r--p 0005a000 08:01 273736     /usr/lib/libgobject-2.0.so.0.4200.0
677ca000-677cb000 rw-p 0005b000 08:01 273736     /usr/lib/libgobject-2.0.so.0.4200.0
677cb000-6797a000 r-xp 00000000 08:01 273737     /usr/lib/libgio-2.0.so.0.4200.0
6797a000-6797d000 r--p 001ae000 08:01 273737     /usr/lib/libgio-2.0.so.0.4200.0
6797d000-6797e000 rw-p 001b1000 08:01 273737     /usr/lib/libgio-2.0.so.0.4200.0
6797e000-6797f000 rw-p 00000000 00:00 0 
679b0000-679b1000 ---p 00000000 00:00 0 
679b1000-67a82000 rwxp 00000000 00:00 0          [stack:4923]
67a82000-67a83000 ---p 00000000 00:00 0 
67a83000-67b03000 rwxp 00000000 00:00 0          [stack:4922]
67b03000-67b04000 ---p 00000000 00:00 0 
67b04000-67bd5000 rwxp 00000000 00:00 0          [stack:4920]
67bd5000-67d5e000 r--p 00000000 08:01 280743     /usr/lib/locale/locale-archive
67d5e000-67e00000 rwxp 00000000 00:00 0          [stack:4918]
67e00000-67efd000 rw-p 00000000 00:00 0 
67efd000-67f00000 ---p 00000000 00:00 0 
67f05000-67f06000 ---p 00000000 00:00 0 
67f06000-67f86000 rwxp 00000000 00:00 0          [stack:4917]
67f86000-67fcf000 rw-p 00000000 00:00 0 
67fcf000-68180000 r--s 01d23000 08:01 1199595    /usr/lib/jvm/java-7-openjdk/jre/lib/rt.jar
68180000-6aa00000 rw-p 00000000 00:00 0 
6aa00000-6aafb000 rw-p 00000000 00:00 0 
6aafb000-6ab00000 ---p 00000000 00:00 0 
6ab24000-6ab7f000 rw-p 00000000 00:00 0 
6ab7f000-6ab80000 ---p 00000000 00:00 0 
6ab80000-6ac00000 rwxp 00000000 00:00 0          [stack:4916]
6ac00000-6ac21000 rw-p 00000000 00:00 0 
6ac21000-6ad00000 ---p 00000000 00:00 0 
6ad02000-6ad16000 r-xp 00000000 08:01 265844     /usr/lib/libresolv-2.20.so
6ad16000-6ad17000 ---p 00014000 08:01 265844     /usr/lib/libresolv-2.20.so
6ad17000-6ad18000 r--p 00014000 08:01 265844     /usr/lib/libresolv-2.20.so
6ad18000-6ad19000 rw-p 00015000 08:01 265844     /usr/lib/libresolv-2.20.so
6ad19000-6ad1b000 rw-p 00000000 00:00 0 
6ad1b000-6ad1e000 r-xp 00000000 08:01 273734     /usr/lib/libgmodule-2.0.so.0.4200.0
6ad1e000-6ad1f000 r--p 00002000 08:01 273734     /usr/lib/libgmodule-2.0.so.0.4200.0
6ad1f000-6ad20000 rw-p 00003000 08:01 273734     /usr/lib/libgmodule-2.0.so.0.4200.0
6ad20000-6ad26000 r-xp 00000000 08:01 273655     /usr/lib/libffi.so.6.0.2
6ad26000-6ad27000 r--p 00005000 08:01 273655     /usr/lib/libffi.so.6.0.2
6ad27000-6ad28000 rw-p 00006000 08:01 273655     /usr/lib/libffi.so.6.0.2
6ad28000-6ad29000 ---p 00000000 00:00 0 
6ad29000-6ada9000 rwxp 00000000 00:00 0          [stack:4915]
6ada9000-6adb3000 rw-p 00000000 00:00 0 
6adb3000-6aeff000 rw-p 00000000 00:00 0 
6aeff000-6af07000 rw-p 00000000 00:00 0 
6af07000-6af3f000 rw-p 00000000 00:00 0 
6af3f000-6af49000 rw-p 00000000 00:00 0 
6af49000-6b094000 rw-p 00000000 00:00 0 
6b094000-6b09d000 rw-p 00000000 00:00 0 
6b09d000-6b13f000 rw-p 00000000 00:00 0 
6b13f000-6c140000 rw-p 00000000 00:00 0 
6c140000-73140000 rw-p 00000000 00:00 0 
73140000-744c0000 rw-p 00000000 00:00 0 
744c0000-9dbc0000 rw-p 00000000 00:00 0 
9dbc0000-9ed40000 rw-p 00000000 00:00 0 
a00c0000-b3140000 rw-p 00000000 00:00 0 
b3140000-b3149000 rw-p 00000000 00:00 0 
b3149000-b3200000 rw-p 00000000 00:00 0 
b3200000-b3440000 rwxp 00000000 00:00 0 
b3440000-b62fc000 rw-p 00000000 00:00 0 
b62fc000-b6300000 ---p 00000000 00:00 0 
b6302000-b6318000 r-xp 00000000 08:01 1199620    /usr/lib/jvm/java-7-openjdk/jre/lib/i386/libnet.so
b6318000-b6319000 rw-p 00015000 08:01 1199620    /usr/lib/jvm/java-7-openjdk/jre/lib/i386/libnet.so
b6319000-b6329000 r-xp 00000000 08:01 1199621    /usr/lib/jvm/java-7-openjdk/jre/lib/i386/libnio.so
b6329000-b632a000 rw-p 0000f000 08:01 1199621    /usr/lib/jvm/java-7-openjdk/jre/lib/i386/libnio.so
b632a000-b6337000 r--s 0007f000 08:06 10750871   /home/cosmin/AndroidstudioProjects/DeskClock/app/libs/android-support-v13.jar
b6337000-b6345000 r--s 000dc000 08:06 2753460    /home/cosmin/Android/Sdk/build-tools/21.1.1/lib/dx.jar
b6345000-b6368000 rw-p 00000000 00:00 0 
b6368000-b63a0000 rw-p 00000000 00:00 0 
b63a0000-b63c5000 r-xp 00000000 08:01 1199618    /usr/lib/jvm/java-7-openjdk/jre/lib/i386/libjava.so
b63c5000-b63c6000 rw-p 00025000 08:01 1199618    /usr/lib/jvm/java-7-openjdk/jre/lib/i386/libjava.so
b63c6000-b63cd000 r-xp 00000000 08:01 265882     /usr/lib/librt-2.20.so
b63cd000-b63ce000 r--p 00007000 08:01 265882     /usr/lib/librt-2.20.so
b63ce000-b63cf000 rw-p 00008000 08:01 265882     /usr/lib/librt-2.20.so
b63cf000-b63d0000 ---p 00000000 00:00 0 
b63d0000-b6420000 rwxp 00000000 00:00 0          [stack:4914]
b6420000-b643c000 r-xp 00000000 08:01 269145     /usr/lib/libgcc_s.so.1
b643c000-b643d000 rw-p 0001b000 08:01 269145     /usr/lib/libgcc_s.so.1
b643d000-b6488000 r-xp 00000000 08:01 265869     /usr/lib/libm-2.20.so
b6488000-b6489000 r--p 0004a000 08:01 265869     /usr/lib/libm-2.20.so
b6489000-b648a000 rw-p 0004b000 08:01 265869     /usr/lib/libm-2.20.so
b648a000-b6573000 r-xp 00000000 08:01 269151     /usr/lib/libstdc++.so.6.0.20
b6573000-b6577000 r--p 000e9000 08:01 269151     /usr/lib/libstdc++.so.6.0.20
b6577000-b6578000 rw-p 000ed000 08:01 269151     /usr/lib/libstdc++.so.6.0.20
b6578000-b657f000 rw-p 00000000 00:00 0 
b657f000-b70c0000 r-xp 00000000 08:01 1199652    /usr/lib/jvm/java-7-openjdk/jre/lib/i386/server/libjvm.so
b70c0000-b7128000 rw-p 00b40000 08:01 1199652    /usr/lib/jvm/java-7-openjdk/jre/lib/i386/server/libjvm.so
b7128000-b7545000 rw-p 00000000 00:00 0 
b7545000-b755a000 r-xp 00000000 08:01 268895     /usr/lib/libz.so.1.2.8
b755a000-b755b000 r--p 00014000 08:01 268895     /usr/lib/libz.so.1.2.8
b755b000-b755c000 rw-p 00015000 08:01 268895     /usr/lib/libz.so.1.2.8
b755c000-b770d000 r-xp 00000000 08:01 265870     /usr/lib/libc-2.20.so
b770d000-b7710000 r--p 001b0000 08:01 265870     /usr/lib/libc-2.20.so
b7710000-b7712000 rw-p 001b3000 08:01 265870     /usr/lib/libc-2.20.so
b7712000-b7715000 rw-p 00000000 00:00 0 
b7715000-b7718000 r-xp 00000000 08:01 265843     /usr/lib/libdl-2.20.so
b7718000-b7719000 r--p 00002000 08:01 265843     /usr/lib/libdl-2.20.so
b7719000-b771a000 rw-p 00003000 08:01 265843     /usr/lib/libdl-2.20.so
b771a000-b7726000 r-xp 00000000 08:01 2104865    /usr/lib/jvm/java-7-openjdk/jre/lib/i386/jli/libjli.so
b7726000-b7727000 rw-p 0000b000 08:01 2104865    /usr/lib/jvm/java-7-openjdk/jre/lib/i386/jli/libjli.so
b7727000-b773f000 r-xp 00000000 08:01 265850     /usr/lib/libpthread-2.20.so
b773f000-b7740000 r--p 00017000 08:01 265850     /usr/lib/libpthread-2.20.so
b7740000-b7741000 rw-p 00018000 08:01 265850     /usr/lib/libpthread-2.20.so
b7741000-b7743000 rw-p 00000000 00:00 0 
b7747000-b774f000 r-xp 00000000 08:01 1199619    /usr/lib/jvm/java-7-openjdk/jre/lib/i386/libzip.so
b774f000-b7750000 rw-p 00007000 08:01 1199619    /usr/lib/jvm/java-7-openjdk/jre/lib/i386/libzip.so
b7750000-b7758000 rw-s 00000000 00:1f 136829     /tmp/hsperfdata_cosmin/4910
b7758000-b7764000 r-xp 00000000 08:01 265845     /usr/lib/libnss_files-2.20.so
b7764000-b7765000 r--p 0000b000 08:01 265845     /usr/lib/libnss_files-2.20.so
b7765000-b7766000 rw-p 0000c000 08:01 265845     /usr/lib/libnss_files-2.20.so
b7766000-b7767000 rw-p 00000000 00:00 0 
b7767000-b7768000 ---p 00000000 00:00 0 
b7768000-b7773000 r-xp 00000000 08:01 1199617    /usr/lib/jvm/java-7-openjdk/jre/lib/i386/libverify.so
b7773000-b7774000 rw-p 0000b000 08:01 1199617    /usr/lib/jvm/java-7-openjdk/jre/lib/i386/libverify.so
b7774000-b7776000 r--p 00000000 00:00 0          [vvar]
b7776000-b7777000 r-xp 00000000 00:00 0          [vdso]
b7777000-b7798000 r-xp 00000000 08:01 265847     /usr/lib/ld-2.20.so
b7798000-b7799000 rw-p 00000000 00:00 0 
b7799000-b779a000 r--p 00021000 08:01 265847     /usr/lib/ld-2.20.so
b779a000-b779b000 rw-p 00022000 08:01 265847     /usr/lib/ld-2.20.so
bf8d3000-bf8d4000 rwxp 00000000 00:00 0 
bf905000-bf926000 rwxp 00000000 00:00 0          [stack]
bf926000-bf927000 rw-p 00000000 00:00 0 

VM Arguments:
jvm_args: -Xmx1024M -Dfile.encoding=UTF-8 -Duser.country=US -Duser.language=en -Duser.variant 
java_command: com.android.dx.command.Main --dex --output /home/cosmin/AndroidstudioProjects/DeskClock/app/build/intermediates/pre-dexed/debug/android-support-v13-02d592c5701d0401e37f4f95e4f2b8cacaaf66b7.jar /home/cosmin/AndroidstudioProjects/DeskClock/app/libs/android-support-v13.jar
Launcher Type: SUN_STANDARD

Environment Variables:
CLASSPATH=/home/cosmin/programs/android-studio/bin/../lib/bootstrap.jar:/home/cosmin/programs/android-studio/bin/../lib/extensions.jar:/home/cosmin/programs/android-studio/bin/../lib/util.jar:/home/cosmin/programs/android-studio/bin/../lib/jdom.jar:/home/cosmin/programs/android-studio/bin/../lib/log4j.jar:/home/cosmin/programs/android-studio/bin/../lib/trove4j.jar:/home/cosmin/programs/android-studio/bin/../lib/jna.jar:/usr/lib/jvm/java-8-openjdk/lib/tools.jar
PATH=/usr/local/sbin:/usr/local/bin:/usr/bin:/usr/lib/jvm/default/bin:/usr/bin/site_perl:/usr/bin/vendor_perl:/usr/bin/core_perl:/home/cosmin/.rvm/bin:/home/cosmin/.rvm/bin:/home/cosmin/Android/Sdk/tools/:/home/cosmin/programs/android-studio/bin/
LD_LIBRARY_PATH=/home/cosmin/programs/android-studio/bin:
SHELL=/bin/bash
DISPLAY=:0

Signal Handlers:
SIGSEGV: [libjvm.so+0x7ebb60], sa_mask[0]=0x7ffbfeff, sa_flags=0x10000004
SIGBUS: [libjvm.so+0x7ebb60], sa_mask[0]=0x7ffbfeff, sa_flags=0x10000004
SIGFPE: [libjvm.so+0x66f790], sa_mask[0]=0x7ffbfeff, sa_flags=0x10000004
SIGPIPE: [libjvm.so+0x66f790], sa_mask[0]=0x7ffbfeff, sa_flags=0x10000004
SIGXFSZ: [libjvm.so+0x66f790], sa_mask[0]=0x7ffbfeff, sa_flags=0x10000004
SIGILL: [libjvm.so+0x66f790], sa_mask[0]=0x7ffbfeff, sa_flags=0x10000004
SIGUSR1: SIG_DFL, sa_mask[0]=0x00000000, sa_flags=0x00000000
SIGUSR2: [libjvm.so+0x66f5e0], sa_mask[0]=0x00000004, sa_flags=0x10000004
SIGHUP: [libjvm.so+0x66f840], sa_mask[0]=0x7ffbfeff, sa_flags=0x10000004
SIGINT: [libjvm.so+0x66f840], sa_mask[0]=0x7ffbfeff, sa_flags=0x10000004
SIGTERM: [libjvm.so+0x66f840], sa_mask[0]=0x7ffbfeff, sa_flags=0x10000004
SIGQUIT: [libjvm.so+0x66f840], sa_mask[0]=0x7ffbfeff, sa_flags=0x10000004
SIGTRAP: SIG_DFL, sa_mask[0]=0x00000000, sa_flags=0x00000000


---------------  S Y S T E M  ---------------

OS:Linux
uname:Linux 3.18.6-1-ARCH #1 SMP PREEMPT Sat Feb 7 08:59:29 CET 2015 i686
libc:glibc 2.20 NPTL 2.20 
rlimit: STACK 8192k, CORE 0k, NPROC 15055, NOFILE 4096, AS infinity
load average:1.65 1.38 0.89

/proc/meminfo:
MemTotal:        1931220 kB
MemFree:          104176 kB
MemAvailable:      56484 kB
Buffers:            1640 kB
Cached:            89424 kB
SwapCached:            0 kB
Active:          1679340 kB
Inactive:          66700 kB
Active(anon):    1666064 kB
Inactive(anon):    54676 kB
Active(file):      13276 kB
Inactive(file):    12024 kB
Unevictable:           0 kB
Mlocked:               0 kB
HighTotal:       1049856 kB
HighFree:          18200 kB
LowTotal:         881364 kB
LowFree:           85976 kB
SwapTotal:             0 kB
SwapFree:              0 kB
Dirty:                 0 kB
Writeback:             0 kB
AnonPages:       1655016 kB
Mapped:            49332 kB
Shmem:             65756 kB
Slab:              30492 kB
SReclaimable:      16076 kB
SUnreclaim:        14416 kB
KernelStack:        2712 kB
PageTables:         7740 kB
NFS_Unstable:          0 kB
Bounce:                0 kB
WritebackTmp:          0 kB
CommitLimit:      965608 kB
Committed_AS:    3527128 kB
VmallocTotal:     122880 kB
VmallocUsed:       27412 kB
VmallocChunk:      92824 kB
HardwareCorrupted:     0 kB
AnonHugePages:    954368 kB
HugePages_Total:       0
HugePages_Free:        0
HugePages_Rsvd:        0
HugePages_Surp:        0
Hugepagesize:       4096 kB
DirectMap4k:       40952 kB
DirectMap4M:      868352 kB


CPU:total 2 (2 cores per cpu, 1 threads per core) family 6 model 23 stepping 10, cmov, cx8, fxsr, mmx, sse, sse2, sse3, ssse3, sse4.1, tsc

/proc/cpuinfo:
processor	: 0
vendor_id	: GenuineIntel
cpu family	: 6
model		: 23
model name	: Intel(R) Core(TM)2 Duo CPU     T6670  @ 2.20GHz
stepping	: 10
microcode	: 0xa07
cpu MHz		: 2201.000
cache size	: 2048 KB
physical id	: 0
siblings	: 2
core id		: 0
cpu cores	: 2
apicid		: 0
initial apicid	: 0
fdiv_bug	: no
f00f_bug	: no
coma_bug	: no
fpu		: yes
fpu_exception	: yes
cpuid level	: 13
wp		: yes
flags		: fpu vme de pse tsc msr pae mce cx8 apic sep mtrr pge mca cmov pat pse36 clflush dts acpi mmx fxsr sse sse2 ss ht tm pbe nx lm constant_tsc arch_perfmon pebs bts aperfmperf pni dtes64 monitor ds_cpl vmx est tm2 ssse3 cx16 xtpr pdcm sse4_1 xsave lahf_lm ida dtherm tpr_shadow vnmi flexpriority
bugs		:
bogomips	: 4390.72
clflush size	: 64
cache_alignment	: 64
address sizes	: 36 bits physical, 48 bits virtual
power management:

processor	: 1
vendor_id	: GenuineIntel
cpu family	: 6
model		: 23
model name	: Intel(R) Core(TM)2 Duo CPU     T6670  @ 2.20GHz
stepping	: 10
microcode	: 0xa07
cpu MHz		: 1200.000
cache size	: 2048 KB
physical id	: 0
siblings	: 2
core id		: 1
cpu cores	: 2
apicid		: 1
initial apicid	: 1
fdiv_bug	: no
f00f_bug	: no
coma_bug	: no
fpu		: yes
fpu_exception	: yes
cpuid level	: 13
wp		: yes
flags		: fpu vme de pse tsc msr pae mce cx8 apic sep mtrr pge mca cmov pat pse36 clflush dts acpi mmx fxsr sse sse2 ss ht tm pbe nx lm constant_tsc arch_perfmon pebs bts aperfmperf pni dtes64 monitor ds_cpl vmx est tm2 ssse3 cx16 xtpr pdcm sse4_1 xsave lahf_lm ida dtherm tpr_shadow vnmi flexpriority
bugs		:
bogomips	: 4390.72
clflush size	: 64
cache_alignment	: 64
address sizes	: 36 bits physical, 48 bits virtual
power management:



Memory: 4k page, physical 1931220k(104176k free), swap 0k(0k free)

vm_info: OpenJDK Server VM (24.75-b04) for linux-x86 JRE (1.7.0_75-b13), built on Jan 23 2015 12:19:02 by "builduser" with gcc 4.9.2 20141224 (prerelease)

time: Sat Apr 11 21:45:38 2015
elapsed time: 5 seconds

