#
# There is insufficient memory for the Java Runtime Environment to continue.
# Native memory allocation (malloc) failed to allocate 36700160 bytes for committing reserved memory.
# Possible reasons:
#   The system is out of physical RAM or swap space
#   In 32 bit mode, the process size limit was hit
# Possible solutions:
#   Reduce memory load on the system
#   Increase physical memory or swap space
#   Check if swap backing store is full
#   Use 64 bit Java on a 64 bit OS
#   Decrease Java heap size (-Xmx/-Xms)
#   Decrease number of Java threads
#   Decrease Java thread stack sizes (-Xss)
#   Set larger code cache with -XX:ReservedCodeCacheSize=
# This output file may be truncated or incomplete.
#
#  Out of Memory Error (os_linux.cpp:2798), pid=4817, tid=1744329536
#
# JRE version: OpenJDK Runtime Environment (7.0_75-b13) (build 1.7.0_75-b13)
# Java VM: OpenJDK Server VM (24.75-b04 mixed mode linux-x86 )
# Derivative: IcedTea 2.5.4
# Distribution: Custom build (Fri Jan 23 12:16:03 UTC 2015)
# Failed to write core dump. Core dumps have been disabled. To enable core dumping, try "ulimit -c unlimited" before starting Java again
#

---------------  T H R E A D  ---------------

Current thread (0x67e10400):  VMThread [stack: 0x67f05000,0x67f86000] [id=4824]

Stack: [0x67f05000,0x67f86000]
VM_Operation (0xb6417988): ParallelGCFailedAllocation, mode: safepoint, requested by thread 0xb6206c00


---------------  P R O C E S S  ---------------

Java Threads: ( => current thread )
  0x67e2b800 JavaThread "Service Thread" daemon [_thread_blocked, id=4831, stack(0x67a31000,0x67a82000)]
  0x67e29c00 JavaThread "C2 CompilerThread1" daemon [_thread_blocked, id=4830, stack(0x67a82000,0x67b03000)]
  0x67e27c00 JavaThread "C2 CompilerThread0" daemon [_thread_blocked, id=4829, stack(0x67b03000,0x67b84000)]
  0x67e26400 JavaThread "Signal Dispatcher" daemon [_thread_blocked, id=4828, stack(0x67b84000,0x67bd5000)]
  0x67e14400 JavaThread "Finalizer" daemon [_thread_blocked, id=4826, stack(0x67d5e000,0x67daf000)]
  0x67e12c00 JavaThread "Reference Handler" daemon [_thread_blocked, id=4825, stack(0x67daf000,0x67e00000)]
  0xb6206c00 JavaThread "main" [_thread_blocked, id=4821, stack(0xb63c8000,0xb6419000)]

Other Threads:
=>0x67e10400 VMThread [stack: 0x67f05000,0x67f86000] [id=4824]
  0x67e2d800 WatcherThread [stack: 0x679b0000,0x67a31000] [id=4832]

VM state:at safepoint (normal execution)

VM Mutex/Monitor currently owned by a thread:  ([mutex/lock_event])
[0xb6205170] Threads_lock - owner thread: 0x67e10400
[0xb6205580] Heap_lock - owner thread: 0xb6206c00

Heap
 PSYoungGen      total 34304K, used 3830K [0x9dbc0000, 0xa0140000, 0xb3140000)
  eden space 30464K, 0% used [0x9dbc0000,0x9dbc0000,0x9f980000)
  from space 3840K, 99% used [0x9f980000,0x9fd3d908,0x9fd40000)
  to   space 3584K, 0% used [0x9fd40000,0x9fd40000,0xa00c0000)
 ParOldGen       total 19968K, used 12118K [0x73140000, 0x744c0000, 0x9dbc0000)
  object space 19968K, 60% used [0x73140000,0x73d159d8,0x744c0000)
 PSPermGen       total 16384K, used 3966K [0x6b140000, 0x6c140000, 0x73140000)
  object space 16384K, 24% used [0x6b140000,0x6b51fbe8,0x6c140000)

Card table byte_map: [0x6aeff000,0x6b140000] byte_map_base: 0x6aba6600

Polling page: 0xb7760000

Code Cache  [0xb3200000, 0xb3440000, 0xb6200000)
 total_blobs=534 nmethods=415 adapters=73 free_code_cache=47669Kb largest_free_block=48783488

Compilation events (10 events):
Event: 5.249 Thread 0x67e27c00 nmethod 417 0xb3371808 code [0xb33718e0, 0xb3371930]
Event: 5.249 Thread 0x67e27c00  418             com.android.dx.rop.code.Rops::ropFor (771 bytes)
Event: 5.260 Thread 0x67e29c00 nmethod 414 0xb3378248 code [0xb3378420, 0xb3378e84]
Event: 5.260 Thread 0x67e29c00  419             com.android.dx.cf.code.Ropper::getRopMethod (64 bytes)
Event: 5.294 Thread 0x67e29c00 nmethod 419 0xb3372708 code [0xb3372880, 0xb3372ec4]
Event: 5.294 Thread 0x67e29c00  420             com.android.dx.cf.code.BaseMachine::getAuxCases (5 bytes)
Event: 5.294 Thread 0x67e29c00 nmethod 420 0xb3370048 code [0xb3370120, 0xb3370170]
Event: 5.294 Thread 0x67e29c00  421             com.android.dx.cf.code.BaseMachine::getInitValues (5 bytes)
Event: 5.294 Thread 0x67e29c00 nmethod 421 0xb333fec8 code [0xb333ffa0, 0xb333fff0]
Event: 5.294 Thread 0x67e29c00  422             com.android.dx.ssa.ConstCollector::updateConstUses (248 bytes)

GC Heap History (10 events):
Event: 2.396 GC heap after
Heap after GC invocations=2 (full 0):
 PSYoungGen      total 8960K, used 1274K [0x9dbc0000, 0x9e5c0000, 0xb3140000)
  eden space 7680K, 0% used [0x9dbc0000,0x9dbc0000,0x9e340000)
  from space 1280K, 99% used [0x9e480000,0x9e5bead0,0x9e5c0000)
  to   space 1280K, 0% used [0x9e340000,0x9e340000,0x9e480000)
 ParOldGen       total 19968K, used 2334K [0x73140000, 0x744c0000, 0x9dbc0000)
  object space 19968K, 11% used [0x73140000,0x73387900,0x744c0000)
 PSPermGen       total 16384K, used 3820K [0x6b140000, 0x6c140000, 0x73140000)
  object space 16384K, 23% used [0x6b140000,0x6b4fb0c0,0x6c140000)
}
Event: 3.072 GC heap before
{Heap before GC invocations=3 (full 0):
 PSYoungGen      total 8960K, used 8954K [0x9dbc0000, 0x9e5c0000, 0xb3140000)
  eden space 7680K, 100% used [0x9dbc0000,0x9e340000,0x9e340000)
  from space 1280K, 99% used [0x9e480000,0x9e5bead0,0x9e5c0000)
  to   space 1280K, 0% used [0x9e340000,0x9e340000,0x9e480000)
 ParOldGen       total 19968K, used 2334K [0x73140000, 0x744c0000, 0x9dbc0000)
  object space 19968K, 11% used [0x73140000,0x73387900,0x744c0000)
 PSPermGen       total 16384K, used 3901K [0x6b140000, 0x6c140000, 0x73140000)
  object space 16384K, 23% used [0x6b140000,0x6b50f7c0,0x6c140000)
Event: 3.117 GC heap after
Heap after GC invocations=3 (full 0):
 PSYoungGen      total 8960K, used 1264K [0x9dbc0000, 0x9ed40000, 0xb3140000)
  eden space 7680K, 0% used [0x9dbc0000,0x9dbc0000,0x9e340000)
  from space 1280K, 98% used [0x9e340000,0x9e47c010,0x9e480000)
  to   space 1280K, 0% used [0x9ec00000,0x9ec00000,0x9ed40000)
 ParOldGen       total 19968K, used 3740K [0x73140000, 0x744c0000, 0x9dbc0000)
  object space 19968K, 18% used [0x73140000,0x734e73a0,0x744c0000)
 PSPermGen       total 16384K, used 3901K [0x6b140000, 0x6c140000, 0x73140000)
  object space 16384K, 23% used [0x6b140000,0x6b50f7c0,0x6c140000)
}
Event: 3.367 GC heap before
{Heap before GC invocations=4 (full 0):
 PSYoungGen      total 8960K, used 8944K [0x9dbc0000, 0x9ed40000, 0xb3140000)
  eden space 7680K, 100% used [0x9dbc0000,0x9e340000,0x9e340000)
  from space 1280K, 98% used [0x9e340000,0x9e47c010,0x9e480000)
  to   space 1280K, 0% used [0x9ec00000,0x9ec00000,0x9ed40000)
 ParOldGen       total 19968K, used 3740K [0x73140000, 0x744c0000, 0x9dbc0000)
  object space 19968K, 18% used [0x73140000,0x734e73a0,0x744c0000)
 PSPermGen       total 16384K, used 3922K [0x6b140000, 0x6c140000, 0x73140000)
  object space 16384K, 23% used [0x6b140000,0x6b514958,0x6c140000)
Event: 3.382 GC heap after
Heap after GC invocations=4 (full 0):
 PSYoungGen      total 16640K, used 1264K [0x9dbc0000, 0x9ed40000, 0xb3140000)
  eden space 15360K, 0% used [0x9dbc0000,0x9dbc0000,0x9eac0000)
  from space 1280K, 98% used [0x9ec00000,0x9ed3c010,0x9ed40000)
  to   space 1280K, 0% used [0x9eac0000,0x9eac0000,0x9ec00000)
 ParOldGen       total 19968K, used 5073K [0x73140000, 0x744c0000, 0x9dbc0000)
  object space 19968K, 25% used [0x73140000,0x736346f0,0x744c0000)
 PSPermGen       total 16384K, used 3922K [0x6b140000, 0x6c140000, 0x73140000)
  object space 16384K, 23% used [0x6b140000,0x6b514958,0x6c140000)
}
Event: 3.933 GC heap before
{Heap before GC invocations=5 (full 0):
 PSYoungGen      total 16640K, used 16624K [0x9dbc0000, 0x9ed40000, 0xb3140000)
  eden space 15360K, 100% used [0x9dbc0000,0x9eac0000,0x9eac0000)
  from space 1280K, 98% used [0x9ec00000,0x9ed3c010,0x9ed40000)
  to   space 1280K, 0% used [0x9eac0000,0x9eac0000,0x9ec00000)
 ParOldGen       total 19968K, used 5073K [0x73140000, 0x744c0000, 0x9dbc0000)
  object space 19968K, 25% used [0x73140000,0x736346f0,0x744c0000)
 PSPermGen       total 16384K, used 3944K [0x6b140000, 0x6c140000, 0x73140000)
  object space 16384K, 24% used [0x6b140000,0x6b51a060,0x6c140000)
Event: 3.962 GC heap after
Heap after GC invocations=5 (full 0):
 PSYoungGen      total 16640K, used 1269K [0x9dbc0000, 0xa00c0000, 0xb3140000)
  eden space 15360K, 0% used [0x9dbc0000,0x9dbc0000,0x9eac0000)
  from space 1280K, 99% used [0x9eac0000,0x9ebfd450,0x9ec00000)
  to   space 3584K, 0% used [0x9fd40000,0x9fd40000,0xa00c0000)
 ParOldGen       total 19968K, used 7334K [0x73140000, 0x744c0000, 0x9dbc0000)
  object space 19968K, 36% used [0x73140000,0x73869900,0x744c0000)
 PSPermGen       total 16384K, used 3944K [0x6b140000, 0x6c140000, 0x73140000)
  object space 16384K, 24% used [0x6b140000,0x6b51a060,0x6c140000)
}
Event: 4.615 GC heap before
{Heap before GC invocations=6 (full 0):
 PSYoungGen      total 16640K, used 16629K [0x9dbc0000, 0xa00c0000, 0xb3140000)
  eden space 15360K, 100% used [0x9dbc0000,0x9eac0000,0x9eac0000)
  from space 1280K, 99% used [0x9eac0000,0x9ebfd450,0x9ec00000)
  to   space 3584K, 0% used [0x9fd40000,0x9fd40000,0xa00c0000)
 ParOldGen       total 19968K, used 7334K [0x73140000, 0x744c0000, 0x9dbc0000)
  object space 19968K, 36% used [0x73140000,0x73869900,0x744c0000)
 PSPermGen       total 16384K, used 3954K [0x6b140000, 0x6c140000, 0x73140000)
  object space 16384K, 24% used [0x6b140000,0x6b51c980,0x6c140000)
Event: 4.641 GC heap after
Heap after GC invocations=6 (full 0):
 PSYoungGen      total 34048K, used 3569K [0x9dbc0000, 0xa0140000, 0xb3140000)
  eden space 30464K, 0% used [0x9dbc0000,0x9dbc0000,0x9f980000)
  from space 3584K, 99% used [0x9fd40000,0xa00bc578,0xa00c0000)
  to   space 3840K, 0% used [0x9f980000,0x9f980000,0x9fd40000)
 ParOldGen       total 19968K, used 7430K [0x73140000, 0x744c0000, 0x9dbc0000)
  object space 19968K, 37% used [0x73140000,0x738818e0,0x744c0000)
 PSPermGen       total 16384K, used 3954K [0x6b140000, 0x6c140000, 0x73140000)
  object space 16384K, 24% used [0x6b140000,0x6b51c980,0x6c140000)
}
Event: 5.366 GC heap before
{Heap before GC invocations=7 (full 0):
 PSYoungGen      total 34048K, used 34033K [0x9dbc0000, 0xa0140000, 0xb3140000)
  eden space 30464K, 100% used [0x9dbc0000,0x9f980000,0x9f980000)
  from space 3584K, 99% used [0x9fd40000,0xa00bc578,0xa00c0000)
  to   space 3840K, 0% used [0x9f980000,0x9f980000,0x9fd40000)
 ParOldGen       total 19968K, used 7430K [0x73140000, 0x744c0000, 0x9dbc0000)
  object space 19968K, 37% used [0x73140000,0x738818e0,0x744c0000)
 PSPermGen       total 16384K, used 3966K [0x6b140000, 0x6c140000, 0x73140000)
  object space 16384K, 24% used [0x6b140000,0x6b51fbe8,0x6c140000)

Deoptimization events (10 events):
Event: 3.826 Thread 0xb6206c00 Uncommon trap: reason=unreached action=reinterpret pc=0xb32a65d0 method=com.android.dx.ssa.SsaRenamer$BlockRenamer.process()V @ 90
Event: 4.089 Thread 0xb6206c00 Uncommon trap: reason=unreached action=reinterpret pc=0xb32c1500 method=com.android.dx.rop.code.LocalVariableExtractor.processBlock(I)V @ 195
Event: 4.211 Thread 0xb6206c00 Uncommon trap: reason=bimorphic action=maybe_recompile pc=0xb330481c method=com.android.dx.cf.code.BytecodeArray.parseInstruction(ILcom/android/dx/cf/code/BytecodeArray$Visitor;)I @ 1501
Event: 4.214 Thread 0xb6206c00 Uncommon trap: reason=bimorphic action=maybe_recompile pc=0xb330481c method=com.android.dx.cf.code.BytecodeArray.parseInstruction(ILcom/android/dx/cf/code/BytecodeArray$Visitor;)I @ 1501
Event: 4.981 Thread 0xb6206c00 Uncommon trap: reason=class_check action=maybe_recompile pc=0xb32abe70 method=java.util.HashMap.put(Ljava/lang/Object;Ljava/lang/Object;)Ljava/lang/Object; @ 83
Event: 4.981 Thread 0xb6206c00 Uncommon trap: reason=class_check action=maybe_recompile pc=0xb32abe70 method=java.util.HashMap.put(Ljava/lang/Object;Ljava/lang/Object;)Ljava/lang/Object; @ 83
Event: 4.981 Thread 0xb6206c00 Uncommon trap: reason=class_check action=maybe_recompile pc=0xb32abe70 method=java.util.HashMap.put(Ljava/lang/Object;Ljava/lang/Object;)Ljava/lang/Object; @ 83
Event: 4.981 Thread 0xb6206c00 Uncommon trap: reason=class_check action=maybe_recompile pc=0xb32abe70 method=java.util.HashMap.put(Ljava/lang/Object;Ljava/lang/Object;)Ljava/lang/Object; @ 83
Event: 5.297 Thread 0xb6206c00 Uncommon trap: reason=class_check action=maybe_recompile pc=0xb3352ce0 method=com.android.dx.ssa.back.FirstFitLocalCombiningAllocator.findNextUnreservedRopReg(IILcom/android/dx/ssa/back/FirstFitLocalCombiningAllocator$Alignment;)I @ 6
Event: 5.298 Thread 0xb6206c00 Uncommon trap: reason=class_check action=maybe_recompile pc=0xb3352ce0 method=com.android.dx.ssa.back.FirstFitLocalCombiningAllocator.findNextUnreservedRopReg(IILcom/android/dx/ssa/back/FirstFitLocalCombiningAllocator$Alignment;)I @ 6

Internal exceptions (10 events):
Event: 1.936 Thread 0xb6206c00 Threw 0x9dcd7000 at /build/java7-openjdk/src/icedtea-2.5.4/openjdk/hotspot/src/share/vm/prims/jvm.cpp:1284
Event: 1.944 Thread 0xb6206c00 Threw 0x9dcf62c0 at /build/java7-openjdk/src/icedtea-2.5.4/openjdk/hotspot/src/share/vm/prims/jvm.cpp:1284
Event: 1.969 Thread 0xb6206c00 Threw 0x9dd4aff8 at /build/java7-openjdk/src/icedtea-2.5.4/openjdk/hotspot/src/share/vm/prims/jvm.cpp:1284
Event: 2.053 Thread 0xb6206c00 Implicit null exception at 0xb325abdc to 0xb325ad61
Event: 2.327 Thread 0xb6206c00 Threw 0x9e2a6cd8 at /build/java7-openjdk/src/icedtea-2.5.4/openjdk/hotspot/src/share/vm/prims/jvm.cpp:1284
Event: 2.337 Thread 0xb6206c00 Implicit null exception at 0xb3263ccb to 0xb326455d
Event: 2.463 Thread 0xb6206c00 Threw 0x9dc885b0 at /build/java7-openjdk/src/icedtea-2.5.4/openjdk/hotspot/src/share/vm/prims/jvm.cpp:1284
Event: 2.560 Thread 0xb6206c00 Threw 0x9dd4db68 at /build/java7-openjdk/src/icedtea-2.5.4/openjdk/hotspot/src/share/vm/prims/jvm.cpp:1284
Event: 3.530 Thread 0xb6206c00 Implicit null exception at 0xb32bf5ea to 0xb32bfbb9
Event: 4.678 Thread 0xb6206c00 Threw 0x9dd190d0 at /build/java7-openjdk/src/icedtea-2.5.4/openjdk/hotspot/src/share/vm/prims/jvm.cpp:1284

Events (10 events):
Event: 4.981 Thread 0xb6206c00 Uncommon trap: trap_request=0xffffffde fr.pc=0xb32abe70
Event: 4.981 Thread 0xb6206c00 DEOPT PACKING pc=0xb32abe70 sp=0xb6417a30
Event: 4.981 Thread 0xb6206c00 DEOPT UNPACKING pc=0xb322cbc8 sp=0xb6417a0c mode 2
Event: 5.297 Thread 0xb6206c00 Uncommon trap: trap_request=0xffffffde fr.pc=0xb3352ce0
Event: 5.297 Thread 0xb6206c00 DEOPT PACKING pc=0xb3352ce0 sp=0xb6417a90
Event: 5.297 Thread 0xb6206c00 DEOPT UNPACKING pc=0xb322cbc8 sp=0xb6417a34 mode 2
Event: 5.298 Thread 0xb6206c00 Uncommon trap: trap_request=0xffffffde fr.pc=0xb3352ce0
Event: 5.298 Thread 0xb6206c00 DEOPT PACKING pc=0xb3352ce0 sp=0xb6417a40
Event: 5.298 Thread 0xb6206c00 DEOPT UNPACKING pc=0xb322cbc8 sp=0xb64179e4 mode 2
Event: 5.366 Executing VM operation: ParallelGCFailedAllocation


Dynamic libraries:
08048000-08049000 r-xp 00000000 08:01 1199653    /usr/lib/jvm/java-7-openjdk/jre/bin/java
08049000-0804a000 rw-p 00000000 08:01 1199653    /usr/lib/jvm/java-7-openjdk/jre/bin/java
0883f000-08eed000 rw-p 00000000 00:00 0          [heap]
66e00000-66ef9000 rw-p 00000000 00:00 0 
66ef9000-66f00000 ---p 00000000 00:00 0 
67000000-670f2000 rw-p 00000000 00:00 0 
670f2000-67100000 ---p 00000000 00:00 0 
67100000-671ff000 rw-p 00000000 00:00 0 
671ff000-67200000 ---p 00000000 00:00 0 
67200000-672fc000 rw-p 00000000 00:00 0 
672fc000-67300000 ---p 00000000 00:00 0 
67400000-67429000 rw-p 00000000 00:00 0 
67429000-67500000 ---p 00000000 00:00 0 
675d6000-67647000 r-xp 00000000 08:01 273525     /usr/lib/libpcre.so.1.2.4
67647000-67648000 r--p 00070000 08:01 273525     /usr/lib/libpcre.so.1.2.4
67648000-67649000 rw-p 00071000 08:01 273525     /usr/lib/libpcre.so.1.2.4
67649000-6776d000 r-xp 00000000 08:01 273733     /usr/lib/libglib-2.0.so.0.4200.0
6776d000-6776e000 r--p 00124000 08:01 273733     /usr/lib/libglib-2.0.so.0.4200.0
6776e000-6776f000 rw-p 00125000 08:01 273733     /usr/lib/libglib-2.0.so.0.4200.0
6776f000-677c9000 r-xp 00000000 08:01 273736     /usr/lib/libgobject-2.0.so.0.4200.0
677c9000-677ca000 r--p 0005a000 08:01 273736     /usr/lib/libgobject-2.0.so.0.4200.0
677ca000-677cb000 rw-p 0005b000 08:01 273736     /usr/lib/libgobject-2.0.so.0.4200.0
677cb000-6797a000 r-xp 00000000 08:01 273737     /usr/lib/libgio-2.0.so.0.4200.0
6797a000-6797d000 r--p 001ae000 08:01 273737     /usr/lib/libgio-2.0.so.0.4200.0
6797d000-6797e000 rw-p 001b1000 08:01 273737     /usr/lib/libgio-2.0.so.0.4200.0
6797e000-6797f000 rw-p 00000000 00:00 0 
679b0000-679b1000 ---p 00000000 00:00 0 
679b1000-67a82000 rwxp 00000000 00:00 0          [stack:4831]
67a82000-67a83000 ---p 00000000 00:00 0 
67a83000-67b03000 rwxp 00000000 00:00 0          [stack:4830]
67b03000-67b04000 ---p 00000000 00:00 0 
67b04000-67bd5000 rwxp 00000000 00:00 0          [stack:4828]
67bd5000-67d5e000 r--p 00000000 08:01 280743     /usr/lib/locale/locale-archive
67d5e000-67e00000 rwxp 00000000 00:00 0          [stack:4825]
67e00000-67efe000 rw-p 00000000 00:00 0 
67efe000-67f00000 ---p 00000000 00:00 0 
67f05000-67f06000 ---p 00000000 00:00 0 
67f06000-67f86000 rwxp 00000000 00:00 0          [stack:4824]
67f86000-67fcf000 rw-p 00000000 00:00 0 
67fcf000-68180000 r--s 01d23000 08:01 1199595    /usr/lib/jvm/java-7-openjdk/jre/lib/rt.jar
68180000-6aa00000 rw-p 00000000 00:00 0 
6aa00000-6aae6000 rw-p 00000000 00:00 0 
6aae6000-6ab00000 ---p 00000000 00:00 0 
6ab0b000-6ab1f000 r-xp 00000000 08:01 265844     /usr/lib/libresolv-2.20.so
6ab1f000-6ab20000 ---p 00014000 08:01 265844     /usr/lib/libresolv-2.20.so
6ab20000-6ab21000 r--p 00014000 08:01 265844     /usr/lib/libresolv-2.20.so
6ab21000-6ab22000 rw-p 00015000 08:01 265844     /usr/lib/libresolv-2.20.so
6ab22000-6ab7f000 rw-p 00000000 00:00 0 
6ab7f000-6ab80000 ---p 00000000 00:00 0 
6ab80000-6ac00000 rwxp 00000000 00:00 0          [stack:4823]
6ac00000-6ac21000 rw-p 00000000 00:00 0 
6ac21000-6ad00000 ---p 00000000 00:00 0 
6ad11000-6ad27000 r-xp 00000000 08:01 1199620    /usr/lib/jvm/java-7-openjdk/jre/lib/i386/libnet.so
6ad27000-6ad28000 rw-p 00015000 08:01 1199620    /usr/lib/jvm/java-7-openjdk/jre/lib/i386/libnet.so
6ad28000-6ad29000 ---p 00000000 00:00 0 
6ad29000-6ada9000 rwxp 00000000 00:00 0          [stack:4822]
6ada9000-6adb3000 rw-p 00000000 00:00 0 
6adb3000-6aeff000 rw-p 00000000 00:00 0 
6aeff000-6af07000 rw-p 00000000 00:00 0 
6af07000-6af3f000 rw-p 00000000 00:00 0 
6af3f000-6af49000 rw-p 00000000 00:00 0 
6af49000-6b094000 rw-p 00000000 00:00 0 
6b094000-6b0a7000 rw-p 00000000 00:00 0 
6b0a7000-6b13f000 rw-p 00000000 00:00 0 
6b13f000-6c140000 rw-p 00000000 00:00 0 
6c140000-73140000 rw-p 00000000 00:00 0 
73140000-744c0000 rw-p 00000000 00:00 0 
744c0000-9dbc0000 rw-p 00000000 00:00 0 
9dbc0000-a0140000 rw-p 00000000 00:00 0 
a2440000-b3140000 rw-p 00000000 00:00 0 
b3140000-b3149000 rw-p 00000000 00:00 0 
b3149000-b3200000 rw-p 00000000 00:00 0 
b3200000-b3440000 rwxp 00000000 00:00 0 
b3440000-b62fc000 rw-p 00000000 00:00 0 
b62fc000-b6300000 ---p 00000000 00:00 0 
b6305000-b6308000 r-xp 00000000 08:01 273734     /usr/lib/libgmodule-2.0.so.0.4200.0
b6308000-b6309000 r--p 00002000 08:01 273734     /usr/lib/libgmodule-2.0.so.0.4200.0
b6309000-b630a000 rw-p 00003000 08:01 273734     /usr/lib/libgmodule-2.0.so.0.4200.0
b630a000-b6310000 r-xp 00000000 08:01 273655     /usr/lib/libffi.so.6.0.2
b6310000-b6311000 r--p 00005000 08:01 273655     /usr/lib/libffi.so.6.0.2
b6311000-b6312000 rw-p 00006000 08:01 273655     /usr/lib/libffi.so.6.0.2
b6312000-b6322000 r-xp 00000000 08:01 1199621    /usr/lib/jvm/java-7-openjdk/jre/lib/i386/libnio.so
b6322000-b6323000 rw-p 0000f000 08:01 1199621    /usr/lib/jvm/java-7-openjdk/jre/lib/i386/libnio.so
b6323000-b6330000 r--s 0007f000 08:06 10750871   /home/cosmin/AndroidstudioProjects/DeskClock/app/libs/android-support-v13.jar
b6330000-b633e000 r--s 000dc000 08:06 2753460    /home/cosmin/Android/Sdk/build-tools/21.1.1/lib/dx.jar
b633e000-b6361000 rw-p 00000000 00:00 0 
b6361000-b6399000 rw-p 00000000 00:00 0 
b6399000-b63be000 r-xp 00000000 08:01 1199618    /usr/lib/jvm/java-7-openjdk/jre/lib/i386/libjava.so
b63be000-b63bf000 rw-p 00025000 08:01 1199618    /usr/lib/jvm/java-7-openjdk/jre/lib/i386/libjava.so
b63bf000-b63c6000 r-xp 00000000 08:01 265882     /usr/lib/librt-2.20.so
b63c6000-b63c7000 r--p 00007000 08:01 265882     /usr/lib/librt-2.20.so
b63c7000-b63c8000 rw-p 00008000 08:01 265882     /usr/lib/librt-2.20.so
b63c8000-b63c9000 ---p 00000000 00:00 0 
b63c9000-b6419000 rwxp 00000000 00:00 0          [stack:4821]
b6419000-b6435000 r-xp 00000000 08:01 269145     /usr/lib/libgcc_s.so.1
b6435000-b6436000 rw-p 0001b000 08:01 269145     /usr/lib/libgcc_s.so.1
b6436000-b6481000 r-xp 00000000 08:01 265869     /usr/lib/libm-2.20.so
b6481000-b6482000 r--p 0004a000 08:01 265869     /usr/lib/libm-2.20.so
b6482000-b6483000 rw-p 0004b000 08:01 265869     /usr/lib/libm-2.20.so
b6483000-b656c000 r-xp 00000000 08:01 269151     /usr/lib/libstdc++.so.6.0.20
b656c000-b6570000 r--p 000e9000 08:01 269151     /usr/lib/libstdc++.so.6.0.20
b6570000-b6571000 rw-p 000ed000 08:01 269151     /usr/lib/libstdc++.so.6.0.20
b6571000-b6578000 rw-p 00000000 00:00 0 
b6578000-b70b9000 r-xp 00000000 08:01 1199652    /usr/lib/jvm/java-7-openjdk/jre/lib/i386/server/libjvm.so
b70b9000-b7121000 rw-p 00b40000 08:01 1199652    /usr/lib/jvm/java-7-openjdk/jre/lib/i386/server/libjvm.so
b7121000-b753e000 rw-p 00000000 00:00 0 
b753e000-b7553000 r-xp 00000000 08:01 268895     /usr/lib/libz.so.1.2.8
b7553000-b7554000 r--p 00014000 08:01 268895     /usr/lib/libz.so.1.2.8
b7554000-b7555000 rw-p 00015000 08:01 268895     /usr/lib/libz.so.1.2.8
b7555000-b7706000 r-xp 00000000 08:01 265870     /usr/lib/libc-2.20.so
b7706000-b7709000 r--p 001b0000 08:01 265870     /usr/lib/libc-2.20.so
b7709000-b770b000 rw-p 001b3000 08:01 265870     /usr/lib/libc-2.20.so
b770b000-b770e000 rw-p 00000000 00:00 0 
b770e000-b7711000 r-xp 00000000 08:01 265843     /usr/lib/libdl-2.20.so
b7711000-b7712000 r--p 00002000 08:01 265843     /usr/lib/libdl-2.20.so
b7712000-b7713000 rw-p 00003000 08:01 265843     /usr/lib/libdl-2.20.so
b7713000-b771f000 r-xp 00000000 08:01 2104865    /usr/lib/jvm/java-7-openjdk/jre/lib/i386/jli/libjli.so
b771f000-b7720000 rw-p 0000b000 08:01 2104865    /usr/lib/jvm/java-7-openjdk/jre/lib/i386/jli/libjli.so
b7720000-b7738000 r-xp 00000000 08:01 265850     /usr/lib/libpthread-2.20.so
b7738000-b7739000 r--p 00017000 08:01 265850     /usr/lib/libpthread-2.20.so
b7739000-b773a000 rw-p 00018000 08:01 265850     /usr/lib/libpthread-2.20.so
b773a000-b773c000 rw-p 00000000 00:00 0 
b7740000-b7748000 r-xp 00000000 08:01 1199619    /usr/lib/jvm/java-7-openjdk/jre/lib/i386/libzip.so
b7748000-b7749000 rw-p 00007000 08:01 1199619    /usr/lib/jvm/java-7-openjdk/jre/lib/i386/libzip.so
b7749000-b7751000 rw-s 00000000 00:1f 135341     /tmp/hsperfdata_cosmin/4817
b7751000-b775d000 r-xp 00000000 08:01 265845     /usr/lib/libnss_files-2.20.so
b775d000-b775e000 r--p 0000b000 08:01 265845     /usr/lib/libnss_files-2.20.so
b775e000-b775f000 rw-p 0000c000 08:01 265845     /usr/lib/libnss_files-2.20.so
b775f000-b7760000 rw-p 00000000 00:00 0 
b7760000-b7761000 ---p 00000000 00:00 0 
b7761000-b776c000 r-xp 00000000 08:01 1199617    /usr/lib/jvm/java-7-openjdk/jre/lib/i386/libverify.so
b776c000-b776d000 rw-p 0000b000 08:01 1199617    /usr/lib/jvm/java-7-openjdk/jre/lib/i386/libverify.so
b776d000-b776f000 r--p 00000000 00:00 0          [vvar]
b776f000-b7770000 r-xp 00000000 00:00 0          [vdso]
b7770000-b7791000 r-xp 00000000 08:01 265847     /usr/lib/ld-2.20.so
b7791000-b7792000 rw-p 00000000 00:00 0 
b7792000-b7793000 r--p 00021000 08:01 265847     /usr/lib/ld-2.20.so
b7793000-b7794000 rw-p 00022000 08:01 265847     /usr/lib/ld-2.20.so
bfe0d000-bfe0e000 rwxp 00000000 00:00 0 
bfe3f000-bfe5f000 rwxp 00000000 00:00 0          [stack]
bfe5f000-bfe61000 rw-p 00000000 00:00 0 

VM Arguments:
jvm_args: -Xmx1024M -Dfile.encoding=UTF-8 -Duser.country=US -Duser.language=en -Duser.variant 
java_command: com.android.dx.command.Main --dex --output /home/cosmin/AndroidstudioProjects/DeskClock/app/build/intermediates/pre-dexed/debug/android-support-v13-02d592c5701d0401e37f4f95e4f2b8cacaaf66b7.jar /home/cosmin/AndroidstudioProjects/DeskClock/app/libs/android-support-v13.jar
Launcher Type: SUN_STANDARD

Environment Variables:
CLASSPATH=/home/cosmin/programs/android-studio/bin/../lib/bootstrap.jar:/home/cosmin/programs/android-studio/bin/../lib/extensions.jar:/home/cosmin/programs/android-studio/bin/../lib/util.jar:/home/cosmin/programs/android-studio/bin/../lib/jdom.jar:/home/cosmin/programs/android-studio/bin/../lib/log4j.jar:/home/cosmin/programs/android-studio/bin/../lib/trove4j.jar:/home/cosmin/programs/android-studio/bin/../lib/jna.jar:/usr/lib/jvm/java-8-openjdk/lib/tools.jar
PATH=/usr/local/sbin:/usr/local/bin:/usr/bin:/usr/lib/jvm/default/bin:/usr/bin/site_perl:/usr/bin/vendor_perl:/usr/bin/core_perl:/home/cosmin/.rvm/bin:/home/cosmin/.rvm/bin:/home/cosmin/Android/Sdk/tools/:/home/cosmin/programs/android-studio/bin/
LD_LIBRARY_PATH=/home/cosmin/programs/android-studio/bin:
SHELL=/bin/bash
DISPLAY=:0

Signal Handlers:
SIGSEGV: [libjvm.so+0x7ebb60], sa_mask[0]=0x7ffbfeff, sa_flags=0x10000004
SIGBUS: [libjvm.so+0x7ebb60], sa_mask[0]=0x7ffbfeff, sa_flags=0x10000004
SIGFPE: [libjvm.so+0x66f790], sa_mask[0]=0x7ffbfeff, sa_flags=0x10000004
SIGPIPE: [libjvm.so+0x66f790], sa_mask[0]=0x7ffbfeff, sa_flags=0x10000004
SIGXFSZ: [libjvm.so+0x66f790], sa_mask[0]=0x7ffbfeff, sa_flags=0x10000004
SIGILL: [libjvm.so+0x66f790], sa_mask[0]=0x7ffbfeff, sa_flags=0x10000004
SIGUSR1: SIG_DFL, sa_mask[0]=0x00000000, sa_flags=0x00000000
SIGUSR2: [libjvm.so+0x66f5e0], sa_mask[0]=0x00000004, sa_flags=0x10000004
SIGHUP: [libjvm.so+0x66f840], sa_mask[0]=0x7ffbfeff, sa_flags=0x10000004
SIGINT: [libjvm.so+0x66f840], sa_mask[0]=0x7ffbfeff, sa_flags=0x10000004
SIGTERM: [libjvm.so+0x66f840], sa_mask[0]=0x7ffbfeff, sa_flags=0x10000004
SIGQUIT: [libjvm.so+0x66f840], sa_mask[0]=0x7ffbfeff, sa_flags=0x10000004
SIGTRAP: SIG_DFL, sa_mask[0]=0x00000000, sa_flags=0x00000000


---------------  S Y S T E M  ---------------

OS:Linux
uname:Linux 3.18.6-1-ARCH #1 SMP PREEMPT Sat Feb 7 08:59:29 CET 2015 i686
libc:glibc 2.20 NPTL 2.20 
rlimit: STACK 8192k, CORE 0k, NPROC 15055, NOFILE 4096, AS infinity
load average:2.28 1.27 0.77

/proc/meminfo:
MemTotal:        1931220 kB
MemFree:          107740 kB
MemAvailable:      62384 kB
Buffers:             640 kB
Cached:            95488 kB
SwapCached:            0 kB
Active:          1673420 kB
Inactive:          67472 kB
Active(anon):    1658776 kB
Inactive(anon):    53500 kB
Active(file):      14644 kB
Inactive(file):    13972 kB
Unevictable:           0 kB
Mlocked:               0 kB
HighTotal:       1049856 kB
HighFree:          17016 kB
LowTotal:         881364 kB
LowFree:           90724 kB
SwapTotal:             0 kB
SwapFree:              0 kB
Dirty:               176 kB
Writeback:             0 kB
AnonPages:       1644980 kB
Mapped:            55608 kB
Shmem:             67296 kB
Slab:              31964 kB
SReclaimable:      17436 kB
SUnreclaim:        14528 kB
KernelStack:        2744 kB
PageTables:         7728 kB
NFS_Unstable:          0 kB
Bounce:                0 kB
WritebackTmp:          0 kB
CommitLimit:      965608 kB
Committed_AS:    3541148 kB
VmallocTotal:     122880 kB
VmallocUsed:       27412 kB
VmallocChunk:      92824 kB
HardwareCorrupted:     0 kB
AnonHugePages:    905216 kB
HugePages_Total:       0
HugePages_Free:        0
HugePages_Rsvd:        0
HugePages_Surp:        0
Hugepagesize:       4096 kB
DirectMap4k:       40952 kB
DirectMap4M:      868352 kB


CPU:total 2 (2 cores per cpu, 1 threads per core) family 6 model 23 stepping 10, cmov, cx8, fxsr, mmx, sse, sse2, sse3, ssse3, sse4.1, tsc

/proc/cpuinfo:
processor	: 0
vendor_id	: GenuineIntel
cpu family	: 6
model		: 23
model name	: Intel(R) Core(TM)2 Duo CPU     T6670  @ 2.20GHz
stepping	: 10
microcode	: 0xa07
cpu MHz		: 2201.000
cache size	: 2048 KB
physical id	: 0
siblings	: 2
core id		: 0
cpu cores	: 2
apicid		: 0
initial apicid	: 0
fdiv_bug	: no
f00f_bug	: no
coma_bug	: no
fpu		: yes
fpu_exception	: yes
cpuid level	: 13
wp		: yes
flags		: fpu vme de pse tsc msr pae mce cx8 apic sep mtrr pge mca cmov pat pse36 clflush dts acpi mmx fxsr sse sse2 ss ht tm pbe nx lm constant_tsc arch_perfmon pebs bts aperfmperf pni dtes64 monitor ds_cpl vmx est tm2 ssse3 cx16 xtpr pdcm sse4_1 xsave lahf_lm ida dtherm tpr_shadow vnmi flexpriority
bugs		:
bogomips	: 4390.72
clflush size	: 64
cache_alignment	: 64
address sizes	: 36 bits physical, 48 bits virtual
power management:

processor	: 1
vendor_id	: GenuineIntel
cpu family	: 6
model		: 23
model name	: Intel(R) Core(TM)2 Duo CPU     T6670  @ 2.20GHz
stepping	: 10
microcode	: 0xa07
cpu MHz		: 1200.000
cache size	: 2048 KB
physical id	: 0
siblings	: 2
core id		: 1
cpu cores	: 2
apicid		: 1
initial apicid	: 1
fdiv_bug	: no
f00f_bug	: no
coma_bug	: no
fpu		: yes
fpu_exception	: yes
cpuid level	: 13
wp		: yes
flags		: fpu vme de pse tsc msr pae mce cx8 apic sep mtrr pge mca cmov pat pse36 clflush dts acpi mmx fxsr sse sse2 ss ht tm pbe nx lm constant_tsc arch_perfmon pebs bts aperfmperf pni dtes64 monitor ds_cpl vmx est tm2 ssse3 cx16 xtpr pdcm sse4_1 xsave lahf_lm ida dtherm tpr_shadow vnmi flexpriority
bugs		:
bogomips	: 4390.72
clflush size	: 64
cache_alignment	: 64
address sizes	: 36 bits physical, 48 bits virtual
power management:



Memory: 4k page, physical 1931220k(107740k free), swap 0k(0k free)

vm_info: OpenJDK Server VM (24.75-b04) for linux-x86 JRE (1.7.0_75-b13), built on Jan 23 2015 12:19:02 by "builduser" with gcc 4.9.2 20141224 (prerelease)

time: Sat Apr 11 21:43:02 2015
elapsed time: 5 seconds

