#
# There is insufficient memory for the Java Runtime Environment to continue.
# Native memory allocation (malloc) failed to allocate 15728640 bytes for committing reserved memory.
# Possible reasons:
#   The system is out of physical RAM or swap space
#   In 32 bit mode, the process size limit was hit
# Possible solutions:
#   Reduce memory load on the system
#   Increase physical memory or swap space
#   Check if swap backing store is full
#   Use 64 bit Java on a 64 bit OS
#   Decrease Java heap size (-Xmx/-Xms)
#   Decrease number of Java threads
#   Decrease Java thread stack sizes (-Xss)
#   Set larger code cache with -XX:ReservedCodeCacheSize=
# This output file may be truncated or incomplete.
#
#  Out of Memory Error (os_linux.cpp:2798), pid=4955, tid=1744628544
#
# JRE version: OpenJDK Runtime Environment (7.0_75-b13) (build 1.7.0_75-b13)
# Java VM: OpenJDK Server VM (24.75-b04 mixed mode linux-x86 )
# Derivative: IcedTea 2.5.4
# Distribution: Custom build (Fri Jan 23 12:16:03 UTC 2015)
# Failed to write core dump. Core dumps have been disabled. To enable core dumping, try "ulimit -c unlimited" before starting Java again
#

---------------  T H R E A D  ---------------

Current thread (0x67e10400):  VMThread [stack: 0x67f4e000,0x67fcf000] [id=4964]

Stack: [0x67f4e000,0x67fcf000]
VM_Operation (0xb642e8f4): ParallelGCFailedAllocation, mode: safepoint, requested by thread 0xb6206c00


---------------  P R O C E S S  ---------------

Java Threads: ( => current thread )
  0x67e2b800 JavaThread "Service Thread" daemon [_thread_blocked, id=4970, stack(0x67a31000,0x67a82000)]
  0x67e29c00 JavaThread "C2 CompilerThread1" daemon [_thread_blocked, id=4969, stack(0x67a82000,0x67b03000)]
  0x67e27c00 JavaThread "C2 CompilerThread0" daemon [_thread_blocked, id=4968, stack(0x67b03000,0x67b84000)]
  0x67e26400 JavaThread "Signal Dispatcher" daemon [_thread_blocked, id=4967, stack(0x67b84000,0x67bd5000)]
  0x67e14400 JavaThread "Finalizer" daemon [_thread_blocked, id=4966, stack(0x67d5e000,0x67daf000)]
  0x67e12c00 JavaThread "Reference Handler" daemon [_thread_blocked, id=4965, stack(0x67daf000,0x67e00000)]
  0xb6206c00 JavaThread "main" [_thread_blocked, id=4961, stack(0xb63df000,0xb6430000)]

Other Threads:
=>0x67e10400 VMThread [stack: 0x67f4e000,0x67fcf000] [id=4964]
  0x67e2d800 WatcherThread [stack: 0x679b0000,0x67a31000] [id=4971]

VM state:at safepoint (normal execution)

VM Mutex/Monitor currently owned by a thread:  ([mutex/lock_event])
[0xb6205170] Threads_lock - owner thread: 0x67e10400
[0xb6205580] Heap_lock - owner thread: 0xb6206c00

Heap
 PSYoungGen      total 16640K, used 1272K [0x9dbc0000, 0x9ed40000, 0xb3140000)
  eden space 15360K, 0% used [0x9dbc0000,0x9dbc0000,0x9eac0000)
  from space 1280K, 99% used [0x9eac0000,0x9ebfe0f0,0x9ec00000)
  to   space 1280K, 0% used [0x9ec00000,0x9ec00000,0x9ed40000)
 ParOldGen       total 19968K, used 5086K [0x73140000, 0x744c0000, 0x9dbc0000)
  object space 19968K, 25% used [0x73140000,0x73637b08,0x744c0000)
 PSPermGen       total 16384K, used 3922K [0x6b140000, 0x6c140000, 0x73140000)
  object space 16384K, 23% used [0x6b140000,0x6b5149f8,0x6c140000)

Card table byte_map: [0x6aeff000,0x6b140000] byte_map_base: 0x6aba6600

Polling page: 0xb7777000

Code Cache  [0xb3200000, 0xb3440000, 0xb6200000)
 total_blobs=382 nmethods=263 adapters=73 free_code_cache=48223Kb largest_free_block=49345856

Compilation events (10 events):
Event: 4.862 Thread 0x67e29c00 nmethod 257 0xb32eea08 code [0xb32eec80, 0xb32ef888]
Event: 4.862 Thread 0x67e27c00 nmethod 260 0xb324ab08 code [0xb324ac20, 0xb324ae90]
Event: 4.862 Thread 0x67e29c00  261             com.android.dx.ssa.NormalSsaInsn::<init> (15 bytes)
Event: 4.862 Thread 0x67e27c00  262             com.android.dx.ssa.SsaMethod$2::visitNonMoveInsn (6 bytes)
Event: 4.863 Thread 0x67e27c00 nmethod 262 0xb32d6008 code [0xb32d6100, 0xb32d615c]
Event: 4.863 Thread 0x67e27c00  263             com.android.dx.cf.code.BasicBlocker::getBlockList (208 bytes)
Event: 4.863 Thread 0x67e29c00 nmethod 261 0xb32de3c8 code [0xb32de4c0, 0xb32de550]
Event: 4.881 Thread 0x67e27c00 nmethod 263 0xb32d4588 code [0xb32d4740, 0xb32d5130]
Event: 8.438 Thread 0x67e29c00  264   !         com.android.dx.rop.type.Type::intern (319 bytes)
Event: 8.536 Thread 0x67e27c00  265             com.android.dx.ssa.SsaMethod::blockIndexToRopLabel (21 bytes)

GC Heap History (5 events):
Event: 3.006 GC heap before
{Heap before GC invocations=1 (full 0):
 PSYoungGen      total 8960K, used 7680K [0x9dbc0000, 0x9e5c0000, 0xb3140000)
  eden space 7680K, 100% used [0x9dbc0000,0x9e340000,0x9e340000)
  from space 1280K, 0% used [0x9e480000,0x9e480000,0x9e5c0000)
  to   space 1280K, 0% used [0x9e340000,0x9e340000,0x9e480000)
 ParOldGen       total 19968K, used 0K [0x73140000, 0x744c0000, 0x9dbc0000)
  object space 19968K, 0% used [0x73140000,0x73140000,0x744c0000)
 PSPermGen       total 16384K, used 3713K [0x6b140000, 0x6c140000, 0x73140000)
  object space 16384K, 22% used [0x6b140000,0x6b4e0428,0x6c140000)
Event: 3.178 GC heap after
Heap after GC invocations=1 (full 0):
 PSYoungGen      total 8960K, used 1276K [0x9dbc0000, 0x9ed40000, 0xb3140000)
  eden space 7680K, 0% used [0x9dbc0000,0x9dbc0000,0x9e340000)
  from space 1280K, 99% used [0x9e340000,0x9e47f1a0,0x9e480000)
  to   space 1280K, 0% used [0x9ec00000,0x9ec00000,0x9ed40000)
 ParOldGen       total 19968K, used 1296K [0x73140000, 0x744c0000, 0x9dbc0000)
  object space 19968K, 6% used [0x73140000,0x732841e0,0x744c0000)
 PSPermGen       total 16384K, used 3713K [0x6b140000, 0x6c140000, 0x73140000)
  object space 16384K, 22% used [0x6b140000,0x6b4e0428,0x6c140000)
}
Event: 3.700 GC heap before
{Heap before GC invocations=2 (full 0):
 PSYoungGen      total 8960K, used 8956K [0x9dbc0000, 0x9ed40000, 0xb3140000)
  eden space 7680K, 100% used [0x9dbc0000,0x9e340000,0x9e340000)
  from space 1280K, 99% used [0x9e340000,0x9e47f1a0,0x9e480000)
  to   space 1280K, 0% used [0x9ec00000,0x9ec00000,0x9ed40000)
 ParOldGen       total 19968K, used 1296K [0x73140000, 0x744c0000, 0x9dbc0000)
  object space 19968K, 6% used [0x73140000,0x732841e0,0x744c0000)
 PSPermGen       total 16384K, used 3820K [0x6b140000, 0x6c140000, 0x73140000)
  object space 16384K, 23% used [0x6b140000,0x6b4fb2c0,0x6c140000)
Event: 3.715 GC heap after
Heap after GC invocations=2 (full 0):
 PSYoungGen      total 16640K, used 1274K [0x9dbc0000, 0x9ed40000, 0xb3140000)
  eden space 15360K, 0% used [0x9dbc0000,0x9dbc0000,0x9eac0000)
  from space 1280K, 99% used [0x9ec00000,0x9ed3eba0,0x9ed40000)
  to   space 1280K, 0% used [0x9eac0000,0x9eac0000,0x9ec00000)
 ParOldGen       total 19968K, used 2348K [0x73140000, 0x744c0000, 0x9dbc0000)
  object space 19968K, 11% used [0x73140000,0x7338b390,0x744c0000)
 PSPermGen       total 16384K, used 3820K [0x6b140000, 0x6c140000, 0x73140000)
  object space 16384K, 23% used [0x6b140000,0x6b4fb2c0,0x6c140000)
}
Event: 8.651 GC heap before
{Heap before GC invocations=3 (full 0):
 PSYoungGen      total 16640K, used 16634K [0x9dbc0000, 0x9ed40000, 0xb3140000)
  eden space 15360K, 100% used [0x9dbc0000,0x9eac0000,0x9eac0000)
  from space 1280K, 99% used [0x9ec00000,0x9ed3eba0,0x9ed40000)
  to   space 1280K, 0% used [0x9eac0000,0x9eac0000,0x9ec00000)
 ParOldGen       total 19968K, used 2348K [0x73140000, 0x744c0000, 0x9dbc0000)
  object space 19968K, 11% used [0x73140000,0x7338b390,0x744c0000)
 PSPermGen       total 16384K, used 3922K [0x6b140000, 0x6c140000, 0x73140000)
  object space 16384K, 23% used [0x6b140000,0x6b5149f8,0x6c140000)

Deoptimization events (10 events):
Event: 3.343 Thread 0xb6206c00 Uncommon trap: reason=class_check action=maybe_recompile pc=0xb32581a8 method=com.android.dx.ssa.NormalSsaInsn.accept(Lcom/android/dx/ssa/SsaInsn$Visitor;)V @ 9
Event: 3.376 Thread 0xb6206c00 Uncommon trap: reason=null_check action=make_not_entrant pc=0xb325b940 method=com.android.dx.rop.code.LocalItem.equals(Ljava/lang/Object;)Z @ 1
Event: 3.662 Thread 0xb6206c00 Uncommon trap: reason=class_check action=maybe_recompile pc=0xb326809c method=com.android.dx.rop.type.Type.equals(Ljava/lang/Object;)Z @ 8
Event: 3.665 Thread 0xb6206c00 Uncommon trap: reason=class_check action=maybe_recompile pc=0xb326809c method=com.android.dx.rop.type.Type.equals(Ljava/lang/Object;)Z @ 8
Event: 3.665 Thread 0xb6206c00 Uncommon trap: reason=null_check action=make_not_entrant pc=0xb3261fac method=com.android.dx.ssa.SsaRenamer.getLocalForNewReg(I)Lcom/android/dx/rop/code/LocalItem; @ 19
Event: 3.675 Thread 0xb6206c00 Uncommon trap: reason=class_check action=maybe_recompile pc=0xb3276070 method=com.android.dx.rop.type.Type.equals(Ljava/lang/Object;)Z @ 8
Event: 3.677 Thread 0xb6206c00 Uncommon trap: reason=class_check action=maybe_recompile pc=0xb3276070 method=com.android.dx.rop.type.Type.equals(Ljava/lang/Object;)Z @ 8
Event: 3.812 Thread 0xb6206c00 Uncommon trap: reason=class_check action=maybe_recompile pc=0xb326809c method=com.android.dx.rop.type.Type.equals(Ljava/lang/Object;)Z @ 8
Event: 4.479 Thread 0xb6206c00 Uncommon trap: reason=unreached action=reinterpret pc=0xb32c5ae0 method=com.android.dx.rop.code.LocalVariableExtractor.processBlock(I)V @ 195
Event: 8.392 Thread 0xb6206c00 Uncommon trap: reason=null_check action=make_not_entrant pc=0xb32bca88 method=com.android.dx.rop.type.Type.putIntern(Lcom/android/dx/rop/type/Type;)Lcom/android/dx/rop/type/Type; @ 18

Internal exceptions (10 events):
Event: 3.238 Thread 0xb6206c00 Threw 0x9dcd1b10 at /build/java7-openjdk/src/icedtea-2.5.4/openjdk/hotspot/src/share/vm/prims/jvm.cpp:1284
Event: 3.239 Thread 0xb6206c00 Threw 0x9dcd6a70 at /build/java7-openjdk/src/icedtea-2.5.4/openjdk/hotspot/src/share/vm/prims/jvm.cpp:1284
Event: 3.246 Thread 0xb6206c00 Threw 0x9dcf5df0 at /build/java7-openjdk/src/icedtea-2.5.4/openjdk/hotspot/src/share/vm/prims/jvm.cpp:1284
Event: 3.271 Thread 0xb6206c00 Threw 0x9dd4a6c8 at /build/java7-openjdk/src/icedtea-2.5.4/openjdk/hotspot/src/share/vm/prims/jvm.cpp:1284
Event: 3.376 Thread 0xb6206c00 Implicit null exception at 0xb325b79c to 0xb325b921
Event: 3.597 Thread 0xb6206c00 Threw 0x9e2a5f70 at /build/java7-openjdk/src/icedtea-2.5.4/openjdk/hotspot/src/share/vm/prims/jvm.cpp:1284
Event: 3.665 Thread 0xb6206c00 Implicit null exception at 0xb326170b to 0xb3261f9d
Event: 3.781 Thread 0xb6206c00 Threw 0x9dc86eb8 at /build/java7-openjdk/src/icedtea-2.5.4/openjdk/hotspot/src/share/vm/prims/jvm.cpp:1284
Event: 3.838 Thread 0xb6206c00 Threw 0x9dd4c430 at /build/java7-openjdk/src/icedtea-2.5.4/openjdk/hotspot/src/share/vm/prims/jvm.cpp:1284
Event: 8.313 Thread 0xb6206c00 Implicit null exception at 0xb32bc4aa to 0xb32bca79

Events (10 events):
Event: 3.979 loading class 0x6ab5def0 done
Event: 4.479 Thread 0xb6206c00 Uncommon trap: trap_request=0xffffffad fr.pc=0xb32c5ae0
Event: 4.479 Thread 0xb6206c00 DEOPT PACKING pc=0xb32c5ae0 sp=0xb642eb40
Event: 4.479 Thread 0xb6206c00 DEOPT UNPACKING pc=0xb322cbc8 sp=0xb642eb40 mode 2
Event: 5.071 Executing VM operation: EnableBiasedLocking
Event: 5.252 Executing VM operation: EnableBiasedLocking done
Event: 8.313 Thread 0xb6206c00 Uncommon trap: trap_request=0xfffffff4 fr.pc=0xb32bca88
Event: 8.411 Thread 0xb6206c00 DEOPT PACKING pc=0xb32bca88 sp=0xb642ead0
Event: 8.411 Thread 0xb6206c00 DEOPT UNPACKING pc=0xb322cbc8 sp=0xb642ea68 mode 2
Event: 8.583 Executing VM operation: ParallelGCFailedAllocation


Dynamic libraries:
08048000-08049000 r-xp 00000000 08:01 1199653    /usr/lib/jvm/java-7-openjdk/jre/bin/java
08049000-0804a000 rw-p 00000000 08:01 1199653    /usr/lib/jvm/java-7-openjdk/jre/bin/java
0848b000-087c6000 rw-p 00000000 00:00 0          [heap]
67200000-672ec000 rw-p 00000000 00:00 0 
672ec000-67300000 ---p 00000000 00:00 0 
67300000-673fc000 rw-p 00000000 00:00 0 
673fc000-67400000 ---p 00000000 00:00 0 
67400000-67442000 rw-p 00000000 00:00 0 
67442000-67500000 ---p 00000000 00:00 0 
675ee000-67602000 r-xp 00000000 08:01 265844     /usr/lib/libresolv-2.20.so
67602000-67603000 ---p 00014000 08:01 265844     /usr/lib/libresolv-2.20.so
67603000-67604000 r--p 00014000 08:01 265844     /usr/lib/libresolv-2.20.so
67604000-67605000 rw-p 00015000 08:01 265844     /usr/lib/libresolv-2.20.so
67605000-67607000 rw-p 00000000 00:00 0 
67607000-67678000 r-xp 00000000 08:01 273525     /usr/lib/libpcre.so.1.2.4
67678000-67679000 r--p 00070000 08:01 273525     /usr/lib/libpcre.so.1.2.4
67679000-6767a000 rw-p 00071000 08:01 273525     /usr/lib/libpcre.so.1.2.4
6767a000-6779e000 r-xp 00000000 08:01 273733     /usr/lib/libglib-2.0.so.0.4200.0
6779e000-6779f000 r--p 00124000 08:01 273733     /usr/lib/libglib-2.0.so.0.4200.0
6779f000-677a0000 rw-p 00125000 08:01 273733     /usr/lib/libglib-2.0.so.0.4200.0
677a0000-677fa000 r-xp 00000000 08:01 273736     /usr/lib/libgobject-2.0.so.0.4200.0
677fa000-677fb000 r--p 0005a000 08:01 273736     /usr/lib/libgobject-2.0.so.0.4200.0
677fb000-677fc000 rw-p 0005b000 08:01 273736     /usr/lib/libgobject-2.0.so.0.4200.0
677fc000-679ab000 r-xp 00000000 08:01 273737     /usr/lib/libgio-2.0.so.0.4200.0
679ab000-679ae000 r--p 001ae000 08:01 273737     /usr/lib/libgio-2.0.so.0.4200.0
679ae000-679af000 rw-p 001b1000 08:01 273737     /usr/lib/libgio-2.0.so.0.4200.0
679af000-679b0000 rw-p 00000000 00:00 0 
679b0000-679b1000 ---p 00000000 00:00 0 
679b1000-67a82000 rwxp 00000000 00:00 0          [stack:4970]
67a82000-67a83000 ---p 00000000 00:00 0 
67a83000-67b03000 rwxp 00000000 00:00 0          [stack:4969]
67b03000-67b04000 ---p 00000000 00:00 0 
67b04000-67bd5000 rwxp 00000000 00:00 0          [stack:4967]
67bd5000-67d5e000 r--p 00000000 08:01 280743     /usr/lib/locale/locale-archive
67d5e000-67e00000 rwxp 00000000 00:00 0          [stack:4965]
67e00000-67efe000 rw-p 00000000 00:00 0 
67efe000-67f00000 ---p 00000000 00:00 0 
67f37000-67f4d000 r-xp 00000000 08:01 1199620    /usr/lib/jvm/java-7-openjdk/jre/lib/i386/libnet.so
67f4d000-67f4e000 rw-p 00015000 08:01 1199620    /usr/lib/jvm/java-7-openjdk/jre/lib/i386/libnet.so
67f4e000-67f4f000 ---p 00000000 00:00 0 
67f4f000-67fcf000 rwxp 00000000 00:00 0          [stack:4964]
67fcf000-68180000 r--s 01d23000 08:01 1199595    /usr/lib/jvm/java-7-openjdk/jre/lib/rt.jar
68180000-6aa00000 rw-p 00000000 00:00 0 
6aa00000-6aafe000 rw-p 00000000 00:00 0 
6aafe000-6ab00000 ---p 00000000 00:00 0 
6ab13000-6ab23000 r-xp 00000000 08:01 1199621    /usr/lib/jvm/java-7-openjdk/jre/lib/i386/libnio.so
6ab23000-6ab24000 rw-p 0000f000 08:01 1199621    /usr/lib/jvm/java-7-openjdk/jre/lib/i386/libnio.so
6ab24000-6ab7f000 rw-p 00000000 00:00 0 
6ab7f000-6ab80000 ---p 00000000 00:00 0 
6ab80000-6ac00000 rwxp 00000000 00:00 0          [stack:4963]
6ac00000-6ac21000 rw-p 00000000 00:00 0 
6ac21000-6ad00000 ---p 00000000 00:00 0 
6ad08000-6ad0b000 r-xp 00000000 08:01 273734     /usr/lib/libgmodule-2.0.so.0.4200.0
6ad0b000-6ad0c000 r--p 00002000 08:01 273734     /usr/lib/libgmodule-2.0.so.0.4200.0
6ad0c000-6ad0d000 rw-p 00003000 08:01 273734     /usr/lib/libgmodule-2.0.so.0.4200.0
6ad0d000-6ad1a000 r--s 0007f000 08:06 10750871   /home/cosmin/AndroidstudioProjects/DeskClock/app/libs/android-support-v13.jar
6ad1a000-6ad28000 r--s 000dc000 08:06 2753460    /home/cosmin/Android/Sdk/build-tools/21.1.1/lib/dx.jar
6ad28000-6ad29000 ---p 00000000 00:00 0 
6ad29000-6ada9000 rwxp 00000000 00:00 0          [stack:4962]
6ada9000-6adb3000 rw-p 00000000 00:00 0 
6adb3000-6aeff000 rw-p 00000000 00:00 0 
6aeff000-6af07000 rw-p 00000000 00:00 0 
6af07000-6af3f000 rw-p 00000000 00:00 0 
6af3f000-6af49000 rw-p 00000000 00:00 0 
6af49000-6b094000 rw-p 00000000 00:00 0 
6b094000-6b09d000 rw-p 00000000 00:00 0 
6b09d000-6b13f000 rw-p 00000000 00:00 0 
6b13f000-6c140000 rw-p 00000000 00:00 0 
6c140000-73140000 rw-p 00000000 00:00 0 
73140000-744c0000 rw-p 00000000 00:00 0 
744c0000-9dbc0000 rw-p 00000000 00:00 0 
9dbc0000-9ed40000 rw-p 00000000 00:00 0 
9fc40000-b3140000 rw-p 00000000 00:00 0 
b3140000-b3149000 rw-p 00000000 00:00 0 
b3149000-b3200000 rw-p 00000000 00:00 0 
b3200000-b3440000 rwxp 00000000 00:00 0 
b3440000-b62fc000 rw-p 00000000 00:00 0 
b62fc000-b6300000 ---p 00000000 00:00 0 
b6304000-b630a000 r-xp 00000000 08:01 273655     /usr/lib/libffi.so.6.0.2
b630a000-b630b000 r--p 00005000 08:01 273655     /usr/lib/libffi.so.6.0.2
b630b000-b630c000 rw-p 00006000 08:01 273655     /usr/lib/libffi.so.6.0.2
b630c000-b6378000 rw-p 00000000 00:00 0 
b6378000-b63b0000 rw-p 00000000 00:00 0 
b63b0000-b63d5000 r-xp 00000000 08:01 1199618    /usr/lib/jvm/java-7-openjdk/jre/lib/i386/libjava.so
b63d5000-b63d6000 rw-p 00025000 08:01 1199618    /usr/lib/jvm/java-7-openjdk/jre/lib/i386/libjava.so
b63d6000-b63dd000 r-xp 00000000 08:01 265882     /usr/lib/librt-2.20.so
b63dd000-b63de000 r--p 00007000 08:01 265882     /usr/lib/librt-2.20.so
b63de000-b63df000 rw-p 00008000 08:01 265882     /usr/lib/librt-2.20.so
b63df000-b63e0000 ---p 00000000 00:00 0 
b63e0000-b6430000 rwxp 00000000 00:00 0          [stack:4961]
b6430000-b644c000 r-xp 00000000 08:01 269145     /usr/lib/libgcc_s.so.1
b644c000-b644d000 rw-p 0001b000 08:01 269145     /usr/lib/libgcc_s.so.1
b644d000-b6498000 r-xp 00000000 08:01 265869     /usr/lib/libm-2.20.so
b6498000-b6499000 r--p 0004a000 08:01 265869     /usr/lib/libm-2.20.so
b6499000-b649a000 rw-p 0004b000 08:01 265869     /usr/lib/libm-2.20.so
b649a000-b6583000 r-xp 00000000 08:01 269151     /usr/lib/libstdc++.so.6.0.20
b6583000-b6587000 r--p 000e9000 08:01 269151     /usr/lib/libstdc++.so.6.0.20
b6587000-b6588000 rw-p 000ed000 08:01 269151     /usr/lib/libstdc++.so.6.0.20
b6588000-b658f000 rw-p 00000000 00:00 0 
b658f000-b70d0000 r-xp 00000000 08:01 1199652    /usr/lib/jvm/java-7-openjdk/jre/lib/i386/server/libjvm.so
b70d0000-b7138000 rw-p 00b40000 08:01 1199652    /usr/lib/jvm/java-7-openjdk/jre/lib/i386/server/libjvm.so
b7138000-b7555000 rw-p 00000000 00:00 0 
b7555000-b756a000 r-xp 00000000 08:01 268895     /usr/lib/libz.so.1.2.8
b756a000-b756b000 r--p 00014000 08:01 268895     /usr/lib/libz.so.1.2.8
b756b000-b756c000 rw-p 00015000 08:01 268895     /usr/lib/libz.so.1.2.8
b756c000-b771d000 r-xp 00000000 08:01 265870     /usr/lib/libc-2.20.so
b771d000-b7720000 r--p 001b0000 08:01 265870     /usr/lib/libc-2.20.so
b7720000-b7722000 rw-p 001b3000 08:01 265870     /usr/lib/libc-2.20.so
b7722000-b7725000 rw-p 00000000 00:00 0 
b7725000-b7728000 r-xp 00000000 08:01 265843     /usr/lib/libdl-2.20.so
b7728000-b7729000 r--p 00002000 08:01 265843     /usr/lib/libdl-2.20.so
b7729000-b772a000 rw-p 00003000 08:01 265843     /usr/lib/libdl-2.20.so
b772a000-b7736000 r-xp 00000000 08:01 2104865    /usr/lib/jvm/java-7-openjdk/jre/lib/i386/jli/libjli.so
b7736000-b7737000 rw-p 0000b000 08:01 2104865    /usr/lib/jvm/java-7-openjdk/jre/lib/i386/jli/libjli.so
b7737000-b774f000 r-xp 00000000 08:01 265850     /usr/lib/libpthread-2.20.so
b774f000-b7750000 r--p 00017000 08:01 265850     /usr/lib/libpthread-2.20.so
b7750000-b7751000 rw-p 00018000 08:01 265850     /usr/lib/libpthread-2.20.so
b7751000-b7753000 rw-p 00000000 00:00 0 
b7757000-b775f000 r-xp 00000000 08:01 1199619    /usr/lib/jvm/java-7-openjdk/jre/lib/i386/libzip.so
b775f000-b7760000 rw-p 00007000 08:01 1199619    /usr/lib/jvm/java-7-openjdk/jre/lib/i386/libzip.so
b7760000-b7768000 rw-s 00000000 00:1f 137760     /tmp/hsperfdata_cosmin/4955
b7768000-b7774000 r-xp 00000000 08:01 265845     /usr/lib/libnss_files-2.20.so
b7774000-b7775000 r--p 0000b000 08:01 265845     /usr/lib/libnss_files-2.20.so
b7775000-b7776000 rw-p 0000c000 08:01 265845     /usr/lib/libnss_files-2.20.so
b7776000-b7777000 rw-p 00000000 00:00 0 
b7777000-b7778000 ---p 00000000 00:00 0 
b7778000-b7783000 r-xp 00000000 08:01 1199617    /usr/lib/jvm/java-7-openjdk/jre/lib/i386/libverify.so
b7783000-b7784000 rw-p 0000b000 08:01 1199617    /usr/lib/jvm/java-7-openjdk/jre/lib/i386/libverify.so
b7784000-b7786000 r--p 00000000 00:00 0          [vvar]
b7786000-b7787000 r-xp 00000000 00:00 0          [vdso]
b7787000-b77a8000 r-xp 00000000 08:01 265847     /usr/lib/ld-2.20.so
b77a8000-b77a9000 rw-p 00000000 00:00 0 
b77a9000-b77aa000 r--p 00021000 08:01 265847     /usr/lib/ld-2.20.so
b77aa000-b77ab000 rw-p 00022000 08:01 265847     /usr/lib/ld-2.20.so
bfcae000-bfcaf000 rwxp 00000000 00:00 0 
bfce0000-bfcff000 rwxp 00000000 00:00 0          [stack]
bfcff000-bfd02000 rw-p 00000000 00:00 0 

VM Arguments:
jvm_args: -Xmx1024M -Dfile.encoding=UTF-8 -Duser.country=US -Duser.language=en -Duser.variant 
java_command: com.android.dx.command.Main --dex --output /home/cosmin/AndroidstudioProjects/DeskClock/app/build/intermediates/pre-dexed/debug/android-support-v13-02d592c5701d0401e37f4f95e4f2b8cacaaf66b7.jar /home/cosmin/AndroidstudioProjects/DeskClock/app/libs/android-support-v13.jar
Launcher Type: SUN_STANDARD

Environment Variables:
CLASSPATH=/home/cosmin/programs/android-studio/bin/../lib/bootstrap.jar:/home/cosmin/programs/android-studio/bin/../lib/extensions.jar:/home/cosmin/programs/android-studio/bin/../lib/util.jar:/home/cosmin/programs/android-studio/bin/../lib/jdom.jar:/home/cosmin/programs/android-studio/bin/../lib/log4j.jar:/home/cosmin/programs/android-studio/bin/../lib/trove4j.jar:/home/cosmin/programs/android-studio/bin/../lib/jna.jar:/usr/lib/jvm/java-8-openjdk/lib/tools.jar
PATH=/usr/local/sbin:/usr/local/bin:/usr/bin:/usr/lib/jvm/default/bin:/usr/bin/site_perl:/usr/bin/vendor_perl:/usr/bin/core_perl:/home/cosmin/.rvm/bin:/home/cosmin/.rvm/bin:/home/cosmin/Android/Sdk/tools/:/home/cosmin/programs/android-studio/bin/
LD_LIBRARY_PATH=/home/cosmin/programs/android-studio/bin:
SHELL=/bin/bash
DISPLAY=:0

Signal Handlers:
SIGSEGV: [libjvm.so+0x7ebb60], sa_mask[0]=0x7ffbfeff, sa_flags=0x10000004
SIGBUS: [libjvm.so+0x7ebb60], sa_mask[0]=0x7ffbfeff, sa_flags=0x10000004
SIGFPE: [libjvm.so+0x66f790], sa_mask[0]=0x7ffbfeff, sa_flags=0x10000004
SIGPIPE: [libjvm.so+0x66f790], sa_mask[0]=0x7ffbfeff, sa_flags=0x10000004
SIGXFSZ: [libjvm.so+0x66f790], sa_mask[0]=0x7ffbfeff, sa_flags=0x10000004
SIGILL: [libjvm.so+0x66f790], sa_mask[0]=0x7ffbfeff, sa_flags=0x10000004
SIGUSR1: SIG_DFL, sa_mask[0]=0x00000000, sa_flags=0x00000000
SIGUSR2: [libjvm.so+0x66f5e0], sa_mask[0]=0x00000004, sa_flags=0x10000004
SIGHUP: [libjvm.so+0x66f840], sa_mask[0]=0x7ffbfeff, sa_flags=0x10000004
SIGINT: [libjvm.so+0x66f840], sa_mask[0]=0x7ffbfeff, sa_flags=0x10000004
SIGTERM: [libjvm.so+0x66f840], sa_mask[0]=0x7ffbfeff, sa_flags=0x10000004
SIGQUIT: [libjvm.so+0x66f840], sa_mask[0]=0x7ffbfeff, sa_flags=0x10000004
SIGTRAP: SIG_DFL, sa_mask[0]=0x00000000, sa_flags=0x00000000


---------------  S Y S T E M  ---------------

OS:Linux
uname:Linux 3.18.6-1-ARCH #1 SMP PREEMPT Sat Feb 7 08:59:29 CET 2015 i686
libc:glibc 2.20 NPTL 2.20 
rlimit: STACK 8192k, CORE 0k, NPROC 15055, NOFILE 4096, AS infinity
load average:3.51 1.80 1.07

/proc/meminfo:
MemTotal:        1931220 kB
MemFree:          110064 kB
MemAvailable:      57236 kB
Buffers:             184 kB
Cached:            79520 kB
SwapCached:            0 kB
Active:          1677000 kB
Inactive:          62424 kB
Active(anon):    1670956 kB
Inactive(anon):    53396 kB
Active(file):       6044 kB
Inactive(file):     9028 kB
Unevictable:           0 kB
Mlocked:               0 kB
HighTotal:       1049856 kB
HighFree:          23492 kB
LowTotal:         881364 kB
LowFree:           86572 kB
SwapTotal:             0 kB
SwapFree:              0 kB
Dirty:                 8 kB
Writeback:            44 kB
AnonPages:       1659872 kB
Mapped:            37280 kB
Shmem:             64480 kB
Slab:              30340 kB
SReclaimable:      16036 kB
SUnreclaim:        14304 kB
KernelStack:        2696 kB
PageTables:         7752 kB
NFS_Unstable:          0 kB
Bounce:                0 kB
WritebackTmp:          0 kB
CommitLimit:      965608 kB
Committed_AS:    3526348 kB
VmallocTotal:     122880 kB
VmallocUsed:       27412 kB
VmallocChunk:      92824 kB
HardwareCorrupted:     0 kB
AnonHugePages:    962560 kB
HugePages_Total:       0
HugePages_Free:        0
HugePages_Rsvd:        0
HugePages_Surp:        0
Hugepagesize:       4096 kB
DirectMap4k:       40952 kB
DirectMap4M:      868352 kB


CPU:total 2 (2 cores per cpu, 1 threads per core) family 6 model 23 stepping 10, cmov, cx8, fxsr, mmx, sse, sse2, sse3, ssse3, sse4.1, tsc

/proc/cpuinfo:
processor	: 0
vendor_id	: GenuineIntel
cpu family	: 6
model		: 23
model name	: Intel(R) Core(TM)2 Duo CPU     T6670  @ 2.20GHz
stepping	: 10
microcode	: 0xa07
cpu MHz		: 2201.000
cache size	: 2048 KB
physical id	: 0
siblings	: 2
core id		: 0
cpu cores	: 2
apicid		: 0
initial apicid	: 0
fdiv_bug	: no
f00f_bug	: no
coma_bug	: no
fpu		: yes
fpu_exception	: yes
cpuid level	: 13
wp		: yes
flags		: fpu vme de pse tsc msr pae mce cx8 apic sep mtrr pge mca cmov pat pse36 clflush dts acpi mmx fxsr sse sse2 ss ht tm pbe nx lm constant_tsc arch_perfmon pebs bts aperfmperf pni dtes64 monitor ds_cpl vmx est tm2 ssse3 cx16 xtpr pdcm sse4_1 xsave lahf_lm ida dtherm tpr_shadow vnmi flexpriority
bugs		:
bogomips	: 4390.72
clflush size	: 64
cache_alignment	: 64
address sizes	: 36 bits physical, 48 bits virtual
power management:

processor	: 1
vendor_id	: GenuineIntel
cpu family	: 6
model		: 23
model name	: Intel(R) Core(TM)2 Duo CPU     T6670  @ 2.20GHz
stepping	: 10
microcode	: 0xa07
cpu MHz		: 2201.000
cache size	: 2048 KB
physical id	: 0
siblings	: 2
core id		: 1
cpu cores	: 2
apicid		: 1
initial apicid	: 1
fdiv_bug	: no
f00f_bug	: no
coma_bug	: no
fpu		: yes
fpu_exception	: yes
cpuid level	: 13
wp		: yes
flags		: fpu vme de pse tsc msr pae mce cx8 apic sep mtrr pge mca cmov pat pse36 clflush dts acpi mmx fxsr sse sse2 ss ht tm pbe nx lm constant_tsc arch_perfmon pebs bts aperfmperf pni dtes64 monitor ds_cpl vmx est tm2 ssse3 cx16 xtpr pdcm sse4_1 xsave lahf_lm ida dtherm tpr_shadow vnmi flexpriority
bugs		:
bogomips	: 4390.72
clflush size	: 64
cache_alignment	: 64
address sizes	: 36 bits physical, 48 bits virtual
power management:



Memory: 4k page, physical 1931220k(110064k free), swap 0k(0k free)

vm_info: OpenJDK Server VM (24.75-b04) for linux-x86 JRE (1.7.0_75-b13), built on Jan 23 2015 12:19:02 by "builduser" with gcc 4.9.2 20141224 (prerelease)

time: Sat Apr 11 21:47:22 2015
elapsed time: 22 seconds

