#
# There is insufficient memory for the Java Runtime Environment to continue.
# Native memory allocation (malloc) failed to allocate 35651584 bytes for committing reserved memory.
# Possible reasons:
#   The system is out of physical RAM or swap space
#   In 32 bit mode, the process size limit was hit
# Possible solutions:
#   Reduce memory load on the system
#   Increase physical memory or swap space
#   Check if swap backing store is full
#   Use 64 bit Java on a 64 bit OS
#   Decrease Java heap size (-Xmx/-Xms)
#   Decrease number of Java threads
#   Decrease Java thread stack sizes (-Xss)
#   Set larger code cache with -XX:ReservedCodeCacheSize=
# This output file may be truncated or incomplete.
#
#  Out of Memory Error (os_linux.cpp:2798), pid=4856, tid=1744329536
#
# JRE version: OpenJDK Runtime Environment (7.0_75-b13) (build 1.7.0_75-b13)
# Java VM: OpenJDK Server VM (24.75-b04 mixed mode linux-x86 )
# Derivative: IcedTea 2.5.4
# Distribution: Custom build (Fri Jan 23 12:16:03 UTC 2015)
# Failed to write core dump. Core dumps have been disabled. To enable core dumping, try "ulimit -c unlimited" before starting Java again
#

---------------  T H R E A D  ---------------

Current thread (0x67e10400):  VMThread [stack: 0x67f05000,0x67f86000] [id=4865]

Stack: [0x67f05000,0x67f86000]
VM_Operation (0xb63dd964): ParallelGCFailedAllocation, mode: safepoint, requested by thread 0xb6206c00


---------------  P R O C E S S  ---------------

Java Threads: ( => current thread )
  0x67e2b800 JavaThread "Service Thread" daemon [_thread_blocked, id=4871, stack(0x67a31000,0x67a82000)]
  0x67e29c00 JavaThread "C2 CompilerThread1" daemon [_thread_blocked, id=4870, stack(0x67a82000,0x67b03000)]
  0x67e27c00 JavaThread "C2 CompilerThread0" daemon [_thread_blocked, id=4869, stack(0x67b03000,0x67b84000)]
  0x67e26400 JavaThread "Signal Dispatcher" daemon [_thread_blocked, id=4868, stack(0x67b84000,0x67bd5000)]
  0x67e14400 JavaThread "Finalizer" daemon [_thread_blocked, id=4867, stack(0x67d5e000,0x67daf000)]
  0x67e12c00 JavaThread "Reference Handler" daemon [_thread_blocked, id=4866, stack(0x67daf000,0x67e00000)]
  0xb6206c00 JavaThread "main" [_thread_blocked, id=4862, stack(0xb638e000,0xb63df000)]

Other Threads:
=>0x67e10400 VMThread [stack: 0x67f05000,0x67f86000] [id=4865]
  0x67e2d800 WatcherThread [stack: 0x679b0000,0x67a31000] [id=4872]

VM state:at safepoint (normal execution)

VM Mutex/Monitor currently owned by a thread:  ([mutex/lock_event])
[0xb6205170] Threads_lock - owner thread: 0x67e10400
[0xb6205580] Heap_lock - owner thread: 0xb6206c00

Heap
 PSYoungGen      total 34304K, used 4086K [0x9dbc0000, 0xa01c0000, 0xb3140000)
  eden space 30208K, 0% used [0x9dbc0000,0x9dbc0000,0x9f940000)
  from space 4096K, 99% used [0x9f940000,0x9fd3d908,0x9fd40000)
  to   space 3584K, 0% used [0x9fd40000,0x9fd40000,0xa00c0000)
 ParOldGen       total 19968K, used 11936K [0x73140000, 0x744c0000, 0x9dbc0000)
  object space 19968K, 59% used [0x73140000,0x73ce8158,0x744c0000)
 PSPermGen       total 16384K, used 3967K [0x6b140000, 0x6c140000, 0x73140000)
  object space 16384K, 24% used [0x6b140000,0x6b51fd50,0x6c140000)

Card table byte_map: [0x6aeff000,0x6b140000] byte_map_base: 0x6aba6600

Polling page: 0xb7726000

Code Cache  [0xb3200000, 0xb3440000, 0xb6200000)
 total_blobs=523 nmethods=404 adapters=73 free_code_cache=47684Kb largest_free_block=48789440

Compilation events (10 events):
Event: 5.156 Thread 0x67e27c00 nmethod 408 0xb335de88 code [0xb335e060, 0xb335e6c4]
Event: 5.156 Thread 0x67e27c00  409             com.android.dx.ssa.back.LivenessAnalyzer::constructInterferenceGraph (47 bytes)
Event: 5.179 Thread 0x67e27c00 nmethod 409 0xb3377608 code [0xb33777a0, 0xb3378018]
Event: 5.180 Thread 0x67e27c00  410             com.android.dx.ssa.back.InterferenceGraph::<init> (42 bytes)
Event: 5.180 Thread 0x67e29c00 nmethod 407 0xb3362f88 code [0xb33630e0, 0xb3363750]
Event: 5.180 Thread 0x67e29c00  411             com.android.dx.ssa.SetFactory::makeInterferenceSet (26 bytes)
Event: 5.185 Thread 0x67e29c00 nmethod 411 0xb3362c08 code [0xb3362d00, 0xb3362e50]
Event: 5.185 Thread 0x67e29c00  412             com.android.dx.ssa.back.LivenessAnalyzer::<init> (55 bytes)
Event: 5.189 Thread 0x67e29c00 nmethod 412 0xb333d008 code [0xb333d120, 0xb333d410]
Event: 5.190 Thread 0x67e29c00  413             com.android.dx.ssa.back.FirstFitLocalCombiningAllocator::handleUnassociatedParameters (60 bytes)

GC Heap History (10 events):
Event: 2.422 GC heap after
Heap after GC invocations=2 (full 0):
 PSYoungGen      total 8960K, used 1274K [0x9dbc0000, 0x9ed40000, 0xb3140000)
  eden space 7680K, 0% used [0x9dbc0000,0x9dbc0000,0x9e340000)
  from space 1280K, 99% used [0x9e480000,0x9e5bebc0,0x9e5c0000)
  to   space 1280K, 0% used [0x9e340000,0x9e340000,0x9e480000)
 ParOldGen       total 19968K, used 2333K [0x73140000, 0x744c0000, 0x9dbc0000)
  object space 19968K, 11% used [0x73140000,0x733876d8,0x744c0000)
 PSPermGen       total 16384K, used 3819K [0x6b140000, 0x6c140000, 0x73140000)
  object space 16384K, 23% used [0x6b140000,0x6b4fafd8,0x6c140000)
}
Event: 2.829 GC heap before
{Heap before GC invocations=3 (full 0):
 PSYoungGen      total 8960K, used 8954K [0x9dbc0000, 0x9ed40000, 0xb3140000)
  eden space 7680K, 100% used [0x9dbc0000,0x9e340000,0x9e340000)
  from space 1280K, 99% used [0x9e480000,0x9e5bebc0,0x9e5c0000)
  to   space 1280K, 0% used [0x9e340000,0x9e340000,0x9e480000)
 ParOldGen       total 19968K, used 2333K [0x73140000, 0x744c0000, 0x9dbc0000)
  object space 19968K, 11% used [0x73140000,0x733876d8,0x744c0000)
 PSPermGen       total 16384K, used 3902K [0x6b140000, 0x6c140000, 0x73140000)
  object space 16384K, 23% used [0x6b140000,0x6b50f9c8,0x6c140000)
Event: 2.852 GC heap after
Heap after GC invocations=3 (full 0):
 PSYoungGen      total 8960K, used 1272K [0x9dbc0000, 0x9ed40000, 0xb3140000)
  eden space 7680K, 0% used [0x9dbc0000,0x9dbc0000,0x9e340000)
  from space 1280K, 99% used [0x9e340000,0x9e47e0d0,0x9e480000)
  to   space 1280K, 0% used [0x9ec00000,0x9ec00000,0x9ed40000)
 ParOldGen       total 19968K, used 3724K [0x73140000, 0x744c0000, 0x9dbc0000)
  object space 19968K, 18% used [0x73140000,0x734e3270,0x744c0000)
 PSPermGen       total 16384K, used 3902K [0x6b140000, 0x6c140000, 0x73140000)
  object space 16384K, 23% used [0x6b140000,0x6b50f9c8,0x6c140000)
}
Event: 3.178 GC heap before
{Heap before GC invocations=4 (full 0):
 PSYoungGen      total 8960K, used 8952K [0x9dbc0000, 0x9ed40000, 0xb3140000)
  eden space 7680K, 100% used [0x9dbc0000,0x9e340000,0x9e340000)
  from space 1280K, 99% used [0x9e340000,0x9e47e0d0,0x9e480000)
  to   space 1280K, 0% used [0x9ec00000,0x9ec00000,0x9ed40000)
 ParOldGen       total 19968K, used 3724K [0x73140000, 0x744c0000, 0x9dbc0000)
  object space 19968K, 18% used [0x73140000,0x734e3270,0x744c0000)
 PSPermGen       total 16384K, used 3922K [0x6b140000, 0x6c140000, 0x73140000)
  object space 16384K, 23% used [0x6b140000,0x6b5148b0,0x6c140000)
Event: 3.201 GC heap after
Heap after GC invocations=4 (full 0):
 PSYoungGen      total 16640K, used 1272K [0x9dbc0000, 0x9ed40000, 0xb3140000)
  eden space 15360K, 0% used [0x9dbc0000,0x9dbc0000,0x9eac0000)
  from space 1280K, 99% used [0x9ec00000,0x9ed3e0d0,0x9ed40000)
  to   space 1280K, 0% used [0x9eac0000,0x9eac0000,0x9ec00000)
 ParOldGen       total 19968K, used 5078K [0x73140000, 0x744c0000, 0x9dbc0000)
  object space 19968K, 25% used [0x73140000,0x73635a10,0x744c0000)
 PSPermGen       total 16384K, used 3922K [0x6b140000, 0x6c140000, 0x73140000)
  object space 16384K, 23% used [0x6b140000,0x6b5148b0,0x6c140000)
}
Event: 3.832 GC heap before
{Heap before GC invocations=5 (full 0):
 PSYoungGen      total 16640K, used 16632K [0x9dbc0000, 0x9ed40000, 0xb3140000)
  eden space 15360K, 100% used [0x9dbc0000,0x9eac0000,0x9eac0000)
  from space 1280K, 99% used [0x9ec00000,0x9ed3e0d0,0x9ed40000)
  to   space 1280K, 0% used [0x9eac0000,0x9eac0000,0x9ec00000)
 ParOldGen       total 19968K, used 5078K [0x73140000, 0x744c0000, 0x9dbc0000)
  object space 19968K, 25% used [0x73140000,0x73635a10,0x744c0000)
 PSPermGen       total 16384K, used 3943K [0x6b140000, 0x6c140000, 0x73140000)
  object space 16384K, 24% used [0x6b140000,0x6b519d98,0x6c140000)
Event: 3.849 GC heap after
Heap after GC invocations=5 (full 0):
 PSYoungGen      total 16640K, used 1277K [0x9dbc0000, 0xa00c0000, 0xb3140000)
  eden space 15360K, 0% used [0x9dbc0000,0x9dbc0000,0x9eac0000)
  from space 1280K, 99% used [0x9eac0000,0x9ebff520,0x9ec00000)
  to   space 3584K, 0% used [0x9fd40000,0x9fd40000,0xa00c0000)
 ParOldGen       total 19968K, used 7454K [0x73140000, 0x744c0000, 0x9dbc0000)
  object space 19968K, 37% used [0x73140000,0x73887980,0x744c0000)
 PSPermGen       total 16384K, used 3943K [0x6b140000, 0x6c140000, 0x73140000)
  object space 16384K, 24% used [0x6b140000,0x6b519d98,0x6c140000)
}
Event: 4.385 GC heap before
{Heap before GC invocations=6 (full 0):
 PSYoungGen      total 16640K, used 16637K [0x9dbc0000, 0xa00c0000, 0xb3140000)
  eden space 15360K, 100% used [0x9dbc0000,0x9eac0000,0x9eac0000)
  from space 1280K, 99% used [0x9eac0000,0x9ebff520,0x9ec00000)
  to   space 3584K, 0% used [0x9fd40000,0x9fd40000,0xa00c0000)
 ParOldGen       total 19968K, used 7454K [0x73140000, 0x744c0000, 0x9dbc0000)
  object space 19968K, 37% used [0x73140000,0x73887980,0x744c0000)
 PSPermGen       total 16384K, used 3954K [0x6b140000, 0x6c140000, 0x73140000)
  object space 16384K, 24% used [0x6b140000,0x6b51c8d0,0x6c140000)
Event: 4.427 GC heap after
Heap after GC invocations=6 (full 0):
 PSYoungGen      total 33792K, used 3577K [0x9dbc0000, 0xa01c0000, 0xb3140000)
  eden space 30208K, 0% used [0x9dbc0000,0x9dbc0000,0x9f940000)
  from space 3584K, 99% used [0x9fd40000,0xa00be648,0xa00c0000)
  to   space 4096K, 0% used [0x9f940000,0x9f940000,0x9fd40000)
 ParOldGen       total 19968K, used 7555K [0x73140000, 0x744c0000, 0x9dbc0000)
  object space 19968K, 37% used [0x73140000,0x738a0e70,0x744c0000)
 PSPermGen       total 16384K, used 3954K [0x6b140000, 0x6c140000, 0x73140000)
  object space 16384K, 24% used [0x6b140000,0x6b51c8d0,0x6c140000)
}
Event: 5.196 GC heap before
{Heap before GC invocations=7 (full 0):
 PSYoungGen      total 33792K, used 33785K [0x9dbc0000, 0xa01c0000, 0xb3140000)
  eden space 30208K, 100% used [0x9dbc0000,0x9f940000,0x9f940000)
  from space 3584K, 99% used [0x9fd40000,0xa00be648,0xa00c0000)
  to   space 4096K, 0% used [0x9f940000,0x9f940000,0x9fd40000)
 ParOldGen       total 19968K, used 7555K [0x73140000, 0x744c0000, 0x9dbc0000)
  object space 19968K, 37% used [0x73140000,0x738a0e70,0x744c0000)
 PSPermGen       total 16384K, used 3967K [0x6b140000, 0x6c140000, 0x73140000)
  object space 16384K, 24% used [0x6b140000,0x6b51fd50,0x6c140000)

Deoptimization events (10 events):
Event: 3.270 Thread 0xb6206c00 Uncommon trap: reason=null_check action=make_not_entrant pc=0xb32c9088 method=com.android.dx.rop.type.Type.putIntern(Lcom/android/dx/rop/type/Type;)Lcom/android/dx/rop/type/Type; @ 18
Event: 3.720 Thread 0xb6206c00 Uncommon trap: reason=unreached action=reinterpret pc=0xb329d40c method=com.android.dx.ssa.SsaRenamer$BlockRenamer.process()V @ 90
Event: 4.121 Thread 0xb6206c00 Uncommon trap: reason=bimorphic action=maybe_recompile pc=0xb330ffa8 method=com.android.dx.cf.code.BytecodeArray.parseInstruction(ILcom/android/dx/cf/code/BytecodeArray$Visitor;)I @ 1501
Event: 4.124 Thread 0xb6206c00 Uncommon trap: reason=bimorphic action=maybe_recompile pc=0xb330ffa8 method=com.android.dx.cf.code.BytecodeArray.parseInstruction(ILcom/android/dx/cf/code/BytecodeArray$Visitor;)I @ 1501
Event: 4.677 Thread 0xb6206c00 Uncommon trap: reason=class_check action=maybe_recompile pc=0xb3287130 method=java.util.HashMap.put(Ljava/lang/Object;Ljava/lang/Object;)Ljava/lang/Object; @ 83
Event: 4.677 Thread 0xb6206c00 Uncommon trap: reason=class_check action=maybe_recompile pc=0xb3287130 method=java.util.HashMap.put(Ljava/lang/Object;Ljava/lang/Object;)Ljava/lang/Object; @ 83
Event: 4.677 Thread 0xb6206c00 Uncommon trap: reason=class_check action=maybe_recompile pc=0xb3287130 method=java.util.HashMap.put(Ljava/lang/Object;Ljava/lang/Object;)Ljava/lang/Object; @ 83
Event: 4.677 Thread 0xb6206c00 Uncommon trap: reason=class_check action=maybe_recompile pc=0xb3287130 method=java.util.HashMap.put(Ljava/lang/Object;Ljava/lang/Object;)Ljava/lang/Object; @ 83
Event: 5.099 Thread 0xb6206c00 Uncommon trap: reason=class_check action=maybe_recompile pc=0xb33577c8 method=com.android.dx.ssa.back.FirstFitLocalCombiningAllocator.findNextUnreservedRopReg(IILcom/android/dx/ssa/back/FirstFitLocalCombiningAllocator$Alignment;)I @ 6
Event: 5.100 Thread 0xb6206c00 Uncommon trap: reason=class_check action=maybe_recompile pc=0xb33577c8 method=com.android.dx.ssa.back.FirstFitLocalCombiningAllocator.findNextUnreservedRopReg(IILcom/android/dx/ssa/back/FirstFitLocalCombiningAllocator$Alignment;)I @ 6

Internal exceptions (10 events):
Event: 2.001 Thread 0xb6206c00 Threw 0x9dd4b108 at /build/java7-openjdk/src/icedtea-2.5.4/openjdk/hotspot/src/share/vm/prims/jvm.cpp:1284
Event: 2.095 Thread 0xb6206c00 Implicit null exception at 0xb325bb1c to 0xb325bca1
Event: 2.141 Thread 0xb6206c00 Implicit null exception at 0xb3265440 to 0xb3265b4d
Event: 2.336 Thread 0xb6206c00 Threw 0x9e2a77e8 at /build/java7-openjdk/src/icedtea-2.5.4/openjdk/hotspot/src/share/vm/prims/jvm.cpp:1284
Event: 2.367 Thread 0xb6206c00 Implicit null exception at 0xb326a30b to 0xb326ab9d
Event: 2.367 Thread 0xb6206c00 Implicit null exception at 0xb32714c8 to 0xb3271cad
Event: 2.464 Thread 0xb6206c00 Threw 0x9dc88e08 at /build/java7-openjdk/src/icedtea-2.5.4/openjdk/hotspot/src/share/vm/prims/jvm.cpp:1284
Event: 2.494 Thread 0xb6206c00 Threw 0x9dd4e810 at /build/java7-openjdk/src/icedtea-2.5.4/openjdk/hotspot/src/share/vm/prims/jvm.cpp:1284
Event: 3.270 Thread 0xb6206c00 Implicit null exception at 0xb32c8aaa to 0xb32c9079
Event: 4.462 Thread 0xb6206c00 Threw 0x9dd72210 at /build/java7-openjdk/src/icedtea-2.5.4/openjdk/hotspot/src/share/vm/prims/jvm.cpp:1284

Events (10 events):
Event: 4.677 Thread 0xb6206c00 Uncommon trap: trap_request=0xffffffde fr.pc=0xb3287130
Event: 4.677 Thread 0xb6206c00 DEOPT PACKING pc=0xb3287130 sp=0xb63dda30
Event: 4.677 Thread 0xb6206c00 DEOPT UNPACKING pc=0xb322cbc8 sp=0xb63dda0c mode 2
Event: 5.099 Thread 0xb6206c00 Uncommon trap: trap_request=0xffffffde fr.pc=0xb33577c8
Event: 5.099 Thread 0xb6206c00 DEOPT PACKING pc=0xb33577c8 sp=0xb63dda90
Event: 5.099 Thread 0xb6206c00 DEOPT UNPACKING pc=0xb322cbc8 sp=0xb63dda34 mode 2
Event: 5.100 Thread 0xb6206c00 Uncommon trap: trap_request=0xffffffde fr.pc=0xb33577c8
Event: 5.100 Thread 0xb6206c00 DEOPT PACKING pc=0xb33577c8 sp=0xb63dda40
Event: 5.100 Thread 0xb6206c00 DEOPT UNPACKING pc=0xb322cbc8 sp=0xb63dd9e4 mode 2
Event: 5.196 Executing VM operation: ParallelGCFailedAllocation


Dynamic libraries:
08048000-08049000 r-xp 00000000 08:01 1199653    /usr/lib/jvm/java-7-openjdk/jre/bin/java
08049000-0804a000 rw-p 00000000 08:01 1199653    /usr/lib/jvm/java-7-openjdk/jre/bin/java
08bdb000-09027000 rw-p 00000000 00:00 0          [heap]
66e00000-66ef4000 rw-p 00000000 00:00 0 
66ef4000-66f00000 ---p 00000000 00:00 0 
67000000-670f7000 rw-p 00000000 00:00 0 
670f7000-67100000 ---p 00000000 00:00 0 
67100000-671f6000 rw-p 00000000 00:00 0 
671f6000-67200000 ---p 00000000 00:00 0 
67200000-672e8000 rw-p 00000000 00:00 0 
672e8000-67300000 ---p 00000000 00:00 0 
67300000-673fc000 rw-p 00000000 00:00 0 
673fc000-67400000 ---p 00000000 00:00 0 
67400000-67424000 rw-p 00000000 00:00 0 
67424000-67500000 ---p 00000000 00:00 0 
675a6000-675ba000 r-xp 00000000 08:01 265844     /usr/lib/libresolv-2.20.so
675ba000-675bb000 ---p 00014000 08:01 265844     /usr/lib/libresolv-2.20.so
675bb000-675bc000 r--p 00014000 08:01 265844     /usr/lib/libresolv-2.20.so
675bc000-675bd000 rw-p 00015000 08:01 265844     /usr/lib/libresolv-2.20.so
675bd000-675bf000 rw-p 00000000 00:00 0 
675bf000-67630000 r-xp 00000000 08:01 273525     /usr/lib/libpcre.so.1.2.4
67630000-67631000 r--p 00070000 08:01 273525     /usr/lib/libpcre.so.1.2.4
67631000-67632000 rw-p 00071000 08:01 273525     /usr/lib/libpcre.so.1.2.4
67632000-67756000 r-xp 00000000 08:01 273733     /usr/lib/libglib-2.0.so.0.4200.0
67756000-67757000 r--p 00124000 08:01 273733     /usr/lib/libglib-2.0.so.0.4200.0
67757000-67758000 rw-p 00125000 08:01 273733     /usr/lib/libglib-2.0.so.0.4200.0
67758000-677b2000 r-xp 00000000 08:01 273736     /usr/lib/libgobject-2.0.so.0.4200.0
677b2000-677b3000 r--p 0005a000 08:01 273736     /usr/lib/libgobject-2.0.so.0.4200.0
677b3000-677b4000 rw-p 0005b000 08:01 273736     /usr/lib/libgobject-2.0.so.0.4200.0
677b4000-67963000 r-xp 00000000 08:01 273737     /usr/lib/libgio-2.0.so.0.4200.0
67963000-67966000 r--p 001ae000 08:01 273737     /usr/lib/libgio-2.0.so.0.4200.0
67966000-67967000 rw-p 001b1000 08:01 273737     /usr/lib/libgio-2.0.so.0.4200.0
67967000-67968000 rw-p 00000000 00:00 0 
67999000-679af000 r-xp 00000000 08:01 1199620    /usr/lib/jvm/java-7-openjdk/jre/lib/i386/libnet.so
679af000-679b0000 rw-p 00015000 08:01 1199620    /usr/lib/jvm/java-7-openjdk/jre/lib/i386/libnet.so
679b0000-679b1000 ---p 00000000 00:00 0 
679b1000-67a82000 rwxp 00000000 00:00 0          [stack:4871]
67a82000-67a83000 ---p 00000000 00:00 0 
67a83000-67b03000 rwxp 00000000 00:00 0          [stack:4870]
67b03000-67b04000 ---p 00000000 00:00 0 
67b04000-67bd5000 rwxp 00000000 00:00 0          [stack:4868]
67bd5000-67d5e000 r--p 00000000 08:01 280743     /usr/lib/locale/locale-archive
67d5e000-67e00000 rwxp 00000000 00:00 0          [stack:4866]
67e00000-67eff000 rw-p 00000000 00:00 0 
67eff000-67f00000 ---p 00000000 00:00 0 
67f05000-67f06000 ---p 00000000 00:00 0 
67f06000-67f86000 rwxp 00000000 00:00 0          [stack:4865]
67f86000-67fcf000 rw-p 00000000 00:00 0 
67fcf000-68180000 r--s 01d23000 08:01 1199595    /usr/lib/jvm/java-7-openjdk/jre/lib/rt.jar
68180000-6aa00000 rw-p 00000000 00:00 0 
6aa00000-6aaf7000 rw-p 00000000 00:00 0 
6aaf7000-6ab00000 ---p 00000000 00:00 0 
6ab13000-6ab23000 r-xp 00000000 08:01 1199621    /usr/lib/jvm/java-7-openjdk/jre/lib/i386/libnio.so
6ab23000-6ab24000 rw-p 0000f000 08:01 1199621    /usr/lib/jvm/java-7-openjdk/jre/lib/i386/libnio.so
6ab24000-6ab7f000 rw-p 00000000 00:00 0 
6ab7f000-6ab80000 ---p 00000000 00:00 0 
6ab80000-6ac00000 rwxp 00000000 00:00 0          [stack:4864]
6ac00000-6ac21000 rw-p 00000000 00:00 0 
6ac21000-6ad00000 ---p 00000000 00:00 0 
6ad00000-6ad03000 r-xp 00000000 08:01 273734     /usr/lib/libgmodule-2.0.so.0.4200.0
6ad03000-6ad04000 r--p 00002000 08:01 273734     /usr/lib/libgmodule-2.0.so.0.4200.0
6ad04000-6ad05000 rw-p 00003000 08:01 273734     /usr/lib/libgmodule-2.0.so.0.4200.0
6ad05000-6ad0b000 r-xp 00000000 08:01 273655     /usr/lib/libffi.so.6.0.2
6ad0b000-6ad0c000 r--p 00005000 08:01 273655     /usr/lib/libffi.so.6.0.2
6ad0c000-6ad0d000 rw-p 00006000 08:01 273655     /usr/lib/libffi.so.6.0.2
6ad0d000-6ad1a000 r--s 0007f000 08:06 10750871   /home/cosmin/AndroidstudioProjects/DeskClock/app/libs/android-support-v13.jar
6ad1a000-6ad28000 r--s 000dc000 08:06 2753460    /home/cosmin/Android/Sdk/build-tools/21.1.1/lib/dx.jar
6ad28000-6ad29000 ---p 00000000 00:00 0 
6ad29000-6ada9000 rwxp 00000000 00:00 0          [stack:4863]
6ada9000-6adb3000 rw-p 00000000 00:00 0 
6adb3000-6aeff000 rw-p 00000000 00:00 0 
6aeff000-6af07000 rw-p 00000000 00:00 0 
6af07000-6af3f000 rw-p 00000000 00:00 0 
6af3f000-6af49000 rw-p 00000000 00:00 0 
6af49000-6b094000 rw-p 00000000 00:00 0 
6b094000-6b0a8000 rw-p 00000000 00:00 0 
6b0a8000-6b13f000 rw-p 00000000 00:00 0 
6b13f000-6c140000 rw-p 00000000 00:00 0 
6c140000-73140000 rw-p 00000000 00:00 0 
73140000-744c0000 rw-p 00000000 00:00 0 
744c0000-9dbc0000 rw-p 00000000 00:00 0 
9dbc0000-a01c0000 rw-p 00000000 00:00 0 
a23c0000-b3140000 rw-p 00000000 00:00 0 
b3140000-b3149000 rw-p 00000000 00:00 0 
b3149000-b3200000 rw-p 00000000 00:00 0 
b3200000-b3440000 rwxp 00000000 00:00 0 
b3440000-b62fc000 rw-p 00000000 00:00 0 
b62fc000-b6300000 ---p 00000000 00:00 0 
b6304000-b6327000 rw-p 00000000 00:00 0 
b6327000-b635f000 rw-p 00000000 00:00 0 
b635f000-b6384000 r-xp 00000000 08:01 1199618    /usr/lib/jvm/java-7-openjdk/jre/lib/i386/libjava.so
b6384000-b6385000 rw-p 00025000 08:01 1199618    /usr/lib/jvm/java-7-openjdk/jre/lib/i386/libjava.so
b6385000-b638c000 r-xp 00000000 08:01 265882     /usr/lib/librt-2.20.so
b638c000-b638d000 r--p 00007000 08:01 265882     /usr/lib/librt-2.20.so
b638d000-b638e000 rw-p 00008000 08:01 265882     /usr/lib/librt-2.20.so
b638e000-b638f000 ---p 00000000 00:00 0 
b638f000-b63df000 rwxp 00000000 00:00 0          [stack:4862]
b63df000-b63fb000 r-xp 00000000 08:01 269145     /usr/lib/libgcc_s.so.1
b63fb000-b63fc000 rw-p 0001b000 08:01 269145     /usr/lib/libgcc_s.so.1
b63fc000-b6447000 r-xp 00000000 08:01 265869     /usr/lib/libm-2.20.so
b6447000-b6448000 r--p 0004a000 08:01 265869     /usr/lib/libm-2.20.so
b6448000-b6449000 rw-p 0004b000 08:01 265869     /usr/lib/libm-2.20.so
b6449000-b6532000 r-xp 00000000 08:01 269151     /usr/lib/libstdc++.so.6.0.20
b6532000-b6536000 r--p 000e9000 08:01 269151     /usr/lib/libstdc++.so.6.0.20
b6536000-b6537000 rw-p 000ed000 08:01 269151     /usr/lib/libstdc++.so.6.0.20
b6537000-b653e000 rw-p 00000000 00:00 0 
b653e000-b707f000 r-xp 00000000 08:01 1199652    /usr/lib/jvm/java-7-openjdk/jre/lib/i386/server/libjvm.so
b707f000-b70e7000 rw-p 00b40000 08:01 1199652    /usr/lib/jvm/java-7-openjdk/jre/lib/i386/server/libjvm.so
b70e7000-b7504000 rw-p 00000000 00:00 0 
b7504000-b7519000 r-xp 00000000 08:01 268895     /usr/lib/libz.so.1.2.8
b7519000-b751a000 r--p 00014000 08:01 268895     /usr/lib/libz.so.1.2.8
b751a000-b751b000 rw-p 00015000 08:01 268895     /usr/lib/libz.so.1.2.8
b751b000-b76cc000 r-xp 00000000 08:01 265870     /usr/lib/libc-2.20.so
b76cc000-b76cf000 r--p 001b0000 08:01 265870     /usr/lib/libc-2.20.so
b76cf000-b76d1000 rw-p 001b3000 08:01 265870     /usr/lib/libc-2.20.so
b76d1000-b76d4000 rw-p 00000000 00:00 0 
b76d4000-b76d7000 r-xp 00000000 08:01 265843     /usr/lib/libdl-2.20.so
b76d7000-b76d8000 r--p 00002000 08:01 265843     /usr/lib/libdl-2.20.so
b76d8000-b76d9000 rw-p 00003000 08:01 265843     /usr/lib/libdl-2.20.so
b76d9000-b76e5000 r-xp 00000000 08:01 2104865    /usr/lib/jvm/java-7-openjdk/jre/lib/i386/jli/libjli.so
b76e5000-b76e6000 rw-p 0000b000 08:01 2104865    /usr/lib/jvm/java-7-openjdk/jre/lib/i386/jli/libjli.so
b76e6000-b76fe000 r-xp 00000000 08:01 265850     /usr/lib/libpthread-2.20.so
b76fe000-b76ff000 r--p 00017000 08:01 265850     /usr/lib/libpthread-2.20.so
b76ff000-b7700000 rw-p 00018000 08:01 265850     /usr/lib/libpthread-2.20.so
b7700000-b7702000 rw-p 00000000 00:00 0 
b7706000-b770e000 r-xp 00000000 08:01 1199619    /usr/lib/jvm/java-7-openjdk/jre/lib/i386/libzip.so
b770e000-b770f000 rw-p 00007000 08:01 1199619    /usr/lib/jvm/java-7-openjdk/jre/lib/i386/libzip.so
b770f000-b7717000 rw-s 00000000 00:1f 135929     /tmp/hsperfdata_cosmin/4856
b7717000-b7723000 r-xp 00000000 08:01 265845     /usr/lib/libnss_files-2.20.so
b7723000-b7724000 r--p 0000b000 08:01 265845     /usr/lib/libnss_files-2.20.so
b7724000-b7725000 rw-p 0000c000 08:01 265845     /usr/lib/libnss_files-2.20.so
b7725000-b7726000 rw-p 00000000 00:00 0 
b7726000-b7727000 ---p 00000000 00:00 0 
b7727000-b7732000 r-xp 00000000 08:01 1199617    /usr/lib/jvm/java-7-openjdk/jre/lib/i386/libverify.so
b7732000-b7733000 rw-p 0000b000 08:01 1199617    /usr/lib/jvm/java-7-openjdk/jre/lib/i386/libverify.so
b7733000-b7735000 r--p 00000000 00:00 0          [vvar]
b7735000-b7736000 r-xp 00000000 00:00 0          [vdso]
b7736000-b7757000 r-xp 00000000 08:01 265847     /usr/lib/ld-2.20.so
b7757000-b7758000 rw-p 00000000 00:00 0 
b7758000-b7759000 r--p 00021000 08:01 265847     /usr/lib/ld-2.20.so
b7759000-b775a000 rw-p 00022000 08:01 265847     /usr/lib/ld-2.20.so
bfe78000-bfe79000 rwxp 00000000 00:00 0 
bfeaa000-bfeca000 rwxp 00000000 00:00 0          [stack]
bfeca000-bfecc000 rw-p 00000000 00:00 0 

VM Arguments:
jvm_args: -Xmx1024M -Dfile.encoding=UTF-8 -Duser.country=US -Duser.language=en -Duser.variant 
java_command: com.android.dx.command.Main --dex --output /home/cosmin/AndroidstudioProjects/DeskClock/app/build/intermediates/pre-dexed/debug/android-support-v13-02d592c5701d0401e37f4f95e4f2b8cacaaf66b7.jar /home/cosmin/AndroidstudioProjects/DeskClock/app/libs/android-support-v13.jar
Launcher Type: SUN_STANDARD

Environment Variables:
CLASSPATH=/home/cosmin/programs/android-studio/bin/../lib/bootstrap.jar:/home/cosmin/programs/android-studio/bin/../lib/extensions.jar:/home/cosmin/programs/android-studio/bin/../lib/util.jar:/home/cosmin/programs/android-studio/bin/../lib/jdom.jar:/home/cosmin/programs/android-studio/bin/../lib/log4j.jar:/home/cosmin/programs/android-studio/bin/../lib/trove4j.jar:/home/cosmin/programs/android-studio/bin/../lib/jna.jar:/usr/lib/jvm/java-8-openjdk/lib/tools.jar
PATH=/usr/local/sbin:/usr/local/bin:/usr/bin:/usr/lib/jvm/default/bin:/usr/bin/site_perl:/usr/bin/vendor_perl:/usr/bin/core_perl:/home/cosmin/.rvm/bin:/home/cosmin/.rvm/bin:/home/cosmin/Android/Sdk/tools/:/home/cosmin/programs/android-studio/bin/
LD_LIBRARY_PATH=/home/cosmin/programs/android-studio/bin:
SHELL=/bin/bash
DISPLAY=:0

Signal Handlers:
SIGSEGV: [libjvm.so+0x7ebb60], sa_mask[0]=0x7ffbfeff, sa_flags=0x10000004
SIGBUS: [libjvm.so+0x7ebb60], sa_mask[0]=0x7ffbfeff, sa_flags=0x10000004
SIGFPE: [libjvm.so+0x66f790], sa_mask[0]=0x7ffbfeff, sa_flags=0x10000004
SIGPIPE: [libjvm.so+0x66f790], sa_mask[0]=0x7ffbfeff, sa_flags=0x10000004
SIGXFSZ: [libjvm.so+0x66f790], sa_mask[0]=0x7ffbfeff, sa_flags=0x10000004
SIGILL: [libjvm.so+0x66f790], sa_mask[0]=0x7ffbfeff, sa_flags=0x10000004
SIGUSR1: SIG_DFL, sa_mask[0]=0x00000000, sa_flags=0x00000000
SIGUSR2: [libjvm.so+0x66f5e0], sa_mask[0]=0x00000004, sa_flags=0x10000004
SIGHUP: [libjvm.so+0x66f840], sa_mask[0]=0x7ffbfeff, sa_flags=0x10000004
SIGINT: [libjvm.so+0x66f840], sa_mask[0]=0x7ffbfeff, sa_flags=0x10000004
SIGTERM: [libjvm.so+0x66f840], sa_mask[0]=0x7ffbfeff, sa_flags=0x10000004
SIGQUIT: [libjvm.so+0x66f840], sa_mask[0]=0x7ffbfeff, sa_flags=0x10000004
SIGTRAP: SIG_DFL, sa_mask[0]=0x00000000, sa_flags=0x00000000


---------------  S Y S T E M  ---------------

OS:Linux
uname:Linux 3.18.6-1-ARCH #1 SMP PREEMPT Sat Feb 7 08:59:29 CET 2015 i686
libc:glibc 2.20 NPTL 2.20 
rlimit: STACK 8192k, CORE 0k, NPROC 15055, NOFILE 4096, AS infinity
load average:1.61 1.22 0.79

/proc/meminfo:
MemTotal:        1931220 kB
MemFree:          114928 kB
MemAvailable:      61676 kB
Buffers:             220 kB
Cached:            83080 kB
SwapCached:            0 kB
Active:          1668768 kB
Inactive:          65800 kB
Active(anon):    1665584 kB
Inactive(anon):    54964 kB
Active(file):       3184 kB
Inactive(file):    10836 kB
Unevictable:           0 kB
Mlocked:               0 kB
HighTotal:       1049856 kB
HighFree:          19628 kB
LowTotal:         881364 kB
LowFree:           95300 kB
SwapTotal:             0 kB
SwapFree:              0 kB
Dirty:                84 kB
Writeback:             4 kB
AnonPages:       1651464 kB
Mapped:            37776 kB
Shmem:             69084 kB
Slab:              30624 kB
SReclaimable:      16236 kB
SUnreclaim:        14388 kB
KernelStack:        2736 kB
PageTables:         7752 kB
NFS_Unstable:          0 kB
Bounce:                0 kB
WritebackTmp:          0 kB
CommitLimit:      965608 kB
Committed_AS:    3549400 kB
VmallocTotal:     122880 kB
VmallocUsed:       27412 kB
VmallocChunk:      92824 kB
HardwareCorrupted:     0 kB
AnonHugePages:    937984 kB
HugePages_Total:       0
HugePages_Free:        0
HugePages_Rsvd:        0
HugePages_Surp:        0
Hugepagesize:       4096 kB
DirectMap4k:       40952 kB
DirectMap4M:      868352 kB


CPU:total 2 (2 cores per cpu, 1 threads per core) family 6 model 23 stepping 10, cmov, cx8, fxsr, mmx, sse, sse2, sse3, ssse3, sse4.1, tsc

/proc/cpuinfo:
processor	: 0
vendor_id	: GenuineIntel
cpu family	: 6
model		: 23
model name	: Intel(R) Core(TM)2 Duo CPU     T6670  @ 2.20GHz
stepping	: 10
microcode	: 0xa07
cpu MHz		: 2201.000
cache size	: 2048 KB
physical id	: 0
siblings	: 2
core id		: 0
cpu cores	: 2
apicid		: 0
initial apicid	: 0
fdiv_bug	: no
f00f_bug	: no
coma_bug	: no
fpu		: yes
fpu_exception	: yes
cpuid level	: 13
wp		: yes
flags		: fpu vme de pse tsc msr pae mce cx8 apic sep mtrr pge mca cmov pat pse36 clflush dts acpi mmx fxsr sse sse2 ss ht tm pbe nx lm constant_tsc arch_perfmon pebs bts aperfmperf pni dtes64 monitor ds_cpl vmx est tm2 ssse3 cx16 xtpr pdcm sse4_1 xsave lahf_lm ida dtherm tpr_shadow vnmi flexpriority
bugs		:
bogomips	: 4390.72
clflush size	: 64
cache_alignment	: 64
address sizes	: 36 bits physical, 48 bits virtual
power management:

processor	: 1
vendor_id	: GenuineIntel
cpu family	: 6
model		: 23
model name	: Intel(R) Core(TM)2 Duo CPU     T6670  @ 2.20GHz
stepping	: 10
microcode	: 0xa07
cpu MHz		: 2201.000
cache size	: 2048 KB
physical id	: 0
siblings	: 2
core id		: 1
cpu cores	: 2
apicid		: 1
initial apicid	: 1
fdiv_bug	: no
f00f_bug	: no
coma_bug	: no
fpu		: yes
fpu_exception	: yes
cpuid level	: 13
wp		: yes
flags		: fpu vme de pse tsc msr pae mce cx8 apic sep mtrr pge mca cmov pat pse36 clflush dts acpi mmx fxsr sse sse2 ss ht tm pbe nx lm constant_tsc arch_perfmon pebs bts aperfmperf pni dtes64 monitor ds_cpl vmx est tm2 ssse3 cx16 xtpr pdcm sse4_1 xsave lahf_lm ida dtherm tpr_shadow vnmi flexpriority
bugs		:
bogomips	: 4390.72
clflush size	: 64
cache_alignment	: 64
address sizes	: 36 bits physical, 48 bits virtual
power management:



Memory: 4k page, physical 1931220k(114928k free), swap 0k(0k free)

vm_info: OpenJDK Server VM (24.75-b04) for linux-x86 JRE (1.7.0_75-b13), built on Jan 23 2015 12:19:02 by "builduser" with gcc 4.9.2 20141224 (prerelease)

time: Sat Apr 11 21:44:14 2015
elapsed time: 9 seconds

