#
# There is insufficient memory for the Java Runtime Environment to continue.
# Native memory allocation (malloc) failed to allocate 57933824 bytes for committing reserved memory.
# Possible reasons:
#   The system is out of physical RAM or swap space
#   In 32 bit mode, the process size limit was hit
# Possible solutions:
#   Reduce memory load on the system
#   Increase physical memory or swap space
#   Check if swap backing store is full
#   Use 64 bit Java on a 64 bit OS
#   Decrease Java heap size (-Xmx/-Xms)
#   Decrease number of Java threads
#   Decrease Java thread stack sizes (-Xss)
#   Set larger code cache with -XX:ReservedCodeCacheSize=
# This output file may be truncated or incomplete.
#
#  Out of Memory Error (os_linux.cpp:2798), pid=2553, tid=1604320064
#
# JRE version: OpenJDK Runtime Environment (7.0_75-b13) (build 1.7.0_75-b13)
# Java VM: OpenJDK Server VM (24.75-b04 mixed mode linux-x86 )
# Derivative: IcedTea 2.5.4
# Distribution: Custom build (Fri Jan 23 12:16:03 UTC 2015)
# Failed to write core dump. Core dumps have been disabled. To enable core dumping, try "ulimit -c unlimited" before starting Java again
#

---------------  T H R E A D  ---------------

Current thread (0x5fa10400):  VMThread [stack: 0x5f97f000,0x5fa00000] [id=2558]

Stack: [0x5f97f000,0x5fa00000]
VM_Operation (0x5e15ac24): ParallelGCFailedAllocation, mode: safepoint, requested by thread 0x5e7a6800


---------------  P R O C E S S  ---------------

Java Threads: ( => current thread )
  0x0849e800 JavaThread "process reaper" daemon [_thread_blocked, id=2581, stack(0x5ddf7000,0x5de12000)]
  0x08324400 JavaThread "File lock request listener" [_thread_in_native, id=2579, stack(0x5def4000,0x5df45000)]
  0x08307000 JavaThread "Stdin handler" [_thread_blocked, id=2577, stack(0x5dfaf000,0x5e000000)]
  0x5e7a6800 JavaThread "Daemon worker" [_thread_blocked, id=2574, stack(0x5e10d000,0x5e15e000)]
  0x62a9b000 JavaThread "Cancel handler" [_thread_blocked, id=2573, stack(0x5e15e000,0x5e1af000)]
  0x5e782800 JavaThread "Handler for socket connection from /127.0.0.1:9930 to /127.0.0.1:33721" [_thread_in_native, id=2572, stack(0x5e1af000,0x5e200000)]
  0x081a2c00 JavaThread "Daemon" [_thread_blocked, id=2571, stack(0x5e52c000,0x5e57d000)]
  0x5e4f8c00 JavaThread "Incoming local TCP Connector on port 9930" [_thread_in_native, id=2570, stack(0x5e57d000,0x5e5ce000)]
  0x5fa2c800 JavaThread "Service Thread" daemon [_thread_blocked, id=2564, stack(0x5f5b0000,0x5f601000)]
  0x5fa2ac00 JavaThread "C2 CompilerThread1" daemon [_thread_blocked, id=2563, stack(0x5f601000,0x5f682000)]
  0x5fa28c00 JavaThread "C2 CompilerThread0" daemon [_thread_blocked, id=2562, stack(0x5f682000,0x5f703000)]
  0x5fa27000 JavaThread "Signal Dispatcher" daemon [_thread_blocked, id=2561, stack(0x5f703000,0x5f754000)]
  0x5fa14400 JavaThread "Finalizer" daemon [_thread_blocked, id=2560, stack(0x5f8dd000,0x5f92e000)]
  0x5fa12c00 JavaThread "Reference Handler" daemon [_thread_blocked, id=2559, stack(0x5f92e000,0x5f97f000)]
  0xb6306c00 JavaThread "main" [_thread_blocked, id=2555, stack(0xb6407000,0xb6458000)]

Other Threads:
=>0x5fa10400 VMThread [stack: 0x5f97f000,0x5fa00000] [id=2558]
  0x5fa2ec00 WatcherThread [stack: 0x5f52f000,0x5f5b0000] [id=2565]

VM state:at safepoint (normal execution)

VM Mutex/Monitor currently owned by a thread:  ([mutex/lock_event])
[0xb63051f0] Threads_lock - owner thread: 0x5fa10400
[0xb6305600] Heap_lock - owner thread: 0x5e7a6800

Heap
 PSYoungGen      total 99840K, used 464K [0x9dc80000, 0xa4440000, 0xb3200000)
  eden space 93440K, 0% used [0x9dc80000,0x9dc80000,0xa37c0000)
  from space 6400K, 7% used [0xa37c0000,0xa3834010,0xa3e00000)
  to   space 6144K, 0% used [0xa3e40000,0xa3e40000,0xa4440000)
 ParOldGen       total 19968K, used 12858K [0x73200000, 0x74580000, 0x9dc80000)
  object space 19968K, 64% used [0x73200000,0x73e8eb50,0x74580000)
 PSPermGen       total 16384K, used 15795K [0x63200000, 0x64200000, 0x73200000)
  object space 16384K, 96% used [0x63200000,0x6416cf28,0x64200000)

Card table byte_map: [0x62f7f000,0x63200000] byte_map_base: 0x62c66000

Polling page: 0xb779f000

Code Cache  [0xb32d1000, 0xb3511000, 0xb62d1000)
 total_blobs=727 nmethods=343 adapters=338 free_code_cache=47432Kb largest_free_block=48518016

Compilation events (10 events):
Event: 11.687 Thread 0x5fa2ac00 nmethod 354 0xb332a208 code [0xb332a300, 0xb332a410]
Event: 11.687 Thread 0x5fa2ac00  355             org.codehaus.groovy.ast.ClassNode$MapOfLists::<init> (16 bytes)
Event: 11.689 Thread 0x5fa2ac00 nmethod 355 0xb346fdc8 code [0xb346fec0, 0xb346ffd0]
Event: 11.910 Thread 0x5fa2ac00  356             org.codehaus.groovy.control.ResolveVisitor$ConstructedClassWithPackage::hasPackageName (32 bytes)
Event: 11.914 Thread 0x5fa2ac00 nmethod 356 0xb3475648 code [0xb3475740, 0xb34758dc]
Event: 11.931 Thread 0x5fa28c00  357             java.util.concurrent.atomic.AtomicReferenceArray::get (10 bytes)
Event: 11.932 Thread 0x5fa28c00 nmethod 357 0xb346fb08 code [0xb346fc00, 0xb346fc90]
Event: 11.932 Thread 0x5fa28c00  358             java.util.concurrent.atomic.AtomicReferenceArray::getRaw (12 bytes)
Event: 11.932 Thread 0x5fa28c00 nmethod 358 0xb34754c8 code [0xb34755a0, 0xb34755f0]
Event: 12.084 Thread 0x5fa28c00  359             org.codehaus.groovy.control.ResolveVisitor::resolveFromModule (566 bytes)

GC Heap History (10 events):
Event: 6.125 GC heap after
Heap after GC invocations=6 (full 0):
 PSYoungGen      total 33024K, used 3568K [0x9dc80000, 0xa0400000, 0xb3200000)
  eden space 29440K, 0% used [0x9dc80000,0x9dc80000,0x9f940000)
  from space 3584K, 99% used [0x9fe00000,0xa017c1e8,0xa0180000)
  to   space 4864K, 0% used [0x9f940000,0x9f940000,0x9fe00000)
 ParOldGen       total 19968K, used 5616K [0x73200000, 0x74580000, 0x9dc80000)
  object space 19968K, 28% used [0x73200000,0x7377c028,0x74580000)
 PSPermGen       total 16384K, used 10541K [0x63200000, 0x64200000, 0x73200000)
  object space 16384K, 64% used [0x63200000,0x63c4b720,0x64200000)
}
Event: 8.500 GC heap before
{Heap before GC invocations=7 (full 0):
 PSYoungGen      total 33024K, used 33008K [0x9dc80000, 0xa0400000, 0xb3200000)
  eden space 29440K, 100% used [0x9dc80000,0x9f940000,0x9f940000)
  from space 3584K, 99% used [0x9fe00000,0xa017c1e8,0xa0180000)
  to   space 4864K, 0% used [0x9f940000,0x9f940000,0x9fe00000)
 ParOldGen       total 19968K, used 5616K [0x73200000, 0x74580000, 0x9dc80000)
  object space 19968K, 28% used [0x73200000,0x7377c028,0x74580000)
 PSPermGen       total 16384K, used 12592K [0x63200000, 0x64200000, 0x73200000)
  object space 16384K, 76% used [0x63200000,0x63e4c0c8,0x64200000)
Event: 8.519 GC heap after
Heap after GC invocations=7 (full 0):
 PSYoungGen      total 34304K, used 4853K [0x9dc80000, 0xa2280000, 0xb3200000)
  eden space 29440K, 0% used [0x9dc80000,0x9dc80000,0x9f940000)
  from space 4864K, 99% used [0x9f940000,0x9fdfd678,0x9fe00000)
  to   space 6400K, 0% used [0xa1c40000,0xa1c40000,0xa2280000)
 ParOldGen       total 19968K, used 6838K [0x73200000, 0x74580000, 0x9dc80000)
  object space 19968K, 34% used [0x73200000,0x738adb88,0x74580000)
 PSPermGen       total 16384K, used 12592K [0x63200000, 0x64200000, 0x73200000)
  object space 16384K, 76% used [0x63200000,0x63e4c0c8,0x64200000)
}
Event: 9.649 GC heap before
{Heap before GC invocations=8 (full 0):
 PSYoungGen      total 34304K, used 34293K [0x9dc80000, 0xa2280000, 0xb3200000)
  eden space 29440K, 100% used [0x9dc80000,0x9f940000,0x9f940000)
  from space 4864K, 99% used [0x9f940000,0x9fdfd678,0x9fe00000)
  to   space 6400K, 0% used [0xa1c40000,0xa1c40000,0xa2280000)
 ParOldGen       total 19968K, used 6838K [0x73200000, 0x74580000, 0x9dc80000)
  object space 19968K, 34% used [0x73200000,0x738adb88,0x74580000)
 PSPermGen       total 16384K, used 14277K [0x63200000, 0x64200000, 0x73200000)
  object space 16384K, 87% used [0x63200000,0x63ff1578,0x64200000)
Event: 9.703 GC heap after
Heap after GC invocations=8 (full 0):
 PSYoungGen      total 64768K, used 5251K [0x9dc80000, 0xa2380000, 0xb3200000)
  eden space 58368K, 0% used [0x9dc80000,0x9dc80000,0xa1580000)
  from space 6400K, 82% used [0xa1c40000,0xa2160ea0,0xa2280000)
  to   space 6912K, 0% used [0xa1580000,0xa1580000,0xa1c40000)
 ParOldGen       total 19968K, used 7191K [0x73200000, 0x74580000, 0x9dc80000)
  object space 19968K, 36% used [0x73200000,0x73905c08,0x74580000)
 PSPermGen       total 16384K, used 14277K [0x63200000, 0x64200000, 0x73200000)
  object space 16384K, 87% used [0x63200000,0x63ff1578,0x64200000)
}
Event: 10.146 GC heap before
{Heap before GC invocations=9 (full 0):
 PSYoungGen      total 64768K, used 63619K [0x9dc80000, 0xa2380000, 0xb3200000)
  eden space 58368K, 100% used [0x9dc80000,0xa1580000,0xa1580000)
  from space 6400K, 82% used [0xa1c40000,0xa2160ea0,0xa2280000)
  to   space 6912K, 0% used [0xa1580000,0xa1580000,0xa1c40000)
 ParOldGen       total 19968K, used 7191K [0x73200000, 0x74580000, 0x9dc80000)
  object space 19968K, 36% used [0x73200000,0x73905c08,0x74580000)
 PSPermGen       total 16384K, used 14281K [0x63200000, 0x64200000, 0x73200000)
  object space 16384K, 87% used [0x63200000,0x63ff27f8,0x64200000)
Event: 10.172 GC heap after
Heap after GC invocations=9 (full 0):
 PSYoungGen      total 65280K, used 2167K [0x9dc80000, 0xa44c0000, 0xb3200000)
  eden space 58368K, 0% used [0x9dc80000,0x9dc80000,0xa1580000)
  from space 6912K, 31% used [0xa1580000,0xa179dd30,0xa1c40000)
  to   space 6656K, 0% used [0xa3e40000,0xa3e40000,0xa44c0000)
 ParOldGen       total 19968K, used 9015K [0x73200000, 0x74580000, 0x9dc80000)
  object space 19968K, 45% used [0x73200000,0x73acdd00,0x74580000)
 PSPermGen       total 16384K, used 14281K [0x63200000, 0x64200000, 0x73200000)
  object space 16384K, 87% used [0x63200000,0x63ff27f8,0x64200000)
}
Event: 11.310 GC heap before
{Heap before GC invocations=10 (full 0):
 PSYoungGen      total 65280K, used 60535K [0x9dc80000, 0xa44c0000, 0xb3200000)
  eden space 58368K, 100% used [0x9dc80000,0xa1580000,0xa1580000)
  from space 6912K, 31% used [0xa1580000,0xa179dd30,0xa1c40000)
  to   space 6656K, 0% used [0xa3e40000,0xa3e40000,0xa44c0000)
 ParOldGen       total 19968K, used 9015K [0x73200000, 0x74580000, 0x9dc80000)
  object space 19968K, 45% used [0x73200000,0x73acdd00,0x74580000)
 PSPermGen       total 16384K, used 15780K [0x63200000, 0x64200000, 0x73200000)
  object space 16384K, 96% used [0x63200000,0x64169188,0x64200000)
Event: 11.357 GC heap after
Heap after GC invocations=10 (full 0):
 PSYoungGen      total 99584K, used 2928K [0x9dc80000, 0xa4440000, 0xb3200000)
  eden space 93440K, 0% used [0x9dc80000,0x9dc80000,0xa37c0000)
  from space 6144K, 47% used [0xa3e40000,0xa411c070,0xa4440000)
  to   space 6400K, 0% used [0xa37c0000,0xa37c0000,0xa3e00000)
 ParOldGen       total 19968K, used 10870K [0x73200000, 0x74580000, 0x9dc80000)
  object space 19968K, 54% used [0x73200000,0x73c9d850,0x74580000)
 PSPermGen       total 16384K, used 15780K [0x63200000, 0x64200000, 0x73200000)
  object space 16384K, 96% used [0x63200000,0x64169188,0x64200000)
}
Event: 12.134 GC heap before
{Heap before GC invocations=11 (full 0):
 PSYoungGen      total 99584K, used 96368K [0x9dc80000, 0xa4440000, 0xb3200000)
  eden space 93440K, 100% used [0x9dc80000,0xa37c0000,0xa37c0000)
  from space 6144K, 47% used [0xa3e40000,0xa411c070,0xa4440000)
  to   space 6400K, 0% used [0xa37c0000,0xa37c0000,0xa3e00000)
 ParOldGen       total 19968K, used 10870K [0x73200000, 0x74580000, 0x9dc80000)
  object space 19968K, 54% used [0x73200000,0x73c9d850,0x74580000)
 PSPermGen       total 16384K, used 15795K [0x63200000, 0x64200000, 0x73200000)
  object space 16384K, 96% used [0x63200000,0x6416cf28,0x64200000)

Deoptimization events (10 events):
Event: 9.236 Thread 0x5e7a6800 Uncommon trap: reason=unreached action=reinterpret pc=0xb331fb74 method=java.lang.reflect.Method.equals(Ljava/lang/Object;)Z @ 49
Event: 10.413 Thread 0x5e7a6800 Uncommon trap: reason=unreached action=reinterpret pc=0xb3327740 method=org.codehaus.groovy.ast.ClassNode.redirect()Lorg/codehaus/groovy/ast/ClassNode; @ 4
Event: 10.417 Thread 0x5e7a6800 Uncommon trap: reason=unreached action=reinterpret pc=0xb3386fc0 method=org.codehaus.groovy.ast.ClassNode.redirect()Lorg/codehaus/groovy/ast/ClassNode; @ 4
Event: 10.701 Thread 0x5e7a6800 Uncommon trap: reason=unreached action=reinterpret pc=0xb334f48c method=java.util.HashMap.get(Ljava/lang/Object;)Ljava/lang/Object; @ 1
Event: 10.817 Thread 0x5e7a6800 Uncommon trap: reason=bimorphic action=maybe_recompile pc=0xb338a600 method=java.util.HashMap.<init>(IF)V @ 115
Event: 10.884 Thread 0x5e7a6800 Uncommon trap: reason=class_check action=maybe_recompile pc=0xb33613e8 method=sun.misc.URLClassPath.getLoader(I)Lsun/misc/URLClassPath$Loader; @ 94
Event: 10.884 Thread 0x5e7a6800 Uncommon trap: reason=class_check action=maybe_recompile pc=0xb3374ecc method=sun.misc.URLClassPath.getResource(Ljava/lang/String;Z)Lsun/misc/Resource; @ 53
Event: 10.906 Thread 0x5e7a6800 Uncommon trap: reason=class_check action=maybe_recompile pc=0xb33614a4 method=sun.misc.URLClassPath.getLoader(I)Lsun/misc/URLClassPath$Loader; @ 150
Event: 10.906 Thread 0x5e7a6800 Uncommon trap: reason=class_check action=maybe_recompile pc=0xb33614a4 method=sun.misc.URLClassPath.getLoader(I)Lsun/misc/URLClassPath$Loader; @ 150
Event: 10.911 Thread 0x5e7a6800 Uncommon trap: reason=class_check action=maybe_recompile pc=0xb33614a4 method=sun.misc.URLClassPath.getLoader(I)Lsun/misc/URLClassPath$Loader; @ 150

Internal exceptions (10 events):
Event: 12.132 Thread 0x5e7a6800 Threw 0xa3796c00 at /build/java7-openjdk/src/icedtea-2.5.4/openjdk/hotspot/src/share/vm/prims/jvm.cpp:1284
Event: 12.132 Thread 0x5e7a6800 Threw 0xa3797d18 at /build/java7-openjdk/src/icedtea-2.5.4/openjdk/hotspot/src/share/vm/prims/jvm.cpp:1284
Event: 12.133 Thread 0x5e7a6800 Threw 0xa37a5348 at /build/java7-openjdk/src/icedtea-2.5.4/openjdk/hotspot/src/share/vm/prims/jvm.cpp:1284
Event: 12.133 Thread 0x5e7a6800 Threw 0xa37a5f08 at /build/java7-openjdk/src/icedtea-2.5.4/openjdk/hotspot/src/share/vm/prims/jvm.cpp:1284
Event: 12.133 Thread 0x5e7a6800 Threw 0xa37a69b8 at /build/java7-openjdk/src/icedtea-2.5.4/openjdk/hotspot/src/share/vm/prims/jvm.cpp:1284
Event: 12.133 Thread 0x5e7a6800 Threw 0xa37aa108 at /build/java7-openjdk/src/icedtea-2.5.4/openjdk/hotspot/src/share/vm/prims/jvm.cpp:1284
Event: 12.133 Thread 0x5e7a6800 Threw 0xa37b10f8 at /build/java7-openjdk/src/icedtea-2.5.4/openjdk/hotspot/src/share/vm/prims/jvm.cpp:1284
Event: 12.133 Thread 0x5e7a6800 Threw 0xa37b2200 at /build/java7-openjdk/src/icedtea-2.5.4/openjdk/hotspot/src/share/vm/prims/jvm.cpp:1284
Event: 12.134 Thread 0x5e7a6800 Threw 0xa37be678 at /build/java7-openjdk/src/icedtea-2.5.4/openjdk/hotspot/src/share/vm/prims/jvm.cpp:1284
Event: 12.134 Thread 0x5e7a6800 Threw 0xa37bf308 at /build/java7-openjdk/src/icedtea-2.5.4/openjdk/hotspot/src/share/vm/prims/jvm.cpp:1284

Events (10 events):
Event: 12.132 loading class 0x08852ee8 done
Event: 12.133 loading class 0x08852f20
Event: 12.133 loading class 0x08852f20 done
Event: 12.133 loading class 0x08852f20
Event: 12.133 loading class 0x08852f20 done
Event: 12.134 loading class 0x08852f50
Event: 12.134 loading class 0x08852f50 done
Event: 12.134 loading class 0x08852f50
Event: 12.134 loading class 0x08852f50 done
Event: 12.134 Executing VM operation: ParallelGCFailedAllocation


Dynamic libraries:
08048000-08049000 r-xp 00000000 08:01 1199653    /usr/lib/jvm/java-7-openjdk/jre/bin/java
08049000-0804a000 rw-p 00000000 08:01 1199653    /usr/lib/jvm/java-7-openjdk/jre/bin/java
08134000-089a5000 rw-p 00000000 00:00 0          [heap]
5ddf7000-5ddfa000 ---p 00000000 00:00 0 
5ddfa000-5de12000 rwxp 00000000 00:00 0          [stack:2581]
5de12000-5decc000 r--s 00fb6000 08:06 5898324    /home/cosmin/.gradle/caches/jars-1/4ubxvm6cvkptn01nmlhp3vxjv7388k/openapi.jar
5decc000-5def4000 r--s 001cf000 08:06 5898318    /home/cosmin/.gradle/caches/jars-1/87eo0lrvp84r6dbxjq018wy66es2era/guava-jdk5-17.0.jar
5def4000-5def7000 ---p 00000000 00:00 0 
5def7000-5df45000 rwxp 00000000 00:00 0          [stack:2579]
5df45000-5dfaf000 r--s 0069e000 08:01 2104914    /usr/lib/jvm/java-7-openjdk/lib/tools.jar
5dfaf000-5dfb2000 ---p 00000000 00:00 0 
5dfb2000-5e000000 rwxp 00000000 00:00 0          [stack:2577]
5e000000-5e029000 rw-p 00000000 00:00 0 
5e029000-5e100000 ---p 00000000 00:00 0 
5e10d000-5e110000 ---p 00000000 00:00 0 
5e110000-5e15e000 rwxp 00000000 00:00 0          [stack:2574]
5e15e000-5e161000 ---p 00000000 00:00 0 
5e161000-5e1af000 rwxp 00000000 00:00 0          [stack:2573]
5e1af000-5e1b2000 ---p 00000000 00:00 0 
5e1b2000-5e200000 rwxp 00000000 00:00 0          [stack:2572]
5e200000-5e2f1000 rw-p 00000000 00:00 0 
5e2f1000-5e300000 ---p 00000000 00:00 0 
5e300000-5e3ff000 rw-p 00000000 00:00 0 
5e3ff000-5e400000 ---p 00000000 00:00 0 
5e400000-5e4fd000 rw-p 00000000 00:00 0 
5e4fd000-5e500000 ---p 00000000 00:00 0 
5e517000-5e518000 r--p 00000000 00:00 0 
5e518000-5e519000 r--s 00000000 08:06 5898328    /home/cosmin/.gradle/caches/jars-1/dg22azhabc6tsc1i8xni15giz1bnssh/gradle-appengine-builder-model-0.1.0.jar
5e519000-5e51b000 r--s 00004000 08:06 5898326    /home/cosmin/.gradle/caches/jars-1/qtven7mi8z3hsfxxq8clnrju24s99pt/builder-model-1.1.0-rc1.jar
5e51b000-5e51d000 r--s 00005000 08:06 5898322    /home/cosmin/.gradle/caches/jars-1/bhwj5r0qcaq4pqpfen2765w10ydne55/gradle-tooling-extension-api.jar
5e51d000-5e523000 r--s 00026000 08:06 5898320    /home/cosmin/.gradle/caches/jars-1/qlb402qqdb9mu9614i3hr843cfch7zw/gradle-base-services-2.2.jar
5e523000-5e52c000 r--s 0002c000 08:06 5898316    /home/cosmin/.gradle/caches/jars-1/ltkluv74baem3ersp41z8rutm6he5v5/gradle-tooling-api-2.2.jar
5e52c000-5e52f000 ---p 00000000 00:00 0 
5e52f000-5e57d000 rwxp 00000000 00:00 0          [stack:2571]
5e57d000-5e580000 ---p 00000000 00:00 0 
5e580000-5e5ce000 rwxp 00000000 00:00 0          [stack:2570]
5e5ce000-5e5d2000 r-xp 00000000 00:1e 36901      /tmp/native-platform4548665549582852687dir/libnative-platform.so
5e5d2000-5e5d3000 rw-p 00003000 00:1e 36901      /tmp/native-platform4548665549582852687dir/libnative-platform.so
5e5d3000-5e5d7000 r--s 0004d000 08:01 1199597    /usr/lib/jvm/java-7-openjdk/jre/lib/jsse.jar
5e5d7000-5e5d9000 r--s 00002000 08:06 3595533    /home/cosmin/programs/android-studio/gradle/gradle-2.2.1/lib/plugins/gradle-cunit-2.2.1.jar
5e5d9000-5e5de000 r--s 00036000 08:06 3595601    /home/cosmin/programs/android-studio/gradle/gradle-2.2.1/lib/plugins/gradle-ide-native-2.2.1.jar
5e5de000-5e5e3000 r--s 00013000 08:06 3595571    /home/cosmin/programs/android-studio/gradle/gradle-2.2.1/lib/plugins/gradle-language-native-2.2.1.jar
5e5e3000-5e5ee000 r--s 0004d000 08:06 3595584    /home/cosmin/programs/android-studio/gradle/gradle-2.2.1/lib/plugins/gradle-platform-native-2.2.1.jar
5e5ee000-5e5f0000 r--s 00008000 08:06 3595555    /home/cosmin/programs/android-studio/gradle/gradle-2.2.1/lib/plugins/gradle-language-groovy-2.2.1.jar
5e5f0000-5e5f5000 r--s 00022000 08:06 3595620    /home/cosmin/programs/android-studio/gradle/gradle-2.2.1/lib/plugins/gradle-language-java-2.2.1.jar
5e5f5000-5e5f8000 r--s 00007000 08:06 3595589    /home/cosmin/programs/android-studio/gradle/gradle-2.2.1/lib/plugins/gradle-language-jvm-2.2.1.jar
5e5f8000-5e5fb000 r--s 00009000 08:06 3595558    /home/cosmin/programs/android-studio/gradle/gradle-2.2.1/lib/plugins/gradle-platform-jvm-2.2.1.jar
5e5fb000-5e600000 r--s 00018000 08:06 3595536    /home/cosmin/programs/android-studio/gradle/gradle-2.2.1/lib/plugins/gradle-platform-base-2.2.1.jar
5e600000-5e700000 rw-p 00000000 00:00 0 
5e700000-5e800000 rw-p 00000000 00:00 0 
5e800000-5e8fa000 rw-p 00000000 00:00 0 
5e8fa000-5e900000 ---p 00000000 00:00 0 
5e900000-5e901000 r--s 00001000 08:06 3595612    /home/cosmin/programs/android-studio/gradle/gradle-2.2.1/lib/plugins/gradle-plugin-development-2.2.1.jar
5e901000-5e906000 r--s 00026000 08:06 3595622    /home/cosmin/programs/android-studio/gradle/gradle-2.2.1/lib/plugins/gradle-build-init-2.2.1.jar
5e906000-5e909000 r--s 0001d000 08:06 3595602    /home/cosmin/programs/android-studio/gradle/gradle-2.2.1/lib/plugins/gradle-jacoco-2.2.1.jar
5e909000-5e90c000 r--s 0000d000 08:06 3595594    /home/cosmin/programs/android-studio/gradle/gradle-2.2.1/lib/plugins/gradle-ivy-2.2.1.jar
5e90c000-5e90e000 r--s 00002000 08:06 3595596    /home/cosmin/programs/android-studio/gradle/gradle-2.2.1/lib/plugins/gradle-publish-2.2.1.jar
5e90e000-5e910000 r--s 00005000 08:06 3595563    /home/cosmin/programs/android-studio/gradle/gradle-2.2.1/lib/plugins/jatl-0.2.2.jar
5e910000-5e912000 r--s 0000f000 08:06 3595591    /home/cosmin/programs/android-studio/gradle/gradle-2.2.1/lib/plugins/gradle-reporting-2.2.1.jar
5e912000-5e917000 r--s 00034000 08:06 3595598    /home/cosmin/programs/android-studio/gradle/gradle-2.2.1/lib/plugins/gradle-diagnostics-2.2.1.jar
5e917000-5e91e000 r--s 00090000 08:06 3595540    /home/cosmin/programs/android-studio/gradle/gradle-2.2.1/lib/plugins/gradle-build-comparison-2.2.1.jar
5e91e000-5e925000 r--s 00035000 08:06 3595579    /home/cosmin/programs/android-studio/gradle/gradle-2.2.1/lib/plugins/simple-4.1.21.jar
5e925000-5e931000 r--s 00100000 08:06 3595610    /home/cosmin/programs/android-studio/gradle/gradle-2.2.1/lib/plugins/rhino-1.7R3.jar
5e931000-5e936000 r--s 0001f000 08:06 3595597    /home/cosmin/programs/android-studio/gradle/gradle-2.2.1/lib/plugins/gradle-javascript-2.2.1.jar
5e936000-5e938000 r--s 0000e000 08:06 3595595    /home/cosmin/programs/android-studio/gradle/gradle-2.2.1/lib/plugins/gradle-ear-2.2.1.jar
5e938000-5e93c000 r--s 00025000 08:06 3595532    /home/cosmin/programs/android-studio/gradle/gradle-2.2.1/lib/plugins/bcpg-jdk15-1.46.jar
5e93c000-5e93f000 r--s 0001d000 08:06 3595543    /home/cosmin/programs/android-studio/gradle/gradle-2.2.1/lib/plugins/gradle-signing-2.2.1.jar
5e93f000-5e940000 r--s 00002000 08:06 3595525    /home/cosmin/programs/android-studio/gradle/gradle-2.2.1/lib/plugins/sonar-batch-bootstrapper-2.9.jar
5e940000-5e943000 r--s 00018000 08:06 3595569    /home/cosmin/programs/android-studio/gradle/gradle-2.2.1/lib/plugins/gradle-sonar-2.2.1.jar
5e943000-5e946000 r--s 00017000 08:06 3595554    /home/cosmin/programs/android-studio/gradle/gradle-2.2.1/lib/plugins/gradle-scala-2.2.1.jar
5e946000-5e948000 r--s 0000e000 08:06 3595560    /home/cosmin/programs/android-studio/gradle/gradle-2.2.1/lib/plugins/gradle-announce-2.2.1.jar
5e948000-5e956000 r--s 000bc000 08:06 3595537    /home/cosmin/programs/android-studio/gradle/gradle-2.2.1/lib/plugins/gradle-ide-2.2.1.jar
5e956000-5e958000 r--s 00000000 08:06 3595603    /home/cosmin/programs/android-studio/gradle/gradle-2.2.1/lib/plugins/plexus-component-annotations-1.5.2.jar
5e958000-5e95b000 r--s 0000c000 08:06 3595559    /home/cosmin/programs/android-studio/gradle/gradle-2.2.1/lib/plugins/pmaven-groovy-0.8-20100325.jar
5e95b000-5e95c000 r--s 00004000 08:06 3595580    /home/cosmin/programs/android-studio/gradle/gradle-2.2.1/lib/plugins/pmaven-common-0.8-20100325.jar
5e95c000-5e960000 r--s 0001e000 08:06 3595577    /home/cosmin/programs/android-studio/gradle/gradle-2.2.1/lib/plugins/gradle-maven-2.2.1.jar
5e960000-5e978000 r--s 0013b000 08:06 3595614    /home/cosmin/programs/android-studio/gradle/gradle-2.2.1/lib/plugins/bndlib-2.1.0.jar
5e978000-5e97a000 r--s 00004000 08:06 3595547    /home/cosmin/programs/android-studio/gradle/gradle-2.2.1/lib/plugins/gradle-osgi-2.2.1.jar
5e97a000-5e97f000 r--s 00068000 08:06 3595578    /home/cosmin/programs/android-studio/gradle/gradle-2.2.1/lib/plugins/antlr-2.7.7.jar
5e97f000-5e980000 r--s 00002000 08:06 3595609    /home/cosmin/programs/android-studio/gradle/gradle-2.2.1/lib/plugins/ant-antlr-1.9.3.jar
5e980000-5e982000 r--s 00004000 08:06 3595600    /home/cosmin/programs/android-studio/gradle/gradle-2.2.1/lib/plugins/gradle-antlr-2.2.1.jar
5e982000-5e985000 r--s 0001e000 08:06 3595573    /home/cosmin/programs/android-studio/gradle/gradle-2.2.1/lib/plugins/jsp-api-2.1-6.1.14.jar
5e985000-5e9a8000 r--s 00344000 08:06 3595604    /home/cosmin/programs/android-studio/gradle/gradle-2.2.1/lib/plugins/core-3.1.1.jar
5e9a8000-5e9a9000 r--s 00006000 08:06 3595623    /home/cosmin/programs/android-studio/gradle/gradle-2.2.1/lib/plugins/jetty-naming-6.1.25.jar
5e9a9000-5e9aa000 r--s 00002000 08:06 3595552    /home/cosmin/programs/android-studio/gradle/gradle-2.2.1/lib/plugins/geronimo-annotation_1.0_spec-1.0.jar
5e9aa000-5e9ac000 r--s 00002000 08:06 3595565    /home/cosmin/programs/android-studio/gradle/gradle-2.2.1/lib/plugins/jetty-annotations-6.1.25.jar
5e9ac000-5e9bd000 r--s 000ea000 08:06 3595585    /home/cosmin/programs/android-studio/gradle/gradle-2.2.1/lib/plugins/jsp-2.1-6.1.14.jar
5e9bd000-5e9bf000 r--s 0000d000 08:06 3595535    /home/cosmin/programs/android-studio/gradle/gradle-2.2.1/lib/plugins/jetty-plus-6.1.25.jar
5e9bf000-5e9c1000 r--s 0001f000 08:06 3595557    /home/cosmin/programs/android-studio/gradle/gradle-2.2.1/lib/plugins/servlet-api-2.5-20081211.jar
5e9c1000-5e9c5000 r--s 00028000 08:06 3595526    /home/cosmin/programs/android-studio/gradle/gradle-2.2.1/lib/plugins/jetty-util-6.1.25.jar
5e9c5000-5e9cc000 r--s 0007d000 08:06 3595587    /home/cosmin/programs/android-studio/gradle/gradle-2.2.1/lib/plugins/jetty-6.1.25.jar
5e9cc000-5e9ce000 r--s 00009000 08:06 3595546    /home/cosmin/programs/android-studio/gradle/gradle-2.2.1/lib/plugins/gradle-jetty-2.2.1.jar
5e9ce000-5e9d3000 r--s 00041000 08:06 3595549    /home/cosmin/programs/android-studio/gradle/gradle-2.2.1/lib/plugins/gradle-code-quality-2.2.1.jar
5e9d3000-5e9d5000 r--s 00009000 08:06 3595553    /home/cosmin/programs/android-studio/gradle/gradle-2.2.1/lib/plugins/hamcrest-core-1.3.jar
5e9d5000-5e9db000 r--s 00033000 08:06 3595590    /home/cosmin/programs/android-studio/gradle/gradle-2.2.1/lib/plugins/snakeyaml-1.6.jar
5e9db000-5e9dd000 r--s 00006000 08:06 3595538    /home/cosmin/programs/android-studio/gradle/gradle-2.2.1/lib/plugins/jcommander-1.12.jar
5e9dd000-5e9e2000 r--s 00040000 08:06 3595599    /home/cosmin/programs/android-studio/gradle/gradle-2.2.1/lib/plugins/bsh-2.0b4.jar
5e9e2000-5e9eb000 r--s 00089000 08:06 3595550    /home/cosmin/programs/android-studio/gradle/gradle-2.2.1/lib/plugins/testng-6.3.1.jar
5e9eb000-5e9f1000 r--s 00036000 08:06 3595574    /home/cosmin/programs/android-studio/gradle/gradle-2.2.1/lib/plugins/junit-4.11.jar
5e9f1000-5e9fd000 r--s 00075000 08:06 3595544    /home/cosmin/programs/android-studio/gradle/gradle-2.2.1/lib/plugins/gradle-plugins-2.2.1.jar
5e9fd000-5ea00000 r--s 00011000 08:06 3595527    /home/cosmin/programs/android-studio/gradle/gradle-2.2.1/lib/plugins/gradle-plugin-use-2.2.1.jar
5ea00000-5eafb000 rw-p 00000000 00:00 0 
5eafb000-5eb00000 ---p 00000000 00:00 0 
5eb00000-5ec00000 rw-p 00000000 00:00 0 
5ec00000-5ecfa000 rw-p 00000000 00:00 0 
5ecfa000-5ed00000 ---p 00000000 00:00 0 
5ed00000-5ed02000 r--s 00009000 08:06 3595530    /home/cosmin/programs/android-studio/gradle/gradle-2.2.1/lib/plugins/commons-cli-1.2.jar
5ed02000-5ed1a000 r--s 00115000 08:06 3595582    /home/cosmin/programs/android-studio/gradle/gradle-2.2.1/lib/plugins/xercesImpl-2.9.1.jar
5ed1a000-5ed22000 r--s 00028000 08:06 3595566    /home/cosmin/programs/android-studio/gradle/gradle-2.2.1/lib/plugins/xml-apis-1.3.04.jar
5ed22000-5ed28000 r--s 0005b000 08:06 3595529    /home/cosmin/programs/android-studio/gradle/gradle-2.2.1/lib/plugins/jcifs-1.3.17.jar
5ed28000-5ed2e000 r--s 00031000 08:06 3595539    /home/cosmin/programs/android-studio/gradle/gradle-2.2.1/lib/plugins/httpcore-4.2.2.jar
5ed2e000-5ed34000 r--s 00033000 08:06 3595528    /home/cosmin/programs/android-studio/gradle/gradle-2.2.1/lib/plugins/commons-codec-1.6.jar
5ed34000-5ed37000 r--s 0001c000 08:06 3595618    /home/cosmin/programs/android-studio/gradle/gradle-2.2.1/lib/plugins/nekohtml-1.9.14.jar
5ed37000-5ed40000 r--s 00060000 08:06 3595551    /home/cosmin/programs/android-studio/gradle/gradle-2.2.1/lib/plugins/httpclient-4.2.2.jar
5ed40000-5ed42000 r--s 00007000 08:06 3595608    /home/cosmin/programs/android-studio/gradle/gradle-2.2.1/lib/plugins/gradle-resources-http-2.2.1.jar
5ed42000-5ed6a000 r--s 00194000 08:06 3595564    /home/cosmin/programs/android-studio/gradle/gradle-2.2.1/lib/plugins/bcprov-jdk15-1.46.jar
5ed6a000-5ed6e000 r--s 0001d000 08:06 3595605    /home/cosmin/programs/android-studio/gradle/gradle-2.2.1/lib/plugins/xbean-reflect-3.4.jar
5ed6e000-5ed73000 r--s 0002a000 08:06 3595615    /home/cosmin/programs/android-studio/gradle/gradle-2.2.1/lib/plugins/gson-2.2.4.jar
5ed73000-5ed77000 r--s 0003d000 08:06 3595570    /home/cosmin/programs/android-studio/gradle/gradle-2.2.1/lib/plugins/jsch-0.1.51.jar
5ed77000-5ed90000 r--s 00129000 08:06 3595611    /home/cosmin/programs/android-studio/gradle/gradle-2.2.1/lib/plugins/maven-ant-tasks-2.1.3.jar
5ed90000-5ed9f000 r--s 000d9000 08:06 3595593    /home/cosmin/programs/android-studio/gradle/gradle-2.2.1/lib/plugins/ivy-2.2.0.jar
5ed9f000-5eda3000 r--s 0001e000 08:06 3595567    /home/cosmin/programs/android-studio/gradle/gradle-2.2.1/lib/plugins/jarjar-aether-impl-1.13.1.jar
5eda3000-5eda6000 r--s 00027000 08:06 3595572    /home/cosmin/programs/android-studio/gradle/gradle-2.2.1/lib/plugins/jarjar-maven-model-3.0.4.jar
5eda6000-5edb3000 r--s 00083000 08:06 3595541    /home/cosmin/programs/android-studio/gradle/gradle-2.2.1/lib/plugins/jarjar-maven-core-3.0.4.jar
5edb3000-5ee24000 r-xp 00000000 08:01 273525     /usr/lib/libpcre.so.1.2.4
5ee24000-5ee25000 r--p 00070000 08:01 273525     /usr/lib/libpcre.so.1.2.4
5ee25000-5ee26000 rw-p 00071000 08:01 273525     /usr/lib/libpcre.so.1.2.4
5ee26000-5ef4a000 r-xp 00000000 08:01 273733     /usr/lib/libglib-2.0.so.0.4200.0
5ef4a000-5ef4b000 r--p 00124000 08:01 273733     /usr/lib/libglib-2.0.so.0.4200.0
5ef4b000-5ef4c000 rw-p 00125000 08:01 273733     /usr/lib/libglib-2.0.so.0.4200.0
5ef4c000-5f0fb000 r-xp 00000000 08:01 273737     /usr/lib/libgio-2.0.so.0.4200.0
5f0fb000-5f0fe000 r--p 001ae000 08:01 273737     /usr/lib/libgio-2.0.so.0.4200.0
5f0fe000-5f0ff000 rw-p 001b1000 08:01 273737     /usr/lib/libgio-2.0.so.0.4200.0
5f0ff000-5f100000 rw-p 00000000 00:00 0 
5f100000-5f200000 rw-p 00000000 00:00 0 
5f200000-5f203000 r--s 0000b000 08:06 3595562    /home/cosmin/programs/android-studio/gradle/gradle-2.2.1/lib/plugins/jarjar-maven-artifact-3.0.4.jar
5f203000-5f207000 r--s 0001e000 08:06 3595542    /home/cosmin/programs/android-studio/gradle/gradle-2.2.1/lib/plugins/jarjar-aether-util-1.13.1.jar
5f207000-5f209000 r--s 00007000 08:06 3595616    /home/cosmin/programs/android-studio/gradle/gradle-2.2.1/lib/plugins/jarjar-wagon-http-shared4-2.4.jar
5f209000-5f20b000 r--s 00003000 08:06 3595592    /home/cosmin/programs/android-studio/gradle/gradle-2.2.1/lib/plugins/jarjar-aether-spi-1.13.1.jar
5f20b000-5f20d000 r--s 00009000 08:06 3595581    /home/cosmin/programs/android-studio/gradle/gradle-2.2.1/lib/plugins/jarjar-maven-settings-builder-3.0.4.jar
5f20d000-5f211000 r--s 00014000 08:06 3595556    /home/cosmin/programs/android-studio/gradle/gradle-2.2.1/lib/plugins/jarjar-aether-api-1.13.1.jar
5f211000-5f218000 r--s 00042000 08:06 3595545    /home/cosmin/programs/android-studio/gradle/gradle-2.2.1/lib/plugins/jarjar-maven-compat-3.0.4.jar
5f218000-5f21a000 r--s 00006000 08:06 3595561    /home/cosmin/programs/android-studio/gradle/gradle-2.2.1/lib/plugins/jarjar-aether-connector-wagon-1.13.1.jar
5f21a000-5f21c000 r--s 00000000 08:06 3595548    /home/cosmin/programs/android-studio/gradle/gradle-2.2.1/lib/plugins/jarjar-plexus-component-annotations-1.5.5.jar
5f21c000-5f21e000 r--s 00006000 08:06 3595534    /home/cosmin/programs/android-studio/gradle/gradle-2.2.1/lib/plugins/jarjar-plexus-sec-dispatcher-1.3.jar
5f21e000-5f223000 r--s 00022000 08:06 3595607    /home/cosmin/programs/android-studio/gradle/gradle-2.2.1/lib/plugins/jarjar-maven-model-builder-3.0.4.jar
5f223000-5f225000 r--s 0000b000 08:06 3595576    /home/cosmin/programs/android-studio/gradle/gradle-2.2.1/lib/plugins/jarjar-maven-plugin-api-3.0.4.jar
5f225000-5f228000 r--s 0000a000 08:06 3595531    /home/cosmin/programs/android-studio/gradle/gradle-2.2.1/lib/plugins/jarjar-plexus-classworlds-2.4.jar
5f228000-5f22c000 r--s 00035000 08:06 3595617    /home/cosmin/programs/android-studio/gradle/gradle-2.2.1/lib/plugins/jarjar-plexus-utils-2.0.6.jar
5f22c000-5f22e000 r--s 0000e000 08:06 3595619    /home/cosmin/programs/android-studio/gradle/gradle-2.2.1/lib/plugins/jarjar-plexus-interpolation-1.14.jar
5f22e000-5f236000 r--s 00031000 08:06 3595588    /home/cosmin/programs/android-studio/gradle/gradle-2.2.1/lib/plugins/jarjar-plexus-container-default-1.5.5.jar
5f236000-5f24a000 r-xp 00000000 08:01 265844     /usr/lib/libresolv-2.20.so
5f24a000-5f24b000 ---p 00014000 08:01 265844     /usr/lib/libresolv-2.20.so
5f24b000-5f24c000 r--p 00014000 08:01 265844     /usr/lib/libresolv-2.20.so
5f24c000-5f24d000 rw-p 00015000 08:01 265844     /usr/lib/libresolv-2.20.so
5f24d000-5f24f000 rw-p 00000000 00:00 0 
5f24f000-5f252000 r-xp 00000000 08:01 273734     /usr/lib/libgmodule-2.0.so.0.4200.0
5f252000-5f253000 r--p 00002000 08:01 273734     /usr/lib/libgmodule-2.0.so.0.4200.0
5f253000-5f254000 rw-p 00003000 08:01 273734     /usr/lib/libgmodule-2.0.so.0.4200.0
5f254000-5f25a000 r-xp 00000000 08:01 273655     /usr/lib/libffi.so.6.0.2
5f25a000-5f25b000 r--p 00005000 08:01 273655     /usr/lib/libffi.so.6.0.2
5f25b000-5f25c000 rw-p 00006000 08:01 273655     /usr/lib/libffi.so.6.0.2
5f25c000-5f2b6000 r-xp 00000000 08:01 273736     /usr/lib/libgobject-2.0.so.0.4200.0
5f2b6000-5f2b7000 r--p 0005a000 08:01 273736     /usr/lib/libgobject-2.0.so.0.4200.0
5f2b7000-5f2b8000 rw-p 0005b000 08:01 273736     /usr/lib/libgobject-2.0.so.0.4200.0
5f2b8000-5f2b9000 r--s 00002000 08:06 3595606    /home/cosmin/programs/android-studio/gradle/gradle-2.2.1/lib/plugins/jarjar-wagon-http-2.4.jar
5f2b9000-5f2bb000 r--s 00002000 08:06 3595568    /home/cosmin/programs/android-studio/gradle/gradle-2.2.1/lib/plugins/jarjar-plexus-cipher-1.7.jar
5f2bb000-5f2bd000 r--s 0000c000 08:06 3595613    /home/cosmin/programs/android-studio/gradle/gradle-2.2.1/lib/plugins/jarjar-wagon-provider-api-2.4.jar
5f2bd000-5f2bf000 r--s 0000d000 08:06 3595621    /home/cosmin/programs/android-studio/gradle/gradle-2.2.1/lib/plugins/jarjar-maven-aether-provider-3.0.4.jar
5f2bf000-5f2c0000 r--s 00007000 08:06 3595575    /home/cosmin/programs/android-studio/gradle/gradle-2.2.1/lib/plugins/jarjar-maven-repository-metadata-3.0.4.jar
5f2c0000-5f2d8000 r--s 000b5000 08:06 3595583    /home/cosmin/programs/android-studio/gradle/gradle-2.2.1/lib/plugins/gradle-dependency-management-2.2.1.jar
5f2d8000-5f2e8000 r-xp 00000000 08:01 1199621    /usr/lib/jvm/java-7-openjdk/jre/lib/i386/libnio.so
5f2e8000-5f2e9000 rw-p 0000f000 08:01 1199621    /usr/lib/jvm/java-7-openjdk/jre/lib/i386/libnio.so
5f2e9000-5f2ff000 r-xp 00000000 08:01 1199620    /usr/lib/jvm/java-7-openjdk/jre/lib/i386/libnet.so
5f2ff000-5f300000 rw-p 00015000 08:01 1199620    /usr/lib/jvm/java-7-openjdk/jre/lib/i386/libnet.so
5f300000-5f3fa000 rw-p 00000000 00:00 0 
5f3fa000-5f400000 ---p 00000000 00:00 0 
5f400000-5f401000 r--s 0000b000 08:06 3595586    /home/cosmin/programs/android-studio/gradle/gradle-2.2.1/lib/plugins/jarjar-maven-settings-3.0.4.jar
5f401000-5f402000 r--s 00005000 08:06 3484525    /home/cosmin/programs/android-studio/gradle/gradle-2.2.1/lib/gradle-wrapper-2.2.1.jar
5f402000-5f40b000 r--s 0002c000 08:06 3484530    /home/cosmin/programs/android-studio/gradle/gradle-2.2.1/lib/gradle-tooling-api-2.2.1.jar
5f40b000-5f40d000 r--s 00002000 08:06 3484540    /home/cosmin/programs/android-studio/gradle/gradle-2.2.1/lib/gradle-open-api-2.2.1.jar
5f40d000-5f413000 r--s 00032000 08:06 3484533    /home/cosmin/programs/android-studio/gradle/gradle-2.2.1/lib/jaxen-1.1.jar
5f413000-5f418000 r--s 00048000 08:06 3484504    /home/cosmin/programs/android-studio/gradle/gradle-2.2.1/lib/dom4j-1.6.1.jar
5f418000-5f423000 r--s 00059000 08:06 3484543    /home/cosmin/programs/android-studio/gradle/gradle-2.2.1/lib/gradle-ui-2.2.1.jar
5f423000-5f425000 r--s 00006000 08:06 3484507    /home/cosmin/programs/android-studio/gradle/gradle-2.2.1/lib/gradle-resources-2.2.1.jar
5f425000-5f427000 r--s 00007000 08:06 3484535    /home/cosmin/programs/android-studio/gradle/gradle-2.2.1/lib/objenesis-1.2.jar
5f427000-5f429000 r--s 00000000 08:06 3484536    /home/cosmin/programs/android-studio/gradle/gradle-2.2.1/lib/minlog-1.2.jar
5f429000-5f42b000 r--s 0000f000 08:06 3484541    /home/cosmin/programs/android-studio/gradle/gradle-2.2.1/lib/reflectasm-1.07-shaded.jar
5f42b000-5f42f000 r--s 00026000 08:06 3484547    /home/cosmin/programs/android-studio/gradle/gradle-2.2.1/lib/kryo-2.20.jar
5f42f000-5f438000 r--s 00039000 08:06 3484532    /home/cosmin/programs/android-studio/gradle/gradle-2.2.1/lib/gradle-messaging-2.2.1.jar
5f438000-5f439000 r--s 00003000 08:06 3484545    /home/cosmin/programs/android-studio/gradle/gradle-2.2.1/lib/native-platform-freebsd-amd64-0.10.jar
5f439000-5f43a000 r--s 00003000 08:06 3484527    /home/cosmin/programs/android-studio/gradle/gradle-2.2.1/lib/native-platform-freebsd-i386-0.10.jar
5f43a000-5f43b000 r--s 00005000 08:06 3484531    /home/cosmin/programs/android-studio/gradle/gradle-2.2.1/lib/native-platform-windows-i386-0.10.jar
5f43b000-5f43c000 r--s 00005000 08:06 3484500    /home/cosmin/programs/android-studio/gradle/gradle-2.2.1/lib/native-platform-windows-amd64-0.10.jar
5f43c000-5f43d000 r--s 00003000 08:06 3484503    /home/cosmin/programs/android-studio/gradle/gradle-2.2.1/lib/native-platform-linux-i386-0.10.jar
5f43d000-5f43e000 r--s 00003000 08:06 3484511    /home/cosmin/programs/android-studio/gradle/gradle-2.2.1/lib/native-platform-linux-amd64-0.10.jar
5f43e000-5f43f000 r--s 00002000 08:06 3484548    /home/cosmin/programs/android-studio/gradle/gradle-2.2.1/lib/native-platform-osx-amd64-0.10.jar
5f43f000-5f440000 r--s 00002000 08:06 3484523    /home/cosmin/programs/android-studio/gradle/gradle-2.2.1/lib/native-platform-osx-i386-0.10.jar
5f440000-5f442000 r--s 00008000 08:06 3484522    /home/cosmin/programs/android-studio/gradle/gradle-2.2.1/lib/jansi-1.2.1.jar
5f442000-5f445000 r--s 0000d000 08:06 3484537    /home/cosmin/programs/android-studio/gradle/gradle-2.2.1/lib/native-platform-0.10.jar
5f445000-5f449000 r--s 000e4000 08:06 3484502    /home/cosmin/programs/android-studio/gradle/gradle-2.2.1/lib/jna-3.2.7.jar
5f449000-5f44b000 r--s 00008000 08:06 3484521    /home/cosmin/programs/android-studio/gradle/gradle-2.2.1/lib/gradle-native-2.2.1.jar
5f44b000-5f44d000 r--s 00005000 08:06 3484544    /home/cosmin/programs/android-studio/gradle/gradle-2.2.1/lib/gradle-cli-2.2.1.jar
5f44d000-5f44f000 r--s 00003000 08:06 3484509    /home/cosmin/programs/android-studio/gradle/gradle-2.2.1/lib/gradle-base-services-groovy-2.2.1.jar
5f44f000-5f453000 r--s 0001b000 08:06 3484513    /home/cosmin/programs/android-studio/gradle/gradle-2.2.1/lib/gradle-model-core-2.2.1.jar
5f453000-5f45d000 r--s 0005d000 08:06 3484516    /home/cosmin/programs/android-studio/gradle/gradle-2.2.1/lib/logback-core-1.0.13.jar
5f45d000-5f46b000 r--s 0007f000 08:06 3484539    /home/cosmin/programs/android-studio/gradle/gradle-2.2.1/lib/commons-collections-3.2.1.jar
5f46b000-5f4d6000 r--s 00685000 08:06 3484501    /home/cosmin/programs/android-studio/gradle/gradle-2.2.1/lib/groovy-all-2.3.6.jar
5f4d6000-5f4fe000 r--s 001cf000 08:06 3484519    /home/cosmin/programs/android-studio/gradle/gradle-2.2.1/lib/guava-jdk5-17.0.jar
5f4fe000-5f52f000 r--s 00191000 08:06 3484514    /home/cosmin/programs/android-studio/gradle/gradle-2.2.1/lib/gradle-core-2.2.1.jar
5f52f000-5f530000 ---p 00000000 00:00 0 
5f530000-5f601000 rwxp 00000000 00:00 0          [stack:2564]
5f601000-5f602000 ---p 00000000 00:00 0 
5f602000-5f682000 rwxp 00000000 00:00 0          [stack:2563]
5f682000-5f683000 ---p 00000000 00:00 0 
5f683000-5f754000 rwxp 00000000 00:00 0          [stack:2561]
5f754000-5f8dd000 r--p 00000000 08:01 280743     /usr/lib/locale/locale-archive
5f8dd000-5f97f000 rwxp 00000000 00:00 0          [stack:2559]
5f97f000-5f980000 ---p 00000000 00:00 0 
5f980000-5fa00000 rwxp 00000000 00:00 0          [stack:2558]
5fa00000-5faff000 rw-p 00000000 00:00 0 
5faff000-5fb00000 ---p 00000000 00:00 0 
5fb00000-5fb06000 r--s 0003b000 08:06 3484506    /home/cosmin/programs/android-studio/gradle/gradle-2.2.1/lib/logback-classic-1.0.13.jar
5fb06000-5fb4f000 rw-p 00000000 00:00 0 
5fb4f000-5fd00000 r--s 01d23000 08:01 1199595    /usr/lib/jvm/java-7-openjdk/jre/lib/rt.jar
5fd00000-62a00000 rw-p 00000000 00:00 0 
62a00000-62afd000 rw-p 00000000 00:00 0 
62afd000-62b00000 ---p 00000000 00:00 0 
62b00000-62b02000 r--s 0000a000 08:06 3484517    /home/cosmin/programs/android-studio/gradle/gradle-2.2.1/lib/gradle-model-groovy-2.2.1.jar
62b02000-62b03000 r--s 00000000 08:06 3484526    /home/cosmin/programs/android-studio/gradle/gradle-2.2.1/lib/gradle-docs-2.2.1.jar
62b03000-62b05000 r--s 00003000 08:06 3484510    /home/cosmin/programs/android-studio/gradle/gradle-2.2.1/lib/jcl-over-slf4j-1.7.7.jar
62b05000-62b24000 r--s 001cc000 08:06 3484508    /home/cosmin/programs/android-studio/gradle/gradle-2.2.1/lib/ant-1.9.3.jar
62b24000-62b7f000 rw-p 00000000 00:00 0 
62b7f000-62b80000 ---p 00000000 00:00 0 
62b80000-62c00000 rwxp 00000000 00:00 0          [stack:2557]
62c00000-62c21000 rw-p 00000000 00:00 0 
62c21000-62d00000 ---p 00000000 00:00 0 
62d00000-62d03000 r--s 0001b000 08:06 3484512    /home/cosmin/programs/android-studio/gradle/gradle-2.2.1/lib/jarjar-1.3.jar
62d03000-62d05000 r--s 00000000 08:06 3484534    /home/cosmin/programs/android-studio/gradle/gradle-2.2.1/lib/jul-to-slf4j-1.7.7.jar
62d05000-62d0a000 r--s 00041000 08:06 3484505    /home/cosmin/programs/android-studio/gradle/gradle-2.2.1/lib/commons-lang-2.6.jar
62d0a000-62d28000 rw-p 00000000 00:00 0 
62d28000-62d29000 ---p 00000000 00:00 0 
62d29000-62da9000 rwxp 00000000 00:00 0          [stack:2556]
62da9000-62db1000 rw-p 00000000 00:00 0 
62db1000-62e29000 rw-p 00000000 00:00 0 
62e29000-62e33000 rw-p 00000000 00:00 0 
62e33000-62f7f000 rw-p 00000000 00:00 0 
62f7f000-62f87000 rw-p 00000000 00:00 0 
62f87000-62fff000 rw-p 00000000 00:00 0 
62fff000-63009000 rw-p 00000000 00:00 0 
63009000-63154000 rw-p 00000000 00:00 0 
63154000-63189000 rw-p 00000000 00:00 0 
63189000-631ff000 rw-p 00000000 00:00 0 
631ff000-64200000 rw-p 00000000 00:00 0 
64200000-73200000 rw-p 00000000 00:00 0 
73200000-74580000 rw-p 00000000 00:00 0 
74580000-9dc80000 rw-p 00000000 00:00 0 
9dc80000-a4440000 rw-p 00000000 00:00 0 
a7b80000-b3200000 rw-p 00000000 00:00 0 
b3200000-b3201000 r--s 00005000 08:06 3484538    /home/cosmin/programs/android-studio/gradle/gradle-2.2.1/lib/log4j-over-slf4j-1.7.7.jar
b3201000-b3204000 r--s 00018000 08:06 3484546    /home/cosmin/programs/android-studio/gradle/gradle-2.2.1/lib/commons-io-1.4.jar
b3204000-b3209000 r--s 00036000 08:06 3484528    /home/cosmin/programs/android-studio/gradle/gradle-2.2.1/lib/asm-all-5.0.3.jar
b3209000-b3211000 r--s 0003c000 08:06 3484542    /home/cosmin/programs/android-studio/gradle/gradle-2.2.1/lib/gradle-launcher-2.2.1.jar
b3211000-b321a000 rw-p 00000000 00:00 0 
b321a000-b32d1000 rw-p 00000000 00:00 0 
b32d1000-b3511000 rwxp 00000000 00:00 0 
b3511000-b62d1000 rw-p 00000000 00:00 0 
b62d1000-b62f6000 r-xp 00000000 08:01 1199618    /usr/lib/jvm/java-7-openjdk/jre/lib/i386/libjava.so
b62f6000-b62f7000 rw-p 00025000 08:01 1199618    /usr/lib/jvm/java-7-openjdk/jre/lib/i386/libjava.so
b62f7000-b62fe000 r-xp 00000000 08:01 265882     /usr/lib/librt-2.20.so
b62fe000-b62ff000 r--p 00007000 08:01 265882     /usr/lib/librt-2.20.so
b62ff000-b6300000 rw-p 00008000 08:01 265882     /usr/lib/librt-2.20.so
b6300000-b63fc000 rw-p 00000000 00:00 0 
b63fc000-b6400000 ---p 00000000 00:00 0 
b6400000-b6401000 r--s 00000000 08:06 3484529    /home/cosmin/programs/android-studio/gradle/gradle-2.2.1/lib/javax.inject-1.jar
b6401000-b6407000 r--s 00026000 08:06 3484524    /home/cosmin/programs/android-studio/gradle/gradle-2.2.1/lib/gradle-base-services-2.2.1.jar
b6407000-b6408000 ---p 00000000 00:00 0 
b6408000-b6458000 rwxp 00000000 00:00 0          [stack:2555]
b6458000-b6474000 r-xp 00000000 08:01 269145     /usr/lib/libgcc_s.so.1
b6474000-b6475000 rw-p 0001b000 08:01 269145     /usr/lib/libgcc_s.so.1
b6475000-b64c0000 r-xp 00000000 08:01 265869     /usr/lib/libm-2.20.so
b64c0000-b64c1000 r--p 0004a000 08:01 265869     /usr/lib/libm-2.20.so
b64c1000-b64c2000 rw-p 0004b000 08:01 265869     /usr/lib/libm-2.20.so
b64c2000-b65ab000 r-xp 00000000 08:01 269151     /usr/lib/libstdc++.so.6.0.20
b65ab000-b65af000 r--p 000e9000 08:01 269151     /usr/lib/libstdc++.so.6.0.20
b65af000-b65b0000 rw-p 000ed000 08:01 269151     /usr/lib/libstdc++.so.6.0.20
b65b0000-b65b7000 rw-p 00000000 00:00 0 
b65b7000-b70f8000 r-xp 00000000 08:01 1199652    /usr/lib/jvm/java-7-openjdk/jre/lib/i386/server/libjvm.so
b70f8000-b7160000 rw-p 00b40000 08:01 1199652    /usr/lib/jvm/java-7-openjdk/jre/lib/i386/server/libjvm.so
b7160000-b757d000 rw-p 00000000 00:00 0 
b757d000-b7592000 r-xp 00000000 08:01 268895     /usr/lib/libz.so.1.2.8
b7592000-b7593000 r--p 00014000 08:01 268895     /usr/lib/libz.so.1.2.8
b7593000-b7594000 rw-p 00015000 08:01 268895     /usr/lib/libz.so.1.2.8
b7594000-b7745000 r-xp 00000000 08:01 265870     /usr/lib/libc-2.20.so
b7745000-b7748000 r--p 001b0000 08:01 265870     /usr/lib/libc-2.20.so
b7748000-b774a000 rw-p 001b3000 08:01 265870     /usr/lib/libc-2.20.so
b774a000-b774d000 rw-p 00000000 00:00 0 
b774d000-b7750000 r-xp 00000000 08:01 265843     /usr/lib/libdl-2.20.so
b7750000-b7751000 r--p 00002000 08:01 265843     /usr/lib/libdl-2.20.so
b7751000-b7752000 rw-p 00003000 08:01 265843     /usr/lib/libdl-2.20.so
b7752000-b775e000 r-xp 00000000 08:01 2104865    /usr/lib/jvm/java-7-openjdk/jre/lib/i386/jli/libjli.so
b775e000-b775f000 rw-p 0000b000 08:01 2104865    /usr/lib/jvm/java-7-openjdk/jre/lib/i386/jli/libjli.so
b775f000-b7777000 r-xp 00000000 08:01 265850     /usr/lib/libpthread-2.20.so
b7777000-b7778000 r--p 00017000 08:01 265850     /usr/lib/libpthread-2.20.so
b7778000-b7779000 rw-p 00018000 08:01 265850     /usr/lib/libpthread-2.20.so
b7779000-b777b000 rw-p 00000000 00:00 0 
b777b000-b777c000 r--s 00000000 08:06 3484520    /home/cosmin/programs/android-studio/gradle/gradle-2.2.1/lib/jcip-annotations-1.0.jar
b777c000-b777e000 r--s 00006000 08:06 3484515    /home/cosmin/programs/android-studio/gradle/gradle-2.2.1/lib/slf4j-api-1.7.7.jar
b777e000-b777f000 r--s 00004000 08:06 3484518    /home/cosmin/programs/android-studio/gradle/gradle-2.2.1/lib/ant-launcher-1.9.3.jar
b777f000-b7787000 r-xp 00000000 08:01 1199619    /usr/lib/jvm/java-7-openjdk/jre/lib/i386/libzip.so
b7787000-b7788000 rw-p 00007000 08:01 1199619    /usr/lib/jvm/java-7-openjdk/jre/lib/i386/libzip.so
b7788000-b7790000 rw-s 00000000 00:1e 38127      /tmp/hsperfdata_cosmin/2553
b7790000-b779c000 r-xp 00000000 08:01 265845     /usr/lib/libnss_files-2.20.so
b779c000-b779d000 r--p 0000b000 08:01 265845     /usr/lib/libnss_files-2.20.so
b779d000-b779e000 rw-p 0000c000 08:01 265845     /usr/lib/libnss_files-2.20.so
b779e000-b779f000 rw-p 00000000 00:00 0 
b779f000-b77a0000 ---p 00000000 00:00 0 
b77a0000-b77ab000 r-xp 00000000 08:01 1199617    /usr/lib/jvm/java-7-openjdk/jre/lib/i386/libverify.so
b77ab000-b77ac000 rw-p 0000b000 08:01 1199617    /usr/lib/jvm/java-7-openjdk/jre/lib/i386/libverify.so
b77ac000-b77ae000 r--p 00000000 00:00 0          [vvar]
b77ae000-b77af000 r-xp 00000000 00:00 0          [vdso]
b77af000-b77d0000 r-xp 00000000 08:01 265847     /usr/lib/ld-2.20.so
b77d0000-b77d1000 rw-p 00000000 00:00 0 
b77d1000-b77d2000 r--p 00021000 08:01 265847     /usr/lib/ld-2.20.so
b77d2000-b77d3000 rw-p 00022000 08:01 265847     /usr/lib/ld-2.20.so
bff79000-bff7a000 rwxp 00000000 00:00 0 
bffab000-bffcb000 rwxp 00000000 00:00 0          [stack]
bffcb000-bffcd000 rw-p 00000000 00:00 0 

VM Arguments:
jvm_args: -XX:MaxPermSize=256m -XX:+HeapDumpOnOutOfMemoryError -Xmx1024m -Dfile.encoding=UTF-8 -Duser.country=US -Duser.language=en -Duser.variant 
java_command: org.gradle.launcher.daemon.bootstrap.GradleDaemon 2.2.1 /home/cosmin/.gradle/daemon 10800000 656e0ac0-a00f-41ad-8ccf-c64473cc70b6 -XX:MaxPermSize=256m -XX:+HeapDumpOnOutOfMemoryError -Xmx1024m -Dfile.encoding=UTF-8 -Duser.country=US -Duser.language=en -Duser.variant
Launcher Type: SUN_STANDARD

Environment Variables:
CLASSPATH=/home/cosmin/programs/android-studio/bin/../lib/bootstrap.jar:/home/cosmin/programs/android-studio/bin/../lib/extensions.jar:/home/cosmin/programs/android-studio/bin/../lib/util.jar:/home/cosmin/programs/android-studio/bin/../lib/jdom.jar:/home/cosmin/programs/android-studio/bin/../lib/log4j.jar:/home/cosmin/programs/android-studio/bin/../lib/trove4j.jar:/home/cosmin/programs/android-studio/bin/../lib/jna.jar:/usr/lib/jvm/java-8-openjdk/lib/tools.jar
PATH=/usr/local/sbin:/usr/local/bin:/usr/bin:/usr/lib/jvm/default/bin:/usr/bin/site_perl:/usr/bin/vendor_perl:/usr/bin/core_perl:/home/cosmin/.rvm/bin:/home/cosmin/.rvm/bin:/home/cosmin/Android/Sdk/tools/:/home/cosmin/programs/android-studio/bin/
LD_LIBRARY_PATH=/home/cosmin/programs/android-studio/bin:
SHELL=/bin/bash
DISPLAY=:0

Signal Handlers:
SIGSEGV: [libjvm.so+0x7ebb60], sa_mask[0]=0x7ffbfeff, sa_flags=0x10000004
SIGBUS: [libjvm.so+0x7ebb60], sa_mask[0]=0x7ffbfeff, sa_flags=0x10000004
SIGFPE: [libjvm.so+0x66f790], sa_mask[0]=0x7ffbfeff, sa_flags=0x10000004
SIGPIPE: [libjvm.so+0x66f790], sa_mask[0]=0x7ffbfeff, sa_flags=0x10000004
SIGXFSZ: [libjvm.so+0x66f790], sa_mask[0]=0x7ffbfeff, sa_flags=0x10000004
SIGILL: [libjvm.so+0x66f790], sa_mask[0]=0x7ffbfeff, sa_flags=0x10000004
SIGUSR1: SIG_DFL, sa_mask[0]=0x00000000, sa_flags=0x00000000
SIGUSR2: [libjvm.so+0x66f5e0], sa_mask[0]=0x00000004, sa_flags=0x10000004
SIGHUP: [libjvm.so+0x66f840], sa_mask[0]=0x7ffbfeff, sa_flags=0x10000004
SIGINT: [libjvm.so+0x66f840], sa_mask[0]=0x7ffbfeff, sa_flags=0x10000004
SIGTERM: [libjvm.so+0x66f840], sa_mask[0]=0x7ffbfeff, sa_flags=0x10000004
SIGQUIT: [libjvm.so+0x66f840], sa_mask[0]=0x7ffbfeff, sa_flags=0x10000004
SIGTRAP: SIG_DFL, sa_mask[0]=0x00000000, sa_flags=0x00000000


---------------  S Y S T E M  ---------------

OS:Linux
uname:Linux 3.18.6-1-ARCH #1 SMP PREEMPT Sat Feb 7 08:59:29 CET 2015 i686
libc:glibc 2.20 NPTL 2.20 
rlimit: STACK 8192k, CORE 0k, NPROC 15055, NOFILE 4096, AS infinity
load average:1.48 0.77 0.59

/proc/meminfo:
MemTotal:        1931220 kB
MemFree:          120552 kB
MemAvailable:      85412 kB
Buffers:             940 kB
Cached:           207164 kB
SwapCached:            0 kB
Active:          1592124 kB
Inactive:         135328 kB
Active(anon):    1566608 kB
Inactive(anon):   110736 kB
Active(file):      25516 kB
Inactive(file):    24592 kB
Unevictable:           0 kB
Mlocked:               0 kB
HighTotal:       1049856 kB
HighFree:          34236 kB
LowTotal:         881364 kB
LowFree:           86316 kB
SwapTotal:             0 kB
SwapFree:              0 kB
Dirty:               196 kB
Writeback:             0 kB
AnonPages:       1519708 kB
Mapped:           146076 kB
Shmem:            157816 kB
Slab:              31632 kB
SReclaimable:      16376 kB
SUnreclaim:        15256 kB
KernelStack:        2832 kB
PageTables:         8700 kB
NFS_Unstable:          0 kB
Bounce:                0 kB
WritebackTmp:          0 kB
CommitLimit:      965608 kB
Committed_AS:    4070380 kB
VmallocTotal:     122880 kB
VmallocUsed:       27480 kB
VmallocChunk:      93780 kB
HardwareCorrupted:     0 kB
AnonHugePages:    450560 kB
HugePages_Total:       0
HugePages_Free:        0
HugePages_Rsvd:        0
HugePages_Surp:        0
Hugepagesize:       4096 kB
DirectMap4k:       65528 kB
DirectMap4M:      843776 kB


CPU:total 2 (2 cores per cpu, 1 threads per core) family 6 model 23 stepping 10, cmov, cx8, fxsr, mmx, sse, sse2, sse3, ssse3, sse4.1, tsc

/proc/cpuinfo:
processor	: 0
vendor_id	: GenuineIntel
cpu family	: 6
model		: 23
model name	: Intel(R) Core(TM)2 Duo CPU     T6670  @ 2.20GHz
stepping	: 10
microcode	: 0xa07
cpu MHz		: 1600.000
cache size	: 2048 KB
physical id	: 0
siblings	: 2
core id		: 0
cpu cores	: 2
apicid		: 0
initial apicid	: 0
fdiv_bug	: no
f00f_bug	: no
coma_bug	: no
fpu		: yes
fpu_exception	: yes
cpuid level	: 13
wp		: yes
flags		: fpu vme de pse tsc msr pae mce cx8 apic sep mtrr pge mca cmov pat pse36 clflush dts acpi mmx fxsr sse sse2 ss ht tm pbe nx lm constant_tsc arch_perfmon pebs bts aperfmperf pni dtes64 monitor ds_cpl vmx est tm2 ssse3 cx16 xtpr pdcm sse4_1 xsave lahf_lm ida dtherm tpr_shadow vnmi flexpriority
bugs		:
bogomips	: 4391.26
clflush size	: 64
cache_alignment	: 64
address sizes	: 36 bits physical, 48 bits virtual
power management:

processor	: 1
vendor_id	: GenuineIntel
cpu family	: 6
model		: 23
model name	: Intel(R) Core(TM)2 Duo CPU     T6670  @ 2.20GHz
stepping	: 10
microcode	: 0xa07
cpu MHz		: 2201.000
cache size	: 2048 KB
physical id	: 0
siblings	: 2
core id		: 1
cpu cores	: 2
apicid		: 1
initial apicid	: 1
fdiv_bug	: no
f00f_bug	: no
coma_bug	: no
fpu		: yes
fpu_exception	: yes
cpuid level	: 13
wp		: yes
flags		: fpu vme de pse tsc msr pae mce cx8 apic sep mtrr pge mca cmov pat pse36 clflush dts acpi mmx fxsr sse sse2 ss ht tm pbe nx lm constant_tsc arch_perfmon pebs bts aperfmperf pni dtes64 monitor ds_cpl vmx est tm2 ssse3 cx16 xtpr pdcm sse4_1 xsave lahf_lm ida dtherm tpr_shadow vnmi flexpriority
bugs		:
bogomips	: 4391.26
clflush size	: 64
cache_alignment	: 64
address sizes	: 36 bits physical, 48 bits virtual
power management:



Memory: 4k page, physical 1931220k(120368k free), swap 0k(0k free)

vm_info: OpenJDK Server VM (24.75-b04) for linux-x86 JRE (1.7.0_75-b13), built on Jan 23 2015 12:19:02 by "builduser" with gcc 4.9.2 20141224 (prerelease)

time: Sat Apr 11 20:03:45 2015
elapsed time: 12 seconds

