#
# There is insufficient memory for the Java Runtime Environment to continue.
# Native memory allocation (malloc) failed to allocate 20971520 bytes for committing reserved memory.
# Possible reasons:
#   The system is out of physical RAM or swap space
#   In 32 bit mode, the process size limit was hit
# Possible solutions:
#   Reduce memory load on the system
#   Increase physical memory or swap space
#   Check if swap backing store is full
#   Use 64 bit Java on a 64 bit OS
#   Decrease Java heap size (-Xmx/-Xms)
#   Decrease number of Java threads
#   Decrease Java thread stack sizes (-Xss)
#   Set larger code cache with -XX:ReservedCodeCacheSize=
# This output file may be truncated or incomplete.
#
#  Out of Memory Error (os_linux.cpp:2798), pid=2417, tid=1789619008
#
# JRE version: OpenJDK Runtime Environment (7.0_75-b13) (build 1.7.0_75-b13)
# Java VM: OpenJDK Server VM (24.75-b04 mixed mode linux-x86 )
# Derivative: IcedTea 2.5.4
# Distribution: Custom build (Fri Jan 23 12:16:03 UTC 2015)
# Failed to write core dump. Core dumps have been disabled. To enable core dumping, try "ulimit -c unlimited" before starting Java again
#

---------------  T H R E A D  ---------------

Current thread (0x67d10400):  VMThread [stack: 0x6aa36000,0x6aab7000] [id=2434]

Stack: [0x6aa36000,0x6aab7000]
VM_Operation (0xb63a4c8c): ParallelGCFailedAllocation, mode: safepoint, requested by thread 0xb6206c00


---------------  P R O C E S S  ---------------

Java Threads: ( => current thread )
  0x67d2c800 JavaThread "Service Thread" daemon [_thread_blocked, id=2447, stack(0x679d3000,0x67a24000)]
  0x67d2ac00 JavaThread "C2 CompilerThread1" daemon [_thread_blocked, id=2444, stack(0x67a24000,0x67aa5000)]
  0x67d28c00 JavaThread "C2 CompilerThread0" daemon [_thread_blocked, id=2442, stack(0x67aa5000,0x67b26000)]
  0x67d27000 JavaThread "Signal Dispatcher" daemon [_thread_blocked, id=2440, stack(0x67b26000,0x67b77000)]
  0x67d14400 JavaThread "Finalizer" daemon [_thread_blocked, id=2439, stack(0x67e2d000,0x67e7e000)]
  0x67d12c00 JavaThread "Reference Handler" daemon [_thread_blocked, id=2437, stack(0x67e7e000,0x67ecf000)]
  0xb6206c00 JavaThread "main" [_thread_blocked, id=2429, stack(0xb6355000,0xb63a6000)]

Other Threads:
=>0x67d10400 VMThread [stack: 0x6aa36000,0x6aab7000] [id=2434]
  0x67d2e400 WatcherThread [stack: 0x67952000,0x679d3000] [id=2449]

VM state:at safepoint (normal execution)

VM Mutex/Monitor currently owned by a thread:  ([mutex/lock_event])
[0xb62051d0] Threads_lock - owner thread: 0x67d10400
[0xb62055e0] Heap_lock - owner thread: 0xb6206c00

Heap
 PSYoungGen      total 16640K, used 1265K [0x9dbc0000, 0x9ed40000, 0xb3140000)
  eden space 15360K, 0% used [0x9dbc0000,0x9dbc0000,0x9eac0000)
  from space 1280K, 98% used [0x9eac0000,0x9ebfc790,0x9ec00000)
  to   space 1280K, 0% used [0x9ec00000,0x9ec00000,0x9ed40000)
 ParOldGen       total 19968K, used 7519K [0x73140000, 0x744c0000, 0x9dbc0000)
  object space 19968K, 37% used [0x73140000,0x73897e78,0x744c0000)
 PSPermGen       total 16384K, used 3963K [0x6b140000, 0x6c140000, 0x73140000)
  object space 16384K, 24% used [0x6b140000,0x6b51ec70,0x6c140000)

Card table byte_map: [0x6aeff000,0x6b140000] byte_map_base: 0x6aba6600

Polling page: 0xb76ed000

Code Cache  [0xb3200000, 0xb3440000, 0xb6200000)
 total_blobs=391 nmethods=272 adapters=73 free_code_cache=48170Kb largest_free_block=49294784

Compilation events (10 events):
Event: 6.777 Thread 0x67d2ac00 nmethod 270 0xb32d3948 code [0xb32d3a80, 0xb32d3d04]
Event: 6.777 Thread 0x67d2ac00  271             java.util.HashMap::createEntry (39 bytes)
Event: 6.779 Thread 0x67d2ac00 nmethod 271 0xb32d35c8 code [0xb32d36c0, 0xb32d3830]
Event: 6.779 Thread 0x67d2ac00  272             com.android.dx.rop.code.RegisterSpecSet::equals (106 bytes)
Event: 6.823 Thread 0x67d2ac00 nmethod 272 0xb32d2e88 code [0xb32d2fa0, 0xb32d33d0]
Event: 6.823 Thread 0x67d2ac00  273             com.android.dx.ssa.SsaBasicBlock::getDomChildren (5 bytes)
Event: 6.824 Thread 0x67d2ac00 nmethod 273 0xb32e11c8 code [0xb32e12a0, 0xb32e12f0]
Event: 6.824 Thread 0x67d2ac00  274             com.android.dx.rop.code.RegisterSpecSet::localItemToSpec (49 bytes)
Event: 6.838 Thread 0x67d2ac00 nmethod 274 0xb32e2208 code [0xb32e2320, 0xb32e25f0]
Event: 6.838 Thread 0x67d2ac00  275             com.android.dx.ssa.SsaConverter::edgeSplitSuccessors (98 bytes)

GC Heap History (9 events):
Event: 2.061 GC heap before
{Heap before GC invocations=1 (full 0):
 PSYoungGen      total 8960K, used 7680K [0x9dbc0000, 0x9e5c0000, 0xb3140000)
  eden space 7680K, 100% used [0x9dbc0000,0x9e340000,0x9e340000)
  from space 1280K, 0% used [0x9e480000,0x9e480000,0x9e5c0000)
  to   space 1280K, 0% used [0x9e340000,0x9e340000,0x9e480000)
 ParOldGen       total 19968K, used 0K [0x73140000, 0x744c0000, 0x9dbc0000)
  object space 19968K, 0% used [0x73140000,0x73140000,0x744c0000)
 PSPermGen       total 16384K, used 3733K [0x6b140000, 0x6c140000, 0x73140000)
  object space 16384K, 22% used [0x6b140000,0x6b4e5458,0x6c140000)
Event: 2.070 GC heap after
Heap after GC invocations=1 (full 0):
 PSYoungGen      total 8960K, used 1264K [0x9dbc0000, 0x9e5c0000, 0xb3140000)
  eden space 7680K, 0% used [0x9dbc0000,0x9dbc0000,0x9e340000)
  from space 1280K, 98% used [0x9e340000,0x9e47c070,0x9e480000)
  to   space 1280K, 0% used [0x9e480000,0x9e480000,0x9e5c0000)
 ParOldGen       total 19968K, used 1334K [0x73140000, 0x744c0000, 0x9dbc0000)
  object space 19968K, 6% used [0x73140000,0x7328d858,0x744c0000)
 PSPermGen       total 16384K, used 3733K [0x6b140000, 0x6c140000, 0x73140000)
  object space 16384K, 22% used [0x6b140000,0x6b4e5458,0x6c140000)
}
Event: 2.949 GC heap before
{Heap before GC invocations=2 (full 0):
 PSYoungGen      total 8960K, used 8944K [0x9dbc0000, 0x9e5c0000, 0xb3140000)
  eden space 7680K, 100% used [0x9dbc0000,0x9e340000,0x9e340000)
  from space 1280K, 98% used [0x9e340000,0x9e47c070,0x9e480000)
  to   space 1280K, 0% used [0x9e480000,0x9e480000,0x9e5c0000)
 ParOldGen       total 19968K, used 1334K [0x73140000, 0x744c0000, 0x9dbc0000)
  object space 19968K, 6% used [0x73140000,0x7328d858,0x744c0000)
 PSPermGen       total 16384K, used 3847K [0x6b140000, 0x6c140000, 0x73140000)
  object space 16384K, 23% used [0x6b140000,0x6b501eb8,0x6c140000)
Event: 2.975 GC heap after
Heap after GC invocations=2 (full 0):
 PSYoungGen      total 8960K, used 1266K [0x9dbc0000, 0x9ed40000, 0xb3140000)
  eden space 7680K, 0% used [0x9dbc0000,0x9dbc0000,0x9e340000)
  from space 1280K, 98% used [0x9e480000,0x9e5bc988,0x9e5c0000)
  to   space 1280K, 0% used [0x9e340000,0x9e340000,0x9e480000)
 ParOldGen       total 19968K, used 2565K [0x73140000, 0x744c0000, 0x9dbc0000)
  object space 19968K, 12% used [0x73140000,0x733c1500,0x744c0000)
 PSPermGen       total 16384K, used 3847K [0x6b140000, 0x6c140000, 0x73140000)
  object space 16384K, 23% used [0x6b140000,0x6b501eb8,0x6c140000)
}
Event: 3.816 GC heap before
{Heap before GC invocations=3 (full 0):
 PSYoungGen      total 8960K, used 8946K [0x9dbc0000, 0x9ed40000, 0xb3140000)
  eden space 7680K, 100% used [0x9dbc0000,0x9e340000,0x9e340000)
  from space 1280K, 98% used [0x9e480000,0x9e5bc988,0x9e5c0000)
  to   space 1280K, 0% used [0x9e340000,0x9e340000,0x9e480000)
 ParOldGen       total 19968K, used 2565K [0x73140000, 0x744c0000, 0x9dbc0000)
  object space 19968K, 12% used [0x73140000,0x733c1500,0x744c0000)
 PSPermGen       total 16384K, used 3915K [0x6b140000, 0x6c140000, 0x73140000)
  object space 16384K, 23% used [0x6b140000,0x6b512fb0,0x6c140000)
Event: 3.884 GC heap after
Heap after GC invocations=3 (full 0):
 PSYoungGen      total 8960K, used 1275K [0x9dbc0000, 0x9ed40000, 0xb3140000)
  eden space 7680K, 0% used [0x9dbc0000,0x9dbc0000,0x9e340000)
  from space 1280K, 99% used [0x9e340000,0x9e47ed28,0x9e480000)
  to   space 1280K, 0% used [0x9ec00000,0x9ec00000,0x9ed40000)
 ParOldGen       total 19968K, used 3571K [0x73140000, 0x744c0000, 0x9dbc0000)
  object space 19968K, 17% used [0x73140000,0x734bcd70,0x744c0000)
 PSPermGen       total 16384K, used 3915K [0x6b140000, 0x6c140000, 0x73140000)
  object space 16384K, 23% used [0x6b140000,0x6b512fb0,0x6c140000)
}
Event: 4.840 GC heap before
{Heap before GC invocations=4 (full 0):
 PSYoungGen      total 8960K, used 8955K [0x9dbc0000, 0x9ed40000, 0xb3140000)
  eden space 7680K, 100% used [0x9dbc0000,0x9e340000,0x9e340000)
  from space 1280K, 99% used [0x9e340000,0x9e47ed28,0x9e480000)
  to   space 1280K, 0% used [0x9ec00000,0x9ec00000,0x9ed40000)
 ParOldGen       total 19968K, used 3571K [0x73140000, 0x744c0000, 0x9dbc0000)
  object space 19968K, 17% used [0x73140000,0x734bcd70,0x744c0000)
 PSPermGen       total 16384K, used 3940K [0x6b140000, 0x6c140000, 0x73140000)
  object space 16384K, 24% used [0x6b140000,0x6b519158,0x6c140000)
Event: 4.864 GC heap after
Heap after GC invocations=4 (full 0):
 PSYoungGen      total 16640K, used 1277K [0x9dbc0000, 0x9ed40000, 0xb3140000)
  eden space 15360K, 0% used [0x9dbc0000,0x9dbc0000,0x9eac0000)
  from space 1280K, 99% used [0x9ec00000,0x9ed3f4a0,0x9ed40000)
  to   space 1280K, 0% used [0x9eac0000,0x9eac0000,0x9ec00000)
 ParOldGen       total 19968K, used 4866K [0x73140000, 0x744c0000, 0x9dbc0000)
  object space 19968K, 24% used [0x73140000,0x73600870,0x744c0000)
 PSPermGen       total 16384K, used 3940K [0x6b140000, 0x6c140000, 0x73140000)
  object space 16384K, 24% used [0x6b140000,0x6b519158,0x6c140000)
}
Event: 6.904 GC heap before
{Heap before GC invocations=5 (full 0):
 PSYoungGen      total 16640K, used 16637K [0x9dbc0000, 0x9ed40000, 0xb3140000)
  eden space 15360K, 100% used [0x9dbc0000,0x9eac0000,0x9eac0000)
  from space 1280K, 99% used [0x9ec00000,0x9ed3f4a0,0x9ed40000)
  to   space 1280K, 0% used [0x9eac0000,0x9eac0000,0x9ec00000)
 ParOldGen       total 19968K, used 4866K [0x73140000, 0x744c0000, 0x9dbc0000)
  object space 19968K, 24% used [0x73140000,0x73600870,0x744c0000)
 PSPermGen       total 16384K, used 3963K [0x6b140000, 0x6c140000, 0x73140000)
  object space 16384K, 24% used [0x6b140000,0x6b51ec70,0x6c140000)

Deoptimization events (10 events):
Event: 3.952 Thread 0xb6206c00 Uncommon trap: reason=class_check action=maybe_recompile pc=0xb326a824 method=com.android.dx.ssa.NormalSsaInsn.accept(Lcom/android/dx/ssa/SsaInsn$Visitor;)V @ 9
Event: 3.952 Thread 0xb6206c00 Uncommon trap: reason=class_check action=maybe_recompile pc=0xb326a824 method=com.android.dx.ssa.NormalSsaInsn.accept(Lcom/android/dx/ssa/SsaInsn$Visitor;)V @ 9
Event: 3.952 Thread 0xb6206c00 Uncommon trap: reason=class_check action=maybe_recompile pc=0xb326a824 method=com.android.dx.ssa.NormalSsaInsn.accept(Lcom/android/dx/ssa/SsaInsn$Visitor;)V @ 9
Event: 3.953 Thread 0xb6206c00 Uncommon trap: reason=class_check action=maybe_recompile pc=0xb324f5e4 method=com.android.dx.ssa.NormalSsaInsn.accept(Lcom/android/dx/ssa/SsaInsn$Visitor;)V @ 9
Event: 4.194 Thread 0xb6206c00 Uncommon trap: reason=class_check action=maybe_recompile pc=0xb3289488 method=java.util.HashMap.put(Ljava/lang/Object;Ljava/lang/Object;)Ljava/lang/Object; @ 83
Event: 4.194 Thread 0xb6206c00 Uncommon trap: reason=class_check action=maybe_recompile pc=0xb3289488 method=java.util.HashMap.put(Ljava/lang/Object;Ljava/lang/Object;)Ljava/lang/Object; @ 83
Event: 4.725 Thread 0xb6206c00 Uncommon trap: reason=class_check action=maybe_recompile pc=0xb3289488 method=java.util.HashMap.put(Ljava/lang/Object;Ljava/lang/Object;)Ljava/lang/Object; @ 83
Event: 5.883 Thread 0xb6206c00 Uncommon trap: reason=null_check action=make_not_entrant pc=0xb32c80f0 method=com.android.dx.ssa.SsaRenamer.getLocalForNewReg(I)Lcom/android/dx/rop/code/LocalItem; @ 19
Event: 6.404 Thread 0xb6206c00 Uncommon trap: reason=null_check action=make_not_entrant pc=0xb32db84c method=com.android.dx.rop.type.Type.putIntern(Lcom/android/dx/rop/type/Type;)Lcom/android/dx/rop/type/Type; @ 18
Event: 6.831 Thread 0xb6206c00 Uncommon trap: reason=null_check action=make_not_entrant pc=0xb32cd8a8 method=com.android.dx.ssa.SsaRenamer.getLocalForNewReg(I)Lcom/android/dx/rop/code/LocalItem; @ 19

Internal exceptions (10 events):
Event: 2.642 Thread 0xb6206c00 Implicit null exception at 0xb326522c to 0xb3265389
Event: 2.695 Thread 0xb6206c00 Threw 0x9e145658 at /build/java7-openjdk/src/icedtea-2.5.4/openjdk/hotspot/src/share/vm/prims/jvm.cpp:1284
Event: 2.696 Thread 0xb6206c00 Threw 0x9e14b290 at /build/java7-openjdk/src/icedtea-2.5.4/openjdk/hotspot/src/share/vm/prims/jvm.cpp:1284
Event: 3.132 Thread 0xb6206c00 Threw 0x9dd7ec90 at /build/java7-openjdk/src/icedtea-2.5.4/openjdk/hotspot/src/share/vm/prims/jvm.cpp:1284
Event: 3.612 Thread 0xb6206c00 Implicit null exception at 0xb3290df1 to 0xb3291919
Event: 4.746 Thread 0xb6206c00 Threw 0x9e279488 at /build/java7-openjdk/src/icedtea-2.5.4/openjdk/hotspot/src/share/vm/prims/jvm.cpp:1284
Event: 5.331 Thread 0xb6206c00 Threw 0x9df3f2f0 at /build/java7-openjdk/src/icedtea-2.5.4/openjdk/hotspot/src/share/vm/prims/jvm.cpp:1284
Event: 5.883 Thread 0xb6206c00 Implicit null exception at 0xb32c7771 to 0xb32c80e1
Event: 6.404 Thread 0xb6206c00 Implicit null exception at 0xb32db26a to 0xb32db83d
Event: 6.830 Thread 0xb6206c00 Implicit null exception at 0xb32ccf64 to 0xb32cd889

Events (10 events):
Event: 5.883 Thread 0xb6206c00 DEOPT PACKING pc=0xb32c80f0 sp=0xb63a4a10
Event: 5.884 Thread 0xb6206c00 DEOPT UNPACKING pc=0xb322cbc8 sp=0xb63a492c mode 2
Event: 6.065 Thread 0x67d2ac00 flushing nmethod 0xb3257688
Event: 6.404 Thread 0xb6206c00 Uncommon trap: trap_request=0xfffffff4 fr.pc=0xb32db84c
Event: 6.404 Thread 0xb6206c00 DEOPT PACKING pc=0xb32db84c sp=0xb63a4b20
Event: 6.404 Thread 0xb6206c00 DEOPT UNPACKING pc=0xb322cbc8 sp=0xb63a4ab8 mode 2
Event: 6.830 Thread 0xb6206c00 Uncommon trap: trap_request=0xfffffff4 fr.pc=0xb32cd8a8
Event: 6.831 Thread 0xb6206c00 DEOPT PACKING pc=0xb32cd8a8 sp=0xb63a49f0
Event: 6.831 Thread 0xb6206c00 DEOPT UNPACKING pc=0xb322cbc8 sp=0xb63a4934 mode 2
Event: 6.904 Executing VM operation: ParallelGCFailedAllocation


Dynamic libraries:
08048000-08049000 r-xp 00000000 08:01 1199653    /usr/lib/jvm/java-7-openjdk/jre/bin/java
08049000-0804a000 rw-p 00000000 08:01 1199653    /usr/lib/jvm/java-7-openjdk/jre/bin/java
09d99000-0a65a000 rw-p 00000000 00:00 0          [heap]
66a00000-66af8000 rw-p 00000000 00:00 0 
66af8000-66b00000 ---p 00000000 00:00 0 
66c00000-66cfe000 rw-p 00000000 00:00 0 
66cfe000-66d00000 ---p 00000000 00:00 0 
66e00000-66efc000 rw-p 00000000 00:00 0 
66efc000-66f00000 ---p 00000000 00:00 0 
66f00000-66ffc000 rw-p 00000000 00:00 0 
66ffc000-67000000 ---p 00000000 00:00 0 
67000000-67100000 rw-p 00000000 00:00 0 
67200000-672fb000 rw-p 00000000 00:00 0 
672fb000-67300000 ---p 00000000 00:00 0 
67400000-67429000 rw-p 00000000 00:00 0 
67429000-67500000 ---p 00000000 00:00 0 
67578000-675e9000 r-xp 00000000 08:01 273525     /usr/lib/libpcre.so.1.2.4
675e9000-675ea000 r--p 00070000 08:01 273525     /usr/lib/libpcre.so.1.2.4
675ea000-675eb000 rw-p 00071000 08:01 273525     /usr/lib/libpcre.so.1.2.4
675eb000-6770f000 r-xp 00000000 08:01 273733     /usr/lib/libglib-2.0.so.0.4200.0
6770f000-67710000 r--p 00124000 08:01 273733     /usr/lib/libglib-2.0.so.0.4200.0
67710000-67711000 rw-p 00125000 08:01 273733     /usr/lib/libglib-2.0.so.0.4200.0
67711000-6776b000 r-xp 00000000 08:01 273736     /usr/lib/libgobject-2.0.so.0.4200.0
6776b000-6776c000 r--p 0005a000 08:01 273736     /usr/lib/libgobject-2.0.so.0.4200.0
6776c000-6776d000 rw-p 0005b000 08:01 273736     /usr/lib/libgobject-2.0.so.0.4200.0
6776d000-6791c000 r-xp 00000000 08:01 273737     /usr/lib/libgio-2.0.so.0.4200.0
6791c000-6791f000 r--p 001ae000 08:01 273737     /usr/lib/libgio-2.0.so.0.4200.0
6791f000-67920000 rw-p 001b1000 08:01 273737     /usr/lib/libgio-2.0.so.0.4200.0
67920000-67921000 rw-p 00000000 00:00 0 
67952000-67953000 ---p 00000000 00:00 0 
67953000-67a24000 rwxp 00000000 00:00 0          [stack:2447]
67a24000-67a25000 ---p 00000000 00:00 0 
67a25000-67aa5000 rwxp 00000000 00:00 0          [stack:2444]
67aa5000-67aa6000 ---p 00000000 00:00 0 
67aa6000-67b77000 rwxp 00000000 00:00 0          [stack:2440]
67b77000-67d00000 r--p 00000000 08:01 280743     /usr/lib/locale/locale-archive
67d00000-67e00000 rw-p 00000000 00:00 0 
67e0f000-67e23000 r-xp 00000000 08:01 265844     /usr/lib/libresolv-2.20.so
67e23000-67e24000 ---p 00014000 08:01 265844     /usr/lib/libresolv-2.20.so
67e24000-67e25000 r--p 00014000 08:01 265844     /usr/lib/libresolv-2.20.so
67e25000-67e26000 rw-p 00015000 08:01 265844     /usr/lib/libresolv-2.20.so
67e26000-67e28000 rw-p 00000000 00:00 0 
67e28000-67e2b000 r-xp 00000000 08:01 273734     /usr/lib/libgmodule-2.0.so.0.4200.0
67e2b000-67e2c000 r--p 00002000 08:01 273734     /usr/lib/libgmodule-2.0.so.0.4200.0
67e2c000-67e2d000 rw-p 00003000 08:01 273734     /usr/lib/libgmodule-2.0.so.0.4200.0
67e2d000-67ecf000 rwxp 00000000 00:00 0          [stack:2437]
67ecf000-68080000 r--s 01d23000 08:01 1199595    /usr/lib/jvm/java-7-openjdk/jre/lib/rt.jar
68080000-6a900000 rw-p 00000000 00:00 0 
6a900000-6a9ef000 rw-p 00000000 00:00 0 
6a9ef000-6aa00000 ---p 00000000 00:00 0 
6aa00000-6aa16000 r-xp 00000000 08:01 1199620    /usr/lib/jvm/java-7-openjdk/jre/lib/i386/libnet.so
6aa16000-6aa17000 rw-p 00015000 08:01 1199620    /usr/lib/jvm/java-7-openjdk/jre/lib/i386/libnet.so
6aa17000-6aa27000 r-xp 00000000 08:01 1199621    /usr/lib/jvm/java-7-openjdk/jre/lib/i386/libnio.so
6aa27000-6aa28000 rw-p 0000f000 08:01 1199621    /usr/lib/jvm/java-7-openjdk/jre/lib/i386/libnio.so
6aa28000-6aa36000 r--s 000dc000 08:06 2753460    /home/cosmin/Android/Sdk/build-tools/21.1.1/lib/dx.jar
6aa36000-6aa37000 ---p 00000000 00:00 0 
6aa37000-6aab7000 rwxp 00000000 00:00 0          [stack:2434]
6aab7000-6ab00000 rw-p 00000000 00:00 0 
6ab00000-6ab21000 rw-p 00000000 00:00 0 
6ab21000-6ac00000 ---p 00000000 00:00 0 
6ac04000-6ac0a000 r-xp 00000000 08:01 273655     /usr/lib/libffi.so.6.0.2
6ac0a000-6ac0b000 r--p 00005000 08:01 273655     /usr/lib/libffi.so.6.0.2
6ac0b000-6ac0c000 rw-p 00006000 08:01 273655     /usr/lib/libffi.so.6.0.2
6ac0c000-6ac67000 rw-p 00000000 00:00 0 
6ac67000-6ac68000 ---p 00000000 00:00 0 
6ac68000-6ace8000 rwxp 00000000 00:00 0          [stack:2432]
6ace8000-6ace9000 ---p 00000000 00:00 0 
6ace9000-6ad69000 rwxp 00000000 00:00 0          [stack:2431]
6ad69000-6ad71000 rw-p 00000000 00:00 0 
6ad71000-6ada9000 rw-p 00000000 00:00 0 
6ada9000-6adb3000 rw-p 00000000 00:00 0 
6adb3000-6aeff000 rw-p 00000000 00:00 0 
6aeff000-6af07000 rw-p 00000000 00:00 0 
6af07000-6af3f000 rw-p 00000000 00:00 0 
6af3f000-6af49000 rw-p 00000000 00:00 0 
6af49000-6b094000 rw-p 00000000 00:00 0 
6b094000-6b09d000 rw-p 00000000 00:00 0 
6b09d000-6b13f000 rw-p 00000000 00:00 0 
6b13f000-6c140000 rw-p 00000000 00:00 0 
6c140000-73140000 rw-p 00000000 00:00 0 
73140000-744c0000 rw-p 00000000 00:00 0 
744c0000-9dbc0000 rw-p 00000000 00:00 0 
9dbc0000-9ed40000 rw-p 00000000 00:00 0 
a0140000-b3140000 rw-p 00000000 00:00 0 
b3140000-b3149000 rw-p 00000000 00:00 0 
b3149000-b3200000 rw-p 00000000 00:00 0 
b3200000-b3440000 rwxp 00000000 00:00 0 
b3440000-b62fc000 rw-p 00000000 00:00 0 
b62fc000-b6300000 ---p 00000000 00:00 0 
b6303000-b630b000 r--s 00077000 08:06 10748902   /home/cosmin/AndroidstudioProjects/MyFirstApp/app/build/intermediates/exploded-aar/com.android.support/appcompat-v7/22.0.0/classes.jar
b630b000-b6326000 rw-p 00000000 00:00 0 
b6326000-b634b000 r-xp 00000000 08:01 1199618    /usr/lib/jvm/java-7-openjdk/jre/lib/i386/libjava.so
b634b000-b634c000 rw-p 00025000 08:01 1199618    /usr/lib/jvm/java-7-openjdk/jre/lib/i386/libjava.so
b634c000-b6353000 r-xp 00000000 08:01 265882     /usr/lib/librt-2.20.so
b6353000-b6354000 r--p 00007000 08:01 265882     /usr/lib/librt-2.20.so
b6354000-b6355000 rw-p 00008000 08:01 265882     /usr/lib/librt-2.20.so
b6355000-b6356000 ---p 00000000 00:00 0 
b6356000-b63a6000 rwxp 00000000 00:00 0          [stack:2429]
b63a6000-b63c2000 r-xp 00000000 08:01 269145     /usr/lib/libgcc_s.so.1
b63c2000-b63c3000 rw-p 0001b000 08:01 269145     /usr/lib/libgcc_s.so.1
b63c3000-b640e000 r-xp 00000000 08:01 265869     /usr/lib/libm-2.20.so
b640e000-b640f000 r--p 0004a000 08:01 265869     /usr/lib/libm-2.20.so
b640f000-b6410000 rw-p 0004b000 08:01 265869     /usr/lib/libm-2.20.so
b6410000-b64f9000 r-xp 00000000 08:01 269151     /usr/lib/libstdc++.so.6.0.20
b64f9000-b64fd000 r--p 000e9000 08:01 269151     /usr/lib/libstdc++.so.6.0.20
b64fd000-b64fe000 rw-p 000ed000 08:01 269151     /usr/lib/libstdc++.so.6.0.20
b64fe000-b6505000 rw-p 00000000 00:00 0 
b6505000-b7046000 r-xp 00000000 08:01 1199652    /usr/lib/jvm/java-7-openjdk/jre/lib/i386/server/libjvm.so
b7046000-b70ae000 rw-p 00b40000 08:01 1199652    /usr/lib/jvm/java-7-openjdk/jre/lib/i386/server/libjvm.so
b70ae000-b74cb000 rw-p 00000000 00:00 0 
b74cb000-b74e0000 r-xp 00000000 08:01 268895     /usr/lib/libz.so.1.2.8
b74e0000-b74e1000 r--p 00014000 08:01 268895     /usr/lib/libz.so.1.2.8
b74e1000-b74e2000 rw-p 00015000 08:01 268895     /usr/lib/libz.so.1.2.8
b74e2000-b7693000 r-xp 00000000 08:01 265870     /usr/lib/libc-2.20.so
b7693000-b7696000 r--p 001b0000 08:01 265870     /usr/lib/libc-2.20.so
b7696000-b7698000 rw-p 001b3000 08:01 265870     /usr/lib/libc-2.20.so
b7698000-b769b000 rw-p 00000000 00:00 0 
b769b000-b769e000 r-xp 00000000 08:01 265843     /usr/lib/libdl-2.20.so
b769e000-b769f000 r--p 00002000 08:01 265843     /usr/lib/libdl-2.20.so
b769f000-b76a0000 rw-p 00003000 08:01 265843     /usr/lib/libdl-2.20.so
b76a0000-b76ac000 r-xp 00000000 08:01 2104865    /usr/lib/jvm/java-7-openjdk/jre/lib/i386/jli/libjli.so
b76ac000-b76ad000 rw-p 0000b000 08:01 2104865    /usr/lib/jvm/java-7-openjdk/jre/lib/i386/jli/libjli.so
b76ad000-b76c5000 r-xp 00000000 08:01 265850     /usr/lib/libpthread-2.20.so
b76c5000-b76c6000 r--p 00017000 08:01 265850     /usr/lib/libpthread-2.20.so
b76c6000-b76c7000 rw-p 00018000 08:01 265850     /usr/lib/libpthread-2.20.so
b76c7000-b76c9000 rw-p 00000000 00:00 0 
b76cd000-b76d5000 r-xp 00000000 08:01 1199619    /usr/lib/jvm/java-7-openjdk/jre/lib/i386/libzip.so
b76d5000-b76d6000 rw-p 00007000 08:01 1199619    /usr/lib/jvm/java-7-openjdk/jre/lib/i386/libzip.so
b76d6000-b76de000 rw-s 00000000 00:1e 70358      /tmp/hsperfdata_cosmin/2417
b76de000-b76ea000 r-xp 00000000 08:01 265845     /usr/lib/libnss_files-2.20.so
b76ea000-b76eb000 r--p 0000b000 08:01 265845     /usr/lib/libnss_files-2.20.so
b76eb000-b76ec000 rw-p 0000c000 08:01 265845     /usr/lib/libnss_files-2.20.so
b76ec000-b76ed000 rw-p 00000000 00:00 0 
b76ed000-b76ee000 ---p 00000000 00:00 0 
b76ee000-b76f9000 r-xp 00000000 08:01 1199617    /usr/lib/jvm/java-7-openjdk/jre/lib/i386/libverify.so
b76f9000-b76fa000 rw-p 0000b000 08:01 1199617    /usr/lib/jvm/java-7-openjdk/jre/lib/i386/libverify.so
b76fa000-b76fc000 r--p 00000000 00:00 0          [vvar]
b76fc000-b76fd000 r-xp 00000000 00:00 0          [vdso]
b76fd000-b771e000 r-xp 00000000 08:01 265847     /usr/lib/ld-2.20.so
b771e000-b771f000 rw-p 00000000 00:00 0 
b771f000-b7720000 r--p 00021000 08:01 265847     /usr/lib/ld-2.20.so
b7720000-b7721000 rw-p 00022000 08:01 265847     /usr/lib/ld-2.20.so
bfa94000-bfa95000 rwxp 00000000 00:00 0 
bfac6000-bfae6000 rwxp 00000000 00:00 0          [stack]
bfae6000-bfae8000 rw-p 00000000 00:00 0 

VM Arguments:
jvm_args: -Xmx1024M -Dfile.encoding=UTF-8 -Duser.country=US -Duser.language=en -Duser.variant 
java_command: com.android.dx.command.Main --dex --output /home/cosmin/AndroidstudioProjects/MyFirstApp/app/build/intermediates/pre-dexed/debug/classes-d13e96aefdf2c4e6cc3d5464b5ec0df912984da3.jar /home/cosmin/AndroidstudioProjects/MyFirstApp/app/build/intermediates/exploded-aar/com.android.support/appcompat-v7/22.0.0/classes.jar
Launcher Type: SUN_STANDARD

Environment Variables:
CLASSPATH=/home/cosmin/programs/android-studio/bin/../lib/bootstrap.jar:/home/cosmin/programs/android-studio/bin/../lib/extensions.jar:/home/cosmin/programs/android-studio/bin/../lib/util.jar:/home/cosmin/programs/android-studio/bin/../lib/jdom.jar:/home/cosmin/programs/android-studio/bin/../lib/log4j.jar:/home/cosmin/programs/android-studio/bin/../lib/trove4j.jar:/home/cosmin/programs/android-studio/bin/../lib/jna.jar:/usr/lib/jvm/java-8-openjdk/lib/tools.jar
PATH=/usr/local/sbin:/usr/local/bin:/usr/bin:/usr/lib/jvm/default/bin:/usr/bin/site_perl:/usr/bin/vendor_perl:/usr/bin/core_perl:/home/cosmin/.rvm/bin:/home/cosmin/.rvm/bin:/home/cosmin/Android/Sdk/tools/:/home/cosmin/programs/android-studio/bin/
LD_LIBRARY_PATH=/home/cosmin/programs/android-studio/bin:
SHELL=/bin/bash
DISPLAY=:0

Signal Handlers:
SIGSEGV: [libjvm.so+0x7ebb60], sa_mask[0]=0x7ffbfeff, sa_flags=0x10000004
SIGBUS: [libjvm.so+0x7ebb60], sa_mask[0]=0x7ffbfeff, sa_flags=0x10000004
SIGFPE: [libjvm.so+0x66f790], sa_mask[0]=0x7ffbfeff, sa_flags=0x10000004
SIGPIPE: [libjvm.so+0x66f790], sa_mask[0]=0x7ffbfeff, sa_flags=0x10000004
SIGXFSZ: [libjvm.so+0x66f790], sa_mask[0]=0x7ffbfeff, sa_flags=0x10000004
SIGILL: [libjvm.so+0x66f790], sa_mask[0]=0x7ffbfeff, sa_flags=0x10000004
SIGUSR1: SIG_DFL, sa_mask[0]=0x00000000, sa_flags=0x00000000
SIGUSR2: [libjvm.so+0x66f5e0], sa_mask[0]=0x00000004, sa_flags=0x10000004
SIGHUP: [libjvm.so+0x66f840], sa_mask[0]=0x7ffbfeff, sa_flags=0x10000004
SIGINT: [libjvm.so+0x66f840], sa_mask[0]=0x7ffbfeff, sa_flags=0x10000004
SIGTERM: [libjvm.so+0x66f840], sa_mask[0]=0x7ffbfeff, sa_flags=0x10000004
SIGQUIT: [libjvm.so+0x66f840], sa_mask[0]=0x7ffbfeff, sa_flags=0x10000004
SIGTRAP: SIG_DFL, sa_mask[0]=0x00000000, sa_flags=0x00000000


---------------  S Y S T E M  ---------------

OS:Linux
uname:Linux 3.18.6-1-ARCH #1 SMP PREEMPT Sat Feb 7 08:59:29 CET 2015 i686
libc:glibc 2.20 NPTL 2.20 
rlimit: STACK 8192k, CORE 0k, NPROC 15055, NOFILE 4096, AS infinity
load average:5.21 2.81 1.39

/proc/meminfo:
MemTotal:        1931220 kB
MemFree:          111820 kB
MemAvailable:      61288 kB
Buffers:             224 kB
Cached:            89288 kB
SwapCached:            0 kB
Active:          1663216 kB
Inactive:          75496 kB
Active(anon):    1659460 kB
Inactive(anon):    59724 kB
Active(file):       3756 kB
Inactive(file):    15772 kB
Unevictable:           0 kB
Mlocked:               0 kB
HighTotal:       1049856 kB
HighFree:          16344 kB
LowTotal:         881364 kB
LowFree:           95476 kB
SwapTotal:             0 kB
SwapFree:              0 kB
Dirty:               248 kB
Writeback:            40 kB
AnonPages:       1649620 kB
Mapped:            47444 kB
Shmem:             69564 kB
Slab:              29800 kB
SReclaimable:      16172 kB
SUnreclaim:        13628 kB
KernelStack:        2864 kB
PageTables:         7960 kB
NFS_Unstable:          0 kB
Bounce:                0 kB
WritebackTmp:          0 kB
CommitLimit:      965608 kB
Committed_AS:    3627992 kB
VmallocTotal:     122880 kB
VmallocUsed:       27412 kB
VmallocChunk:      92208 kB
HardwareCorrupted:     0 kB
AnonHugePages:    909312 kB
HugePages_Total:       0
HugePages_Free:        0
HugePages_Rsvd:        0
HugePages_Surp:        0
Hugepagesize:       4096 kB
DirectMap4k:       49144 kB
DirectMap4M:      860160 kB


CPU:total 2 (2 cores per cpu, 1 threads per core) family 6 model 23 stepping 10, cmov, cx8, fxsr, mmx, sse, sse2, sse3, ssse3, sse4.1, tsc

/proc/cpuinfo:
processor	: 0
vendor_id	: GenuineIntel
cpu family	: 6
model		: 23
model name	: Intel(R) Core(TM)2 Duo CPU     T6670  @ 2.20GHz
stepping	: 10
microcode	: 0xa07
cpu MHz		: 2201.000
cache size	: 2048 KB
physical id	: 0
siblings	: 2
core id		: 0
cpu cores	: 2
apicid		: 0
initial apicid	: 0
fdiv_bug	: no
f00f_bug	: no
coma_bug	: no
fpu		: yes
fpu_exception	: yes
cpuid level	: 13
wp		: yes
flags		: fpu vme de pse tsc msr pae mce cx8 apic sep mtrr pge mca cmov pat pse36 clflush dts acpi mmx fxsr sse sse2 ss ht tm pbe nx lm constant_tsc arch_perfmon pebs bts aperfmperf pni dtes64 monitor ds_cpl vmx est tm2 ssse3 cx16 xtpr pdcm sse4_1 xsave lahf_lm ida dtherm tpr_shadow vnmi flexpriority
bugs		:
bogomips	: 4390.65
clflush size	: 64
cache_alignment	: 64
address sizes	: 36 bits physical, 48 bits virtual
power management:

processor	: 1
vendor_id	: GenuineIntel
cpu family	: 6
model		: 23
model name	: Intel(R) Core(TM)2 Duo CPU     T6670  @ 2.20GHz
stepping	: 10
microcode	: 0xa07
cpu MHz		: 2201.000
cache size	: 2048 KB
physical id	: 0
siblings	: 2
core id		: 1
cpu cores	: 2
apicid		: 1
initial apicid	: 1
fdiv_bug	: no
f00f_bug	: no
coma_bug	: no
fpu		: yes
fpu_exception	: yes
cpuid level	: 13
wp		: yes
flags		: fpu vme de pse tsc msr pae mce cx8 apic sep mtrr pge mca cmov pat pse36 clflush dts acpi mmx fxsr sse sse2 ss ht tm pbe nx lm constant_tsc arch_perfmon pebs bts aperfmperf pni dtes64 monitor ds_cpl vmx est tm2 ssse3 cx16 xtpr pdcm sse4_1 xsave lahf_lm ida dtherm tpr_shadow vnmi flexpriority
bugs		:
bogomips	: 4390.65
clflush size	: 64
cache_alignment	: 64
address sizes	: 36 bits physical, 48 bits virtual
power management:



Memory: 4k page, physical 1931220k(110704k free), swap 0k(0k free)

vm_info: OpenJDK Server VM (24.75-b04) for linux-x86 JRE (1.7.0_75-b13), built on Jan 23 2015 12:19:02 by "builduser" with gcc 4.9.2 20141224 (prerelease)

time: Sat Apr 11 20:29:06 2015
elapsed time: 19 seconds

